{"D:\\Code\\React Native\\Yarn\\PomodoroTimer\\src\\components\\HelpModal.js": {"path":"D:\\Code\\React Native\\Yarn\\PomodoroTimer\\src\\components\\HelpModal.js","statementMap":{"0":{"start":{"line":10,"column":18},"end":{"line":64,"column":1}},"1":{"start":{"line":11,"column":2},"end":{"line":63,"column":4}},"2":{"start":{"line":15,"column":36},"end":{"line":15,"column":57}},"3":{"start":{"line":57,"column":25},"end":{"line":57,"column":46}}},"fnMap":{"0":{"name":"(anonymous_0)","decl":{"start":{"line":10,"column":18},"end":{"line":10,"column":19}},"loc":{"start":{"line":10,"column":65},"end":{"line":64,"column":1}},"line":10},"1":{"name":"(anonymous_1)","decl":{"start":{"line":15,"column":30},"end":{"line":15,"column":31}},"loc":{"start":{"line":15,"column":36},"end":{"line":15,"column":57}},"line":15},"2":{"name":"(anonymous_2)","decl":{"start":{"line":57,"column":19},"end":{"line":57,"column":20}},"loc":{"start":{"line":57,"column":25},"end":{"line":57,"column":46}},"line":57}},"branchMap":{},"s":{"0":1,"1":0,"2":0,"3":0},"f":{"0":0,"1":0,"2":0},"b":{},"_coverageSchema":"1a1c01bbd47fc00a2c39e90264f33305004495a9","hash":"29ad6df629784a8587c68cf35ec1c74f02e049e1"}
,"D:\\Code\\React Native\\Yarn\\PomodoroTimer\\src\\components\\SetttingsModal.js": {"path":"D:\\Code\\React Native\\Yarn\\PomodoroTimer\\src\\components\\SetttingsModal.js","statementMap":{"0":{"start":{"line":24,"column":17},"end":{"line":153,"column":1}},"1":{"start":{"line":25,"column":26},"end":{"line":25,"column":46}},"2":{"start":{"line":26,"column":30},"end":{"line":26,"column":50}},"3":{"start":{"line":27,"column":30},"end":{"line":27,"column":50}},"4":{"start":{"line":28,"column":40},"end":{"line":28,"column":60}},"5":{"start":{"line":29,"column":40},"end":{"line":29,"column":60}},"6":{"start":{"line":30,"column":38},"end":{"line":30,"column":58}},"7":{"start":{"line":31,"column":38},"end":{"line":31,"column":58}},"8":{"start":{"line":32,"column":19},"end":{"line":32,"column":32}},"9":{"start":{"line":33,"column":31},"end":{"line":33,"column":77}},"10":{"start":{"line":33,"column":52},"end":{"line":33,"column":76}},"11":{"start":{"line":34,"column":32},"end":{"line":34,"column":79}},"12":{"start":{"line":34,"column":53},"end":{"line":34,"column":78}},"13":{"start":{"line":35,"column":36},"end":{"line":37,"column":3}},"14":{"start":{"line":36,"column":13},"end":{"line":36,"column":42}},"15":{"start":{"line":39,"column":2},"end":{"line":152,"column":4}},"16":{"start":{"line":58,"column":16},"end":{"line":58,"column":30}},"17":{"start":{"line":68,"column":16},"end":{"line":68,"column":46}},"18":{"start":{"line":78,"column":16},"end":{"line":78,"column":46}},"19":{"start":{"line":93,"column":16},"end":{"line":93,"column":51}},"20":{"start":{"line":103,"column":16},"end":{"line":103,"column":51}},"21":{"start":{"line":118,"column":16},"end":{"line":118,"column":50}},"22":{"start":{"line":128,"column":16},"end":{"line":128,"column":50}},"23":{"start":{"line":134,"column":36},"end":{"line":134,"column":50}},"24":{"start":{"line":139,"column":14},"end":{"line":139,"column":64}},"25":{"start":{"line":140,"column":14},"end":{"line":140,"column":69}},"26":{"start":{"line":141,"column":14},"end":{"line":141,"column":71}},"27":{"start":{"line":142,"column":14},"end":{"line":142,"column":36}},"28":{"start":{"line":143,"column":14},"end":{"line":143,"column":40}},"29":{"start":{"line":144,"column":14},"end":{"line":144,"column":41}},"30":{"start":{"line":145,"column":14},"end":{"line":145,"column":45}}},"fnMap":{"0":{"name":"(anonymous_0)","decl":{"start":{"line":24,"column":17},"end":{"line":24,"column":18}},"loc":{"start":{"line":24,"column":57},"end":{"line":153,"column":1}},"line":24},"1":{"name":"(anonymous_1)","decl":{"start":{"line":33,"column":43},"end":{"line":33,"column":44}},"loc":{"start":{"line":33,"column":52},"end":{"line":33,"column":76}},"line":33},"2":{"name":"(anonymous_2)","decl":{"start":{"line":34,"column":44},"end":{"line":34,"column":45}},"loc":{"start":{"line":34,"column":53},"end":{"line":34,"column":78}},"line":34},"3":{"name":"(anonymous_3)","decl":{"start":{"line":36,"column":4},"end":{"line":36,"column":5}},"loc":{"start":{"line":36,"column":13},"end":{"line":36,"column":42}},"line":36},"4":{"name":"(anonymous_4)","decl":{"start":{"line":57,"column":28},"end":{"line":57,"column":29}},"loc":{"start":{"line":57,"column":36},"end":{"line":59,"column":15}},"line":57},"5":{"name":"(anonymous_5)","decl":{"start":{"line":67,"column":28},"end":{"line":67,"column":29}},"loc":{"start":{"line":67,"column":36},"end":{"line":69,"column":15}},"line":67},"6":{"name":"(anonymous_6)","decl":{"start":{"line":77,"column":28},"end":{"line":77,"column":29}},"loc":{"start":{"line":77,"column":36},"end":{"line":79,"column":15}},"line":77},"7":{"name":"(anonymous_7)","decl":{"start":{"line":92,"column":28},"end":{"line":92,"column":29}},"loc":{"start":{"line":92,"column":36},"end":{"line":94,"column":15}},"line":92},"8":{"name":"(anonymous_8)","decl":{"start":{"line":102,"column":28},"end":{"line":102,"column":29}},"loc":{"start":{"line":102,"column":36},"end":{"line":104,"column":15}},"line":102},"9":{"name":"(anonymous_9)","decl":{"start":{"line":117,"column":28},"end":{"line":117,"column":29}},"loc":{"start":{"line":117,"column":36},"end":{"line":119,"column":15}},"line":117},"10":{"name":"(anonymous_10)","decl":{"start":{"line":127,"column":28},"end":{"line":127,"column":29}},"loc":{"start":{"line":127,"column":36},"end":{"line":129,"column":15}},"line":127},"11":{"name":"(anonymous_11)","decl":{"start":{"line":134,"column":30},"end":{"line":134,"column":31}},"loc":{"start":{"line":134,"column":36},"end":{"line":134,"column":50}},"line":134},"12":{"name":"(anonymous_12)","decl":{"start":{"line":138,"column":21},"end":{"line":138,"column":22}},"loc":{"start":{"line":138,"column":27},"end":{"line":146,"column":13}},"line":138}},"branchMap":{},"s":{"0":1,"1":0,"2":0,"3":0,"4":0,"5":0,"6":0,"7":0,"8":0,"9":0,"10":0,"11":0,"12":0,"13":0,"14":0,"15":0,"16":0,"17":0,"18":0,"19":0,"20":0,"21":0,"22":0,"23":0,"24":0,"25":0,"26":0,"27":0,"28":0,"29":0,"30":0},"f":{"0":0,"1":0,"2":0,"3":0,"4":0,"5":0,"6":0,"7":0,"8":0,"9":0,"10":0,"11":0,"12":0},"b":{},"_coverageSchema":"1a1c01bbd47fc00a2c39e90264f33305004495a9","hash":"472788ac9c6870c5d8a9475df2b2cd07b4dfbbd1"}
,"D:\\Code\\React Native\\Yarn\\PomodoroTimer\\src\\functions\\PomodoroFunction.js": {"path":"D:\\Code\\React Native\\Yarn\\PomodoroTimer\\src\\functions\\PomodoroFunction.js","statementMap":{"0":{"start":{"line":9,"column":28},"end":{"line":23,"column":1}},"1":{"start":{"line":10,"column":22},"end":{"line":10,"column":54}},"2":{"start":{"line":11,"column":24},"end":{"line":11,"column":58}},"3":{"start":{"line":12,"column":24},"end":{"line":12,"column":51}},"4":{"start":{"line":14,"column":38},"end":{"line":14,"column":70}},"5":{"start":{"line":15,"column":37},"end":{"line":15,"column":75}},"6":{"start":{"line":16,"column":37},"end":{"line":16,"column":75}},"7":{"start":{"line":18,"column":2},"end":{"line":22,"column":4}},"8":{"start":{"line":25,"column":26},"end":{"line":35,"column":1}},"9":{"start":{"line":26,"column":2},"end":{"line":34,"column":11}},"10":{"start":{"line":27,"column":4},"end":{"line":33,"column":7}},"11":{"start":{"line":28,"column":6},"end":{"line":32,"column":7}},"12":{"start":{"line":29,"column":8},"end":{"line":29,"column":24}},"13":{"start":{"line":30,"column":13},"end":{"line":32,"column":7}},"14":{"start":{"line":31,"column":8},"end":{"line":31,"column":57}},"15":{"start":{"line":37,"column":28},"end":{"line":42,"column":1}},"16":{"start":{"line":38,"column":28},"end":{"line":38,"column":50}},"17":{"start":{"line":39,"column":2},"end":{"line":41,"column":27}},"18":{"start":{"line":39,"column":31},"end":{"line":39,"column":43}},"19":{"start":{"line":40,"column":7},"end":{"line":41,"column":27}},"20":{"start":{"line":40,"column":27},"end":{"line":40,"column":40}},"21":{"start":{"line":41,"column":7},"end":{"line":41,"column":27}},"22":{"start":{"line":44,"column":29},"end":{"line":50,"column":1}},"23":{"start":{"line":45,"column":2},"end":{"line":49,"column":5}},"24":{"start":{"line":52,"column":34},"end":{"line":62,"column":1}},"25":{"start":{"line":53,"column":2},"end":{"line":61,"column":5}},"26":{"start":{"line":64,"column":43},"end":{"line":74,"column":1}},"27":{"start":{"line":65,"column":2},"end":{"line":73,"column":5}},"28":{"start":{"line":76,"column":35},"end":{"line":85,"column":1}},"29":{"start":{"line":77,"column":2},"end":{"line":84,"column":5}}},"fnMap":{"0":{"name":"(anonymous_0)","decl":{"start":{"line":9,"column":28},"end":{"line":9,"column":29}},"loc":{"start":{"line":9,"column":60},"end":{"line":23,"column":1}},"line":9},"1":{"name":"(anonymous_1)","decl":{"start":{"line":25,"column":26},"end":{"line":25,"column":27}},"loc":{"start":{"line":25,"column":61},"end":{"line":35,"column":1}},"line":25},"2":{"name":"(anonymous_2)","decl":{"start":{"line":26,"column":48},"end":{"line":26,"column":49}},"loc":{"start":{"line":26,"column":54},"end":{"line":34,"column":3}},"line":26},"3":{"name":"(anonymous_3)","decl":{"start":{"line":27,"column":18},"end":{"line":27,"column":19}},"loc":{"start":{"line":27,"column":26},"end":{"line":33,"column":5}},"line":27},"4":{"name":"(anonymous_4)","decl":{"start":{"line":37,"column":28},"end":{"line":37,"column":29}},"loc":{"start":{"line":37,"column":73},"end":{"line":42,"column":1}},"line":37},"5":{"name":"(anonymous_5)","decl":{"start":{"line":44,"column":29},"end":{"line":44,"column":30}},"loc":{"start":{"line":44,"column":41},"end":{"line":50,"column":1}},"line":44},"6":{"name":"(anonymous_6)","decl":{"start":{"line":52,"column":34},"end":{"line":52,"column":35}},"loc":{"start":{"line":52,"column":74},"end":{"line":62,"column":1}},"line":52},"7":{"name":"(anonymous_7)","decl":{"start":{"line":64,"column":43},"end":{"line":64,"column":44}},"loc":{"start":{"line":64,"column":55},"end":{"line":74,"column":1}},"line":64},"8":{"name":"(anonymous_8)","decl":{"start":{"line":76,"column":35},"end":{"line":76,"column":36}},"loc":{"start":{"line":76,"column":75},"end":{"line":85,"column":1}},"line":76}},"branchMap":{"0":{"loc":{"start":{"line":14,"column":38},"end":{"line":14,"column":70}},"type":"cond-expr","locations":[{"start":{"line":14,"column":51},"end":{"line":14,"column":62}},{"start":{"line":14,"column":65},"end":{"line":14,"column":70}}],"line":14},"1":{"loc":{"start":{"line":15,"column":37},"end":{"line":15,"column":75}},"type":"cond-expr","locations":[{"start":{"line":15,"column":52},"end":{"line":15,"column":65}},{"start":{"line":15,"column":68},"end":{"line":15,"column":75}}],"line":15},"2":{"loc":{"start":{"line":16,"column":37},"end":{"line":16,"column":75}},"type":"cond-expr","locations":[{"start":{"line":16,"column":52},"end":{"line":16,"column":65}},{"start":{"line":16,"column":68},"end":{"line":16,"column":75}}],"line":16},"3":{"loc":{"start":{"line":28,"column":6},"end":{"line":32,"column":7}},"type":"if","locations":[{"start":{"line":28,"column":6},"end":{"line":32,"column":7}},{"start":{"line":30,"column":13},"end":{"line":32,"column":7}}],"line":28},"4":{"loc":{"start":{"line":30,"column":13},"end":{"line":32,"column":7}},"type":"if","locations":[{"start":{"line":30,"column":13},"end":{"line":32,"column":7}},{"start":{},"end":{}}],"line":30},"5":{"loc":{"start":{"line":39,"column":2},"end":{"line":41,"column":27}},"type":"if","locations":[{"start":{"line":39,"column":2},"end":{"line":41,"column":27}},{"start":{"line":40,"column":7},"end":{"line":41,"column":27}}],"line":39},"6":{"loc":{"start":{"line":40,"column":7},"end":{"line":41,"column":27}},"type":"if","locations":[{"start":{"line":40,"column":7},"end":{"line":41,"column":27}},{"start":{"line":41,"column":7},"end":{"line":41,"column":27}}],"line":40}},"s":{"0":2,"1":1,"2":1,"3":1,"4":1,"5":1,"6":1,"7":1,"8":2,"9":0,"10":0,"11":0,"12":0,"13":0,"14":0,"15":2,"16":3,"17":3,"18":1,"19":2,"20":1,"21":1,"22":2,"23":0,"24":2,"25":0,"26":2,"27":0,"28":2,"29":0},"f":{"0":1,"1":0,"2":0,"3":0,"4":3,"5":0,"6":0,"7":0,"8":0},"b":{"0":[1,0],"1":[0,1],"2":[1,0],"3":[0,0],"4":[0,0],"5":[1,2],"6":[1,1]},"_coverageSchema":"1a1c01bbd47fc00a2c39e90264f33305004495a9","hash":"d39c76a5f2c2df078bfad910f9856db07ace1c56"}
,"D:\\Code\\React Native\\Yarn\\PomodoroTimer\\src\\redux\\redux.js": {"path":"D:\\Code\\React Native\\Yarn\\PomodoroTimer\\src\\redux\\redux.js","statementMap":{"0":{"start":{"line":1,"column":33},"end":{"line":1,"column":51}},"1":{"start":{"line":2,"column":38},"end":{"line":2,"column":61}},"2":{"start":{"line":3,"column":42},"end":{"line":3,"column":69}},"3":{"start":{"line":4,"column":23},"end":{"line":4,"column":32}},"4":{"start":{"line":6,"column":33},"end":{"line":11,"column":2}},"5":{"start":{"line":6,"column":57},"end":{"line":11,"column":1}},"6":{"start":{"line":13,"column":34},"end":{"line":17,"column":2}},"7":{"start":{"line":13,"column":53},"end":{"line":17,"column":1}},"8":{"start":{"line":19,"column":38},"end":{"line":23,"column":2}},"9":{"start":{"line":19,"column":57},"end":{"line":23,"column":1}},"10":{"start":{"line":25,"column":18},"end":{"line":29,"column":1}},"11":{"start":{"line":31,"column":27},"end":{"line":62,"column":1}},"12":{"start":{"line":32,"column":4},"end":{"line":61,"column":5}},"13":{"start":{"line":35,"column":33},"end":{"line":35,"column":62}},"14":{"start":{"line":36,"column":35},"end":{"line":36,"column":64}},"15":{"start":{"line":37,"column":24},"end":{"line":37,"column":76}},"16":{"start":{"line":39,"column":12},"end":{"line":42,"column":13}},"17":{"start":{"line":44,"column":40},"end":{"line":44,"column":70}},"18":{"start":{"line":45,"column":29},"end":{"line":45,"column":74}},"19":{"start":{"line":47,"column":12},"end":{"line":50,"column":13}},"20":{"start":{"line":52,"column":44},"end":{"line":52,"column":78}},"21":{"start":{"line":53,"column":33},"end":{"line":53,"column":86}},"22":{"start":{"line":55,"column":12},"end":{"line":58,"column":13}},"23":{"start":{"line":60,"column":12},"end":{"line":60,"column":24}}},"fnMap":{"0":{"name":"(anonymous_0)","decl":{"start":{"line":6,"column":33},"end":{"line":6,"column":34}},"loc":{"start":{"line":6,"column":57},"end":{"line":11,"column":1}},"line":6},"1":{"name":"(anonymous_1)","decl":{"start":{"line":13,"column":34},"end":{"line":13,"column":35}},"loc":{"start":{"line":13,"column":53},"end":{"line":17,"column":1}},"line":13},"2":{"name":"(anonymous_2)","decl":{"start":{"line":19,"column":38},"end":{"line":19,"column":39}},"loc":{"start":{"line":19,"column":57},"end":{"line":23,"column":1}},"line":19},"3":{"name":"(anonymous_3)","decl":{"start":{"line":31,"column":27},"end":{"line":31,"column":28}},"loc":{"start":{"line":31,"column":58},"end":{"line":62,"column":1}},"line":31}},"branchMap":{"0":{"loc":{"start":{"line":31,"column":28},"end":{"line":31,"column":46}},"type":"default-arg","locations":[{"start":{"line":31,"column":34},"end":{"line":31,"column":46}}],"line":31},"1":{"loc":{"start":{"line":32,"column":4},"end":{"line":61,"column":5}},"type":"switch","locations":[{"start":{"line":33,"column":8},"end":{"line":42,"column":13}},{"start":{"line":43,"column":8},"end":{"line":50,"column":13}},{"start":{"line":51,"column":8},"end":{"line":58,"column":13}},{"start":{"line":59,"column":8},"end":{"line":60,"column":24}}],"line":32}},"s":{"0":1,"1":1,"2":1,"3":1,"4":1,"5":0,"6":1,"7":0,"8":1,"9":0,"10":1,"11":1,"12":0,"13":0,"14":0,"15":0,"16":0,"17":0,"18":0,"19":0,"20":0,"21":0,"22":0,"23":0},"f":{"0":0,"1":0,"2":0,"3":0},"b":{"0":[0],"1":[0,0,0,0]},"_coverageSchema":"1a1c01bbd47fc00a2c39e90264f33305004495a9","hash":"43cc193e55101a8f807fdf2243faf7fc38dcd994"}
,"D:\\Code\\React Native\\Yarn\\PomodoroTimer\\src\\screens\\Pomodoro.js": {"path":"D:\\Code\\React Native\\Yarn\\PomodoroTimer\\src\\screens\\Pomodoro.js","statementMap":{"0":{"start":{"line":31,"column":17},"end":{"line":175,"column":1}},"1":{"start":{"line":32,"column":28},"end":{"line":32,"column":58}},"2":{"start":{"line":33,"column":32},"end":{"line":33,"column":78}},"3":{"start":{"line":33,"column":53},"end":{"line":33,"column":77}},"4":{"start":{"line":34,"column":29},"end":{"line":34,"column":76}},"5":{"start":{"line":34,"column":50},"end":{"line":34,"column":75}},"6":{"start":{"line":35,"column":33},"end":{"line":37,"column":3}},"7":{"start":{"line":36,"column":13},"end":{"line":36,"column":42}},"8":{"start":{"line":38,"column":38},"end":{"line":38,"column":69}},"9":{"start":{"line":39,"column":32},"end":{"line":39,"column":56}},"10":{"start":{"line":40,"column":38},"end":{"line":40,"column":62}},"11":{"start":{"line":41,"column":28},"end":{"line":41,"column":47}},"12":{"start":{"line":42,"column":28},"end":{"line":42,"column":62}},"13":{"start":{"line":43,"column":28},"end":{"line":45,"column":3}},"14":{"start":{"line":46,"column":36},"end":{"line":46,"column":55}},"15":{"start":{"line":47,"column":26},"end":{"line":47,"column":50}},"16":{"start":{"line":49,"column":2},"end":{"line":51,"column":9}},"17":{"start":{"line":50,"column":4},"end":{"line":50,"column":20}},"18":{"start":{"line":53,"column":2},"end":{"line":61,"column":16}},"19":{"start":{"line":54,"column":4},"end":{"line":56,"column":60}},"20":{"start":{"line":55,"column":6},"end":{"line":55,"column":32}},"21":{"start":{"line":56,"column":11},"end":{"line":56,"column":60}},"22":{"start":{"line":58,"column":4},"end":{"line":60,"column":6}},"23":{"start":{"line":59,"column":6},"end":{"line":59,"column":55}},"24":{"start":{"line":63,"column":2},"end":{"line":95,"column":19}},"25":{"start":{"line":64,"column":4},"end":{"line":94,"column":5}},"26":{"start":{"line":65,"column":6},"end":{"line":92,"column":7}},"27":{"start":{"line":66,"column":8},"end":{"line":66,"column":41}},"28":{"start":{"line":67,"column":8},"end":{"line":67,"column":63}},"29":{"start":{"line":68,"column":8},"end":{"line":68,"column":37}},"30":{"start":{"line":69,"column":8},"end":{"line":69,"column":28}},"31":{"start":{"line":70,"column":8},"end":{"line":70,"column":36}},"32":{"start":{"line":71,"column":8},"end":{"line":71,"column":32}},"33":{"start":{"line":72,"column":8},"end":{"line":72,"column":41}},"34":{"start":{"line":73,"column":8},"end":{"line":73,"column":32}},"35":{"start":{"line":74,"column":13},"end":{"line":92,"column":7}},"36":{"start":{"line":75,"column":8},"end":{"line":91,"column":9}},"37":{"start":{"line":76,"column":10},"end":{"line":76,"column":37}},"38":{"start":{"line":77,"column":10},"end":{"line":77,"column":62}},"39":{"start":{"line":78,"column":10},"end":{"line":78,"column":36}},"40":{"start":{"line":79,"column":10},"end":{"line":79,"column":30}},"41":{"start":{"line":80,"column":10},"end":{"line":80,"column":50}},"42":{"start":{"line":81,"column":10},"end":{"line":81,"column":43}},"43":{"start":{"line":82,"column":10},"end":{"line":82,"column":34}},"44":{"start":{"line":83,"column":15},"end":{"line":91,"column":9}},"45":{"start":{"line":84,"column":10},"end":{"line":84,"column":42}},"46":{"start":{"line":85,"column":10},"end":{"line":85,"column":61}},"47":{"start":{"line":86,"column":10},"end":{"line":86,"column":40}},"48":{"start":{"line":87,"column":10},"end":{"line":87,"column":22}},"49":{"start":{"line":88,"column":10},"end":{"line":88,"column":51}},"50":{"start":{"line":89,"column":10},"end":{"line":89,"column":40}},"51":{"start":{"line":90,"column":10},"end":{"line":90,"column":34}},"52":{"start":{"line":97,"column":2},"end":{"line":174,"column":4}},"53":{"start":{"line":102,"column":32},"end":{"line":102,"column":45}},"54":{"start":{"line":119,"column":16},"end":{"line":119,"column":33}},"55":{"start":{"line":120,"column":16},"end":{"line":120,"column":39}},"56":{"start":{"line":127,"column":16},"end":{"line":127,"column":34}},"57":{"start":{"line":128,"column":16},"end":{"line":128,"column":40}},"58":{"start":{"line":135,"column":14},"end":{"line":135,"column":63}},"59":{"start":{"line":136,"column":14},"end":{"line":136,"column":43}},"60":{"start":{"line":137,"column":14},"end":{"line":137,"column":26}},"61":{"start":{"line":138,"column":14},"end":{"line":138,"column":32}},"62":{"start":{"line":139,"column":14},"end":{"line":139,"column":37}},"63":{"start":{"line":140,"column":14},"end":{"line":140,"column":30}},"64":{"start":{"line":157,"column":14},"end":{"line":159,"column":45}}},"fnMap":{"0":{"name":"(anonymous_0)","decl":{"start":{"line":31,"column":17},"end":{"line":31,"column":18}},"loc":{"start":{"line":31,"column":35},"end":{"line":175,"column":1}},"line":31},"1":{"name":"(anonymous_1)","decl":{"start":{"line":33,"column":44},"end":{"line":33,"column":45}},"loc":{"start":{"line":33,"column":53},"end":{"line":33,"column":77}},"line":33},"2":{"name":"(anonymous_2)","decl":{"start":{"line":34,"column":41},"end":{"line":34,"column":42}},"loc":{"start":{"line":34,"column":50},"end":{"line":34,"column":75}},"line":34},"3":{"name":"(anonymous_3)","decl":{"start":{"line":36,"column":4},"end":{"line":36,"column":5}},"loc":{"start":{"line":36,"column":13},"end":{"line":36,"column":42}},"line":36},"4":{"name":"(anonymous_4)","decl":{"start":{"line":49,"column":12},"end":{"line":49,"column":13}},"loc":{"start":{"line":49,"column":18},"end":{"line":51,"column":3}},"line":49},"5":{"name":"(anonymous_5)","decl":{"start":{"line":53,"column":12},"end":{"line":53,"column":13}},"loc":{"start":{"line":53,"column":18},"end":{"line":61,"column":3}},"line":53},"6":{"name":"(anonymous_6)","decl":{"start":{"line":58,"column":11},"end":{"line":58,"column":12}},"loc":{"start":{"line":58,"column":17},"end":{"line":60,"column":5}},"line":58},"7":{"name":"(anonymous_7)","decl":{"start":{"line":63,"column":12},"end":{"line":63,"column":13}},"loc":{"start":{"line":63,"column":18},"end":{"line":95,"column":3}},"line":63},"8":{"name":"(anonymous_8)","decl":{"start":{"line":102,"column":26},"end":{"line":102,"column":27}},"loc":{"start":{"line":102,"column":32},"end":{"line":102,"column":45}},"line":102},"9":{"name":"(anonymous_9)","decl":{"start":{"line":118,"column":23},"end":{"line":118,"column":24}},"loc":{"start":{"line":118,"column":29},"end":{"line":121,"column":15}},"line":118},"10":{"name":"(anonymous_10)","decl":{"start":{"line":126,"column":23},"end":{"line":126,"column":24}},"loc":{"start":{"line":126,"column":29},"end":{"line":129,"column":15}},"line":126},"11":{"name":"(anonymous_11)","decl":{"start":{"line":134,"column":21},"end":{"line":134,"column":22}},"loc":{"start":{"line":134,"column":27},"end":{"line":141,"column":13}},"line":134},"12":{"name":"(anonymous_12)","decl":{"start":{"line":155,"column":19},"end":{"line":155,"column":20}},"loc":{"start":{"line":155,"column":25},"end":{"line":161,"column":11}},"line":155}},"branchMap":{"0":{"loc":{"start":{"line":54,"column":4},"end":{"line":56,"column":60}},"type":"if","locations":[{"start":{"line":54,"column":4},"end":{"line":56,"column":60}},{"start":{"line":56,"column":11},"end":{"line":56,"column":60}}],"line":54},"1":{"loc":{"start":{"line":64,"column":4},"end":{"line":94,"column":5}},"type":"if","locations":[{"start":{"line":64,"column":4},"end":{"line":94,"column":5}},{"start":{},"end":{}}],"line":64},"2":{"loc":{"start":{"line":65,"column":6},"end":{"line":92,"column":7}},"type":"if","locations":[{"start":{"line":65,"column":6},"end":{"line":92,"column":7}},{"start":{"line":74,"column":13},"end":{"line":92,"column":7}}],"line":65},"3":{"loc":{"start":{"line":74,"column":13},"end":{"line":92,"column":7}},"type":"if","locations":[{"start":{"line":74,"column":13},"end":{"line":92,"column":7}},{"start":{},"end":{}}],"line":74},"4":{"loc":{"start":{"line":75,"column":8},"end":{"line":91,"column":9}},"type":"if","locations":[{"start":{"line":75,"column":8},"end":{"line":91,"column":9}},{"start":{"line":83,"column":15},"end":{"line":91,"column":9}}],"line":75},"5":{"loc":{"start":{"line":83,"column":15},"end":{"line":91,"column":9}},"type":"if","locations":[{"start":{"line":83,"column":15},"end":{"line":91,"column":9}},{"start":{},"end":{}}],"line":83},"6":{"loc":{"start":{"line":116,"column":11},"end":{"line":132,"column":11}},"type":"cond-expr","locations":[{"start":{"line":117,"column":12},"end":{"line":123,"column":24}},{"start":{"line":125,"column":12},"end":{"line":131,"column":24}}],"line":116},"7":{"loc":{"start":{"line":157,"column":14},"end":{"line":159,"column":44}},"type":"cond-expr","locations":[{"start":{"line":158,"column":18},"end":{"line":158,"column":70}},{"start":{"line":159,"column":18},"end":{"line":159,"column":44}}],"line":157}},"s":{"0":1,"1":0,"2":0,"3":0,"4":0,"5":0,"6":0,"7":0,"8":0,"9":0,"10":0,"11":0,"12":0,"13":0,"14":0,"15":0,"16":0,"17":0,"18":0,"19":0,"20":0,"21":0,"22":0,"23":0,"24":0,"25":0,"26":0,"27":0,"28":0,"29":0,"30":0,"31":0,"32":0,"33":0,"34":0,"35":0,"36":0,"37":0,"38":0,"39":0,"40":0,"41":0,"42":0,"43":0,"44":0,"45":0,"46":0,"47":0,"48":0,"49":0,"50":0,"51":0,"52":0,"53":0,"54":0,"55":0,"56":0,"57":0,"58":0,"59":0,"60":0,"61":0,"62":0,"63":0,"64":0},"f":{"0":0,"1":0,"2":0,"3":0,"4":0,"5":0,"6":0,"7":0,"8":0,"9":0,"10":0,"11":0,"12":0},"b":{"0":[0,0],"1":[0,0],"2":[0,0],"3":[0,0],"4":[0,0],"5":[0,0],"6":[0,0],"7":[0,0]},"_coverageSchema":"1a1c01bbd47fc00a2c39e90264f33305004495a9","hash":"becb272ba245505321fd4581b78391ab5c321bf7"}
,"D:\\Code\\React Native\\Yarn\\PomodoroTimer\\src\\styles\\HelpModalStyle.js": {"path":"D:\\Code\\React Native\\Yarn\\PomodoroTimer\\src\\styles\\HelpModalStyle.js","statementMap":{},"fnMap":{},"branchMap":{},"s":{},"f":{},"b":{},"_coverageSchema":"1a1c01bbd47fc00a2c39e90264f33305004495a9","hash":"253aa3e79fa6cf03c275a0c0010739101b3f3a54"}
,"D:\\Code\\React Native\\Yarn\\PomodoroTimer\\src\\styles\\Pomodorostyles.js": {"path":"D:\\Code\\React Native\\Yarn\\PomodoroTimer\\src\\styles\\Pomodorostyles.js","statementMap":{},"fnMap":{},"branchMap":{},"s":{},"f":{},"b":{},"_coverageSchema":"1a1c01bbd47fc00a2c39e90264f33305004495a9","hash":"3d5c42e6c84c677cb3786eadae6748fb6a63667f"}
,"D:\\Code\\React Native\\Yarn\\PomodoroTimer\\src\\styles\\SettingsStyle.js": {"path":"D:\\Code\\React Native\\Yarn\\PomodoroTimer\\src\\styles\\SettingsStyle.js","statementMap":{},"fnMap":{},"branchMap":{},"s":{},"f":{},"b":{},"_coverageSchema":"1a1c01bbd47fc00a2c39e90264f33305004495a9","hash":"a2cfef4e9e738f0ada8ac19c6dfa68b17663b6d2"}
}
