{"D:\\Code\\React Native\\Yarn\\PomodoroTimer\\src\\components\\HelpModal.js": {"path":"D:\\Code\\React Native\\Yarn\\PomodoroTimer\\src\\components\\HelpModal.js","statementMap":{"0":{"start":{"line":12,"column":18},"end":{"line":66,"column":1}},"1":{"start":{"line":13,"column":2},"end":{"line":65,"column":4}},"2":{"start":{"line":17,"column":36},"end":{"line":17,"column":57}},"3":{"start":{"line":59,"column":25},"end":{"line":59,"column":46}}},"fnMap":{"0":{"name":"(anonymous_0)","decl":{"start":{"line":12,"column":18},"end":{"line":12,"column":19}},"loc":{"start":{"line":12,"column":75},"end":{"line":66,"column":1}},"line":12},"1":{"name":"(anonymous_1)","decl":{"start":{"line":17,"column":30},"end":{"line":17,"column":31}},"loc":{"start":{"line":17,"column":36},"end":{"line":17,"column":57}},"line":17},"2":{"name":"(anonymous_2)","decl":{"start":{"line":59,"column":19},"end":{"line":59,"column":20}},"loc":{"start":{"line":59,"column":25},"end":{"line":59,"column":46}},"line":59}},"branchMap":{},"s":{"0":1,"1":0,"2":0,"3":0},"f":{"0":0,"1":0,"2":0},"b":{},"_coverageSchema":"1a1c01bbd47fc00a2c39e90264f33305004495a9","hash":"bd0801b1fe70dfaf9f51dfd184a13053ca02bc46"}
,"D:\\Code\\React Native\\Yarn\\PomodoroTimer\\src\\components\\SetttingsModal.js": {"path":"D:\\Code\\React Native\\Yarn\\PomodoroTimer\\src\\components\\SetttingsModal.js","statementMap":{"0":{"start":{"line":27,"column":17},"end":{"line":150,"column":1}},"1":{"start":{"line":28,"column":26},"end":{"line":28,"column":46}},"2":{"start":{"line":29,"column":30},"end":{"line":29,"column":50}},"3":{"start":{"line":30,"column":30},"end":{"line":30,"column":50}},"4":{"start":{"line":31,"column":40},"end":{"line":31,"column":60}},"5":{"start":{"line":32,"column":40},"end":{"line":32,"column":60}},"6":{"start":{"line":33,"column":38},"end":{"line":33,"column":58}},"7":{"start":{"line":34,"column":38},"end":{"line":34,"column":58}},"8":{"start":{"line":35,"column":30},"end":{"line":35,"column":43}},"9":{"start":{"line":36,"column":31},"end":{"line":36,"column":77}},"10":{"start":{"line":36,"column":52},"end":{"line":36,"column":76}},"11":{"start":{"line":37,"column":32},"end":{"line":37,"column":79}},"12":{"start":{"line":37,"column":53},"end":{"line":37,"column":78}},"13":{"start":{"line":38,"column":36},"end":{"line":38,"column":87}},"14":{"start":{"line":38,"column":57},"end":{"line":38,"column":86}},"15":{"start":{"line":40,"column":2},"end":{"line":149,"column":4}},"16":{"start":{"line":59,"column":16},"end":{"line":59,"column":30}},"17":{"start":{"line":69,"column":16},"end":{"line":69,"column":46}},"18":{"start":{"line":79,"column":16},"end":{"line":79,"column":46}},"19":{"start":{"line":94,"column":16},"end":{"line":94,"column":51}},"20":{"start":{"line":104,"column":16},"end":{"line":104,"column":51}},"21":{"start":{"line":119,"column":16},"end":{"line":119,"column":50}},"22":{"start":{"line":129,"column":16},"end":{"line":129,"column":50}},"23":{"start":{"line":135,"column":36},"end":{"line":135,"column":50}},"24":{"start":{"line":140,"column":14},"end":{"line":140,"column":64}},"25":{"start":{"line":141,"column":14},"end":{"line":141,"column":69}},"26":{"start":{"line":142,"column":14},"end":{"line":142,"column":71}}},"fnMap":{"0":{"name":"(anonymous_0)","decl":{"start":{"line":27,"column":17},"end":{"line":27,"column":18}},"loc":{"start":{"line":27,"column":73},"end":{"line":150,"column":1}},"line":27},"1":{"name":"(anonymous_1)","decl":{"start":{"line":36,"column":43},"end":{"line":36,"column":44}},"loc":{"start":{"line":36,"column":52},"end":{"line":36,"column":76}},"line":36},"2":{"name":"(anonymous_2)","decl":{"start":{"line":37,"column":44},"end":{"line":37,"column":45}},"loc":{"start":{"line":37,"column":53},"end":{"line":37,"column":78}},"line":37},"3":{"name":"(anonymous_3)","decl":{"start":{"line":38,"column":48},"end":{"line":38,"column":49}},"loc":{"start":{"line":38,"column":57},"end":{"line":38,"column":86}},"line":38},"4":{"name":"(anonymous_4)","decl":{"start":{"line":58,"column":28},"end":{"line":58,"column":29}},"loc":{"start":{"line":58,"column":36},"end":{"line":60,"column":15}},"line":58},"5":{"name":"(anonymous_5)","decl":{"start":{"line":68,"column":28},"end":{"line":68,"column":29}},"loc":{"start":{"line":68,"column":36},"end":{"line":70,"column":15}},"line":68},"6":{"name":"(anonymous_6)","decl":{"start":{"line":78,"column":28},"end":{"line":78,"column":29}},"loc":{"start":{"line":78,"column":36},"end":{"line":80,"column":15}},"line":78},"7":{"name":"(anonymous_7)","decl":{"start":{"line":93,"column":28},"end":{"line":93,"column":29}},"loc":{"start":{"line":93,"column":36},"end":{"line":95,"column":15}},"line":93},"8":{"name":"(anonymous_8)","decl":{"start":{"line":103,"column":28},"end":{"line":103,"column":29}},"loc":{"start":{"line":103,"column":36},"end":{"line":105,"column":15}},"line":103},"9":{"name":"(anonymous_9)","decl":{"start":{"line":118,"column":28},"end":{"line":118,"column":29}},"loc":{"start":{"line":118,"column":36},"end":{"line":120,"column":15}},"line":118},"10":{"name":"(anonymous_10)","decl":{"start":{"line":128,"column":28},"end":{"line":128,"column":29}},"loc":{"start":{"line":128,"column":36},"end":{"line":130,"column":15}},"line":128},"11":{"name":"(anonymous_11)","decl":{"start":{"line":135,"column":30},"end":{"line":135,"column":31}},"loc":{"start":{"line":135,"column":36},"end":{"line":135,"column":50}},"line":135},"12":{"name":"(anonymous_12)","decl":{"start":{"line":139,"column":21},"end":{"line":139,"column":22}},"loc":{"start":{"line":139,"column":27},"end":{"line":143,"column":13}},"line":139}},"branchMap":{},"s":{"0":2,"1":0,"2":0,"3":0,"4":0,"5":0,"6":0,"7":0,"8":0,"9":0,"10":0,"11":0,"12":0,"13":0,"14":0,"15":0,"16":0,"17":0,"18":0,"19":0,"20":0,"21":0,"22":0,"23":0,"24":0,"25":0,"26":0},"f":{"0":0,"1":0,"2":0,"3":0,"4":0,"5":0,"6":0,"7":0,"8":0,"9":0,"10":0,"11":0,"12":0},"b":{},"_coverageSchema":"1a1c01bbd47fc00a2c39e90264f33305004495a9","hash":"e4a9c1ab7e3acdf7acc8566975409883517b4930"}
,"D:\\Code\\React Native\\Yarn\\PomodoroTimer\\src\\functions\\PomodoroFunction.js": {"path":"D:\\Code\\React Native\\Yarn\\PomodoroTimer\\src\\functions\\PomodoroFunction.js","statementMap":{"0":{"start":{"line":9,"column":28},"end":{"line":23,"column":1}},"1":{"start":{"line":10,"column":22},"end":{"line":10,"column":54}},"2":{"start":{"line":11,"column":24},"end":{"line":11,"column":58}},"3":{"start":{"line":12,"column":24},"end":{"line":12,"column":51}},"4":{"start":{"line":14,"column":38},"end":{"line":14,"column":70}},"5":{"start":{"line":15,"column":37},"end":{"line":15,"column":75}},"6":{"start":{"line":16,"column":37},"end":{"line":16,"column":75}},"7":{"start":{"line":18,"column":2},"end":{"line":22,"column":4}},"8":{"start":{"line":25,"column":26},"end":{"line":35,"column":1}},"9":{"start":{"line":26,"column":2},"end":{"line":34,"column":11}},"10":{"start":{"line":27,"column":4},"end":{"line":33,"column":7}},"11":{"start":{"line":28,"column":6},"end":{"line":32,"column":7}},"12":{"start":{"line":29,"column":8},"end":{"line":29,"column":24}},"13":{"start":{"line":30,"column":13},"end":{"line":32,"column":7}},"14":{"start":{"line":31,"column":8},"end":{"line":31,"column":57}},"15":{"start":{"line":37,"column":28},"end":{"line":42,"column":1}},"16":{"start":{"line":38,"column":28},"end":{"line":38,"column":50}},"17":{"start":{"line":39,"column":2},"end":{"line":41,"column":27}},"18":{"start":{"line":39,"column":31},"end":{"line":39,"column":43}},"19":{"start":{"line":40,"column":7},"end":{"line":41,"column":27}},"20":{"start":{"line":40,"column":27},"end":{"line":40,"column":40}},"21":{"start":{"line":41,"column":7},"end":{"line":41,"column":27}},"22":{"start":{"line":44,"column":27},"end":{"line":50,"column":1}},"23":{"start":{"line":45,"column":2},"end":{"line":49,"column":5}},"24":{"start":{"line":52,"column":34},"end":{"line":62,"column":1}},"25":{"start":{"line":53,"column":2},"end":{"line":61,"column":5}},"26":{"start":{"line":64,"column":43},"end":{"line":74,"column":1}},"27":{"start":{"line":65,"column":2},"end":{"line":73,"column":5}},"28":{"start":{"line":76,"column":35},"end":{"line":85,"column":1}},"29":{"start":{"line":77,"column":2},"end":{"line":84,"column":5}}},"fnMap":{"0":{"name":"(anonymous_0)","decl":{"start":{"line":9,"column":28},"end":{"line":9,"column":29}},"loc":{"start":{"line":9,"column":60},"end":{"line":23,"column":1}},"line":9},"1":{"name":"(anonymous_1)","decl":{"start":{"line":25,"column":26},"end":{"line":25,"column":27}},"loc":{"start":{"line":25,"column":61},"end":{"line":35,"column":1}},"line":25},"2":{"name":"(anonymous_2)","decl":{"start":{"line":26,"column":48},"end":{"line":26,"column":49}},"loc":{"start":{"line":26,"column":54},"end":{"line":34,"column":3}},"line":26},"3":{"name":"(anonymous_3)","decl":{"start":{"line":27,"column":18},"end":{"line":27,"column":19}},"loc":{"start":{"line":27,"column":26},"end":{"line":33,"column":5}},"line":27},"4":{"name":"(anonymous_4)","decl":{"start":{"line":37,"column":28},"end":{"line":37,"column":29}},"loc":{"start":{"line":37,"column":73},"end":{"line":42,"column":1}},"line":37},"5":{"name":"(anonymous_5)","decl":{"start":{"line":44,"column":27},"end":{"line":44,"column":28}},"loc":{"start":{"line":44,"column":39},"end":{"line":50,"column":1}},"line":44},"6":{"name":"(anonymous_6)","decl":{"start":{"line":52,"column":34},"end":{"line":52,"column":35}},"loc":{"start":{"line":52,"column":74},"end":{"line":62,"column":1}},"line":52},"7":{"name":"(anonymous_7)","decl":{"start":{"line":64,"column":43},"end":{"line":64,"column":44}},"loc":{"start":{"line":64,"column":55},"end":{"line":74,"column":1}},"line":64},"8":{"name":"(anonymous_8)","decl":{"start":{"line":76,"column":35},"end":{"line":76,"column":36}},"loc":{"start":{"line":76,"column":75},"end":{"line":85,"column":1}},"line":76}},"branchMap":{"0":{"loc":{"start":{"line":14,"column":38},"end":{"line":14,"column":70}},"type":"cond-expr","locations":[{"start":{"line":14,"column":51},"end":{"line":14,"column":62}},{"start":{"line":14,"column":65},"end":{"line":14,"column":70}}],"line":14},"1":{"loc":{"start":{"line":15,"column":37},"end":{"line":15,"column":75}},"type":"cond-expr","locations":[{"start":{"line":15,"column":52},"end":{"line":15,"column":65}},{"start":{"line":15,"column":68},"end":{"line":15,"column":75}}],"line":15},"2":{"loc":{"start":{"line":16,"column":37},"end":{"line":16,"column":75}},"type":"cond-expr","locations":[{"start":{"line":16,"column":52},"end":{"line":16,"column":65}},{"start":{"line":16,"column":68},"end":{"line":16,"column":75}}],"line":16},"3":{"loc":{"start":{"line":28,"column":6},"end":{"line":32,"column":7}},"type":"if","locations":[{"start":{"line":28,"column":6},"end":{"line":32,"column":7}},{"start":{"line":30,"column":13},"end":{"line":32,"column":7}}],"line":28},"4":{"loc":{"start":{"line":30,"column":13},"end":{"line":32,"column":7}},"type":"if","locations":[{"start":{"line":30,"column":13},"end":{"line":32,"column":7}},{"start":{},"end":{}}],"line":30},"5":{"loc":{"start":{"line":39,"column":2},"end":{"line":41,"column":27}},"type":"if","locations":[{"start":{"line":39,"column":2},"end":{"line":41,"column":27}},{"start":{"line":40,"column":7},"end":{"line":41,"column":27}}],"line":39},"6":{"loc":{"start":{"line":40,"column":7},"end":{"line":41,"column":27}},"type":"if","locations":[{"start":{"line":40,"column":7},"end":{"line":41,"column":27}},{"start":{"line":41,"column":7},"end":{"line":41,"column":27}}],"line":40}},"s":{"0":3,"1":1,"2":1,"3":1,"4":1,"5":1,"6":1,"7":1,"8":3,"9":2,"10":0,"11":0,"12":0,"13":0,"14":0,"15":3,"16":3,"17":3,"18":1,"19":2,"20":1,"21":1,"22":3,"23":1,"24":3,"25":1,"26":3,"27":1,"28":3,"29":1},"f":{"0":1,"1":2,"2":0,"3":0,"4":3,"5":1,"6":1,"7":1,"8":1},"b":{"0":[1,0],"1":[0,1],"2":[1,0],"3":[0,0],"4":[0,0],"5":[1,2],"6":[1,1]},"_coverageSchema":"1a1c01bbd47fc00a2c39e90264f33305004495a9","hash":"c2cda38968fefba02482a7903b4692b59fdb6473"}
,"D:\\Code\\React Native\\Yarn\\PomodoroTimer\\src\\redux\\redux.js": {"path":"D:\\Code\\React Native\\Yarn\\PomodoroTimer\\src\\redux\\redux.js","statementMap":{"0":{"start":{"line":5,"column":43},"end":{"line":5,"column":61}},"1":{"start":{"line":6,"column":46},"end":{"line":6,"column":69}},"2":{"start":{"line":7,"column":50},"end":{"line":7,"column":77}},"3":{"start":{"line":8,"column":30},"end":{"line":8,"column":39}},"4":{"start":{"line":10,"column":33},"end":{"line":15,"column":2}},"5":{"start":{"line":10,"column":85},"end":{"line":15,"column":1}},"6":{"start":{"line":17,"column":34},"end":{"line":21,"column":2}},"7":{"start":{"line":17,"column":74},"end":{"line":21,"column":1}},"8":{"start":{"line":23,"column":38},"end":{"line":27,"column":2}},"9":{"start":{"line":23,"column":78},"end":{"line":27,"column":1}},"10":{"start":{"line":29,"column":28},"end":{"line":33,"column":1}},"11":{"start":{"line":35,"column":27},"end":{"line":62,"column":1}},"12":{"start":{"line":36,"column":4},"end":{"line":61,"column":5}},"13":{"start":{"line":38,"column":42},"end":{"line":38,"column":71}},"14":{"start":{"line":39,"column":44},"end":{"line":39,"column":73}},"15":{"start":{"line":40,"column":33},"end":{"line":40,"column":85}},"16":{"start":{"line":41,"column":12},"end":{"line":44,"column":13}},"17":{"start":{"line":46,"column":48},"end":{"line":46,"column":78}},"18":{"start":{"line":47,"column":38},"end":{"line":47,"column":83}},"19":{"start":{"line":48,"column":12},"end":{"line":51,"column":13}},"20":{"start":{"line":53,"column":52},"end":{"line":53,"column":86}},"21":{"start":{"line":54,"column":42},"end":{"line":54,"column":95}},"22":{"start":{"line":55,"column":12},"end":{"line":58,"column":13}},"23":{"start":{"line":60,"column":12},"end":{"line":60,"column":24}}},"fnMap":{"0":{"name":"(anonymous_0)","decl":{"start":{"line":10,"column":33},"end":{"line":10,"column":34}},"loc":{"start":{"line":10,"column":85},"end":{"line":15,"column":1}},"line":10},"1":{"name":"(anonymous_1)","decl":{"start":{"line":17,"column":34},"end":{"line":17,"column":35}},"loc":{"start":{"line":17,"column":74},"end":{"line":21,"column":1}},"line":17},"2":{"name":"(anonymous_2)","decl":{"start":{"line":23,"column":38},"end":{"line":23,"column":39}},"loc":{"start":{"line":23,"column":78},"end":{"line":27,"column":1}},"line":23},"3":{"name":"(anonymous_3)","decl":{"start":{"line":35,"column":27},"end":{"line":35,"column":28}},"loc":{"start":{"line":35,"column":83},"end":{"line":62,"column":1}},"line":35}},"branchMap":{"0":{"loc":{"start":{"line":35,"column":28},"end":{"line":35,"column":53}},"type":"default-arg","locations":[{"start":{"line":35,"column":41},"end":{"line":35,"column":53}}],"line":35},"1":{"loc":{"start":{"line":36,"column":4},"end":{"line":61,"column":5}},"type":"switch","locations":[{"start":{"line":37,"column":8},"end":{"line":44,"column":13}},{"start":{"line":45,"column":8},"end":{"line":51,"column":13}},{"start":{"line":52,"column":8},"end":{"line":58,"column":13}},{"start":{"line":59,"column":8},"end":{"line":60,"column":24}}],"line":36}},"s":{"0":2,"1":2,"2":2,"3":2,"4":2,"5":0,"6":2,"7":0,"8":2,"9":0,"10":2,"11":2,"12":1,"13":0,"14":0,"15":0,"16":0,"17":0,"18":0,"19":0,"20":0,"21":0,"22":0,"23":1},"f":{"0":0,"1":0,"2":0,"3":1},"b":{"0":[0],"1":[0,0,0,1]},"_coverageSchema":"1a1c01bbd47fc00a2c39e90264f33305004495a9","hash":"8f3031e5d525f236027ee37947e34f537053f519"}
,"D:\\Code\\React Native\\Yarn\\PomodoroTimer\\src\\screens\\Pomodoro.js": {"path":"D:\\Code\\React Native\\Yarn\\PomodoroTimer\\src\\screens\\Pomodoro.js","statementMap":{"0":{"start":{"line":31,"column":17},"end":{"line":179,"column":1}},"1":{"start":{"line":32,"column":28},"end":{"line":32,"column":58}},"2":{"start":{"line":33,"column":32},"end":{"line":33,"column":78}},"3":{"start":{"line":33,"column":53},"end":{"line":33,"column":77}},"4":{"start":{"line":34,"column":29},"end":{"line":34,"column":76}},"5":{"start":{"line":34,"column":50},"end":{"line":34,"column":75}},"6":{"start":{"line":35,"column":33},"end":{"line":37,"column":3}},"7":{"start":{"line":36,"column":13},"end":{"line":36,"column":42}},"8":{"start":{"line":38,"column":38},"end":{"line":38,"column":69}},"9":{"start":{"line":39,"column":32},"end":{"line":39,"column":56}},"10":{"start":{"line":40,"column":38},"end":{"line":40,"column":62}},"11":{"start":{"line":41,"column":28},"end":{"line":41,"column":47}},"12":{"start":{"line":42,"column":28},"end":{"line":42,"column":62}},"13":{"start":{"line":43,"column":28},"end":{"line":45,"column":3}},"14":{"start":{"line":46,"column":36},"end":{"line":46,"column":55}},"15":{"start":{"line":47,"column":26},"end":{"line":47,"column":50}},"16":{"start":{"line":49,"column":2},"end":{"line":51,"column":9}},"17":{"start":{"line":50,"column":4},"end":{"line":50,"column":18}},"18":{"start":{"line":53,"column":2},"end":{"line":61,"column":16}},"19":{"start":{"line":54,"column":4},"end":{"line":56,"column":60}},"20":{"start":{"line":55,"column":6},"end":{"line":55,"column":32}},"21":{"start":{"line":56,"column":11},"end":{"line":56,"column":60}},"22":{"start":{"line":58,"column":4},"end":{"line":60,"column":6}},"23":{"start":{"line":59,"column":6},"end":{"line":59,"column":55}},"24":{"start":{"line":63,"column":2},"end":{"line":65,"column":20}},"25":{"start":{"line":64,"column":4},"end":{"line":64,"column":32}},"26":{"start":{"line":67,"column":2},"end":{"line":99,"column":33}},"27":{"start":{"line":68,"column":4},"end":{"line":98,"column":5}},"28":{"start":{"line":69,"column":6},"end":{"line":96,"column":7}},"29":{"start":{"line":70,"column":8},"end":{"line":70,"column":41}},"30":{"start":{"line":71,"column":8},"end":{"line":71,"column":63}},"31":{"start":{"line":72,"column":8},"end":{"line":72,"column":37}},"32":{"start":{"line":73,"column":8},"end":{"line":73,"column":28}},"33":{"start":{"line":74,"column":8},"end":{"line":74,"column":36}},"34":{"start":{"line":75,"column":8},"end":{"line":75,"column":32}},"35":{"start":{"line":76,"column":8},"end":{"line":76,"column":41}},"36":{"start":{"line":77,"column":8},"end":{"line":77,"column":32}},"37":{"start":{"line":78,"column":13},"end":{"line":96,"column":7}},"38":{"start":{"line":79,"column":10},"end":{"line":95,"column":9}},"39":{"start":{"line":80,"column":12},"end":{"line":80,"column":39}},"40":{"start":{"line":81,"column":12},"end":{"line":81,"column":64}},"41":{"start":{"line":82,"column":12},"end":{"line":82,"column":38}},"42":{"start":{"line":83,"column":12},"end":{"line":83,"column":32}},"43":{"start":{"line":84,"column":12},"end":{"line":84,"column":52}},"44":{"start":{"line":85,"column":12},"end":{"line":85,"column":45}},"45":{"start":{"line":86,"column":12},"end":{"line":86,"column":36}},"46":{"start":{"line":87,"column":15},"end":{"line":95,"column":9}},"47":{"start":{"line":88,"column":12},"end":{"line":88,"column":44}},"48":{"start":{"line":89,"column":12},"end":{"line":89,"column":63}},"49":{"start":{"line":90,"column":12},"end":{"line":90,"column":42}},"50":{"start":{"line":91,"column":12},"end":{"line":91,"column":24}},"51":{"start":{"line":92,"column":12},"end":{"line":92,"column":53}},"52":{"start":{"line":93,"column":12},"end":{"line":93,"column":42}},"53":{"start":{"line":94,"column":12},"end":{"line":94,"column":36}},"54":{"start":{"line":100,"column":2},"end":{"line":100,"column":25}},"55":{"start":{"line":101,"column":2},"end":{"line":178,"column":4}},"56":{"start":{"line":106,"column":32},"end":{"line":106,"column":45}},"57":{"start":{"line":123,"column":16},"end":{"line":123,"column":33}},"58":{"start":{"line":124,"column":16},"end":{"line":124,"column":39}},"59":{"start":{"line":131,"column":16},"end":{"line":131,"column":34}},"60":{"start":{"line":132,"column":16},"end":{"line":132,"column":40}},"61":{"start":{"line":139,"column":14},"end":{"line":139,"column":63}},"62":{"start":{"line":140,"column":14},"end":{"line":140,"column":43}},"63":{"start":{"line":141,"column":14},"end":{"line":141,"column":26}},"64":{"start":{"line":142,"column":14},"end":{"line":142,"column":32}},"65":{"start":{"line":143,"column":14},"end":{"line":143,"column":37}},"66":{"start":{"line":144,"column":14},"end":{"line":144,"column":30}},"67":{"start":{"line":161,"column":14},"end":{"line":163,"column":45}}},"fnMap":{"0":{"name":"(anonymous_0)","decl":{"start":{"line":31,"column":17},"end":{"line":31,"column":18}},"loc":{"start":{"line":31,"column":35},"end":{"line":179,"column":1}},"line":31},"1":{"name":"(anonymous_1)","decl":{"start":{"line":33,"column":44},"end":{"line":33,"column":45}},"loc":{"start":{"line":33,"column":53},"end":{"line":33,"column":77}},"line":33},"2":{"name":"(anonymous_2)","decl":{"start":{"line":34,"column":41},"end":{"line":34,"column":42}},"loc":{"start":{"line":34,"column":50},"end":{"line":34,"column":75}},"line":34},"3":{"name":"(anonymous_3)","decl":{"start":{"line":36,"column":4},"end":{"line":36,"column":5}},"loc":{"start":{"line":36,"column":13},"end":{"line":36,"column":42}},"line":36},"4":{"name":"(anonymous_4)","decl":{"start":{"line":49,"column":12},"end":{"line":49,"column":13}},"loc":{"start":{"line":49,"column":18},"end":{"line":51,"column":3}},"line":49},"5":{"name":"(anonymous_5)","decl":{"start":{"line":53,"column":12},"end":{"line":53,"column":13}},"loc":{"start":{"line":53,"column":18},"end":{"line":61,"column":3}},"line":53},"6":{"name":"(anonymous_6)","decl":{"start":{"line":58,"column":11},"end":{"line":58,"column":12}},"loc":{"start":{"line":58,"column":17},"end":{"line":60,"column":5}},"line":58},"7":{"name":"(anonymous_7)","decl":{"start":{"line":63,"column":12},"end":{"line":63,"column":13}},"loc":{"start":{"line":63,"column":16},"end":{"line":65,"column":3}},"line":63},"8":{"name":"(anonymous_8)","decl":{"start":{"line":67,"column":12},"end":{"line":67,"column":13}},"loc":{"start":{"line":67,"column":18},"end":{"line":99,"column":3}},"line":67},"9":{"name":"(anonymous_9)","decl":{"start":{"line":106,"column":26},"end":{"line":106,"column":27}},"loc":{"start":{"line":106,"column":32},"end":{"line":106,"column":45}},"line":106},"10":{"name":"(anonymous_10)","decl":{"start":{"line":122,"column":23},"end":{"line":122,"column":24}},"loc":{"start":{"line":122,"column":29},"end":{"line":125,"column":15}},"line":122},"11":{"name":"(anonymous_11)","decl":{"start":{"line":130,"column":23},"end":{"line":130,"column":24}},"loc":{"start":{"line":130,"column":29},"end":{"line":133,"column":15}},"line":130},"12":{"name":"(anonymous_12)","decl":{"start":{"line":138,"column":21},"end":{"line":138,"column":22}},"loc":{"start":{"line":138,"column":27},"end":{"line":145,"column":13}},"line":138},"13":{"name":"(anonymous_13)","decl":{"start":{"line":159,"column":19},"end":{"line":159,"column":20}},"loc":{"start":{"line":159,"column":25},"end":{"line":165,"column":11}},"line":159}},"branchMap":{"0":{"loc":{"start":{"line":54,"column":4},"end":{"line":56,"column":60}},"type":"if","locations":[{"start":{"line":54,"column":4},"end":{"line":56,"column":60}},{"start":{"line":56,"column":11},"end":{"line":56,"column":60}}],"line":54},"1":{"loc":{"start":{"line":68,"column":4},"end":{"line":98,"column":5}},"type":"if","locations":[{"start":{"line":68,"column":4},"end":{"line":98,"column":5}},{"start":{},"end":{}}],"line":68},"2":{"loc":{"start":{"line":69,"column":6},"end":{"line":96,"column":7}},"type":"if","locations":[{"start":{"line":69,"column":6},"end":{"line":96,"column":7}},{"start":{"line":78,"column":13},"end":{"line":96,"column":7}}],"line":69},"3":{"loc":{"start":{"line":78,"column":13},"end":{"line":96,"column":7}},"type":"if","locations":[{"start":{"line":78,"column":13},"end":{"line":96,"column":7}},{"start":{},"end":{}}],"line":78},"4":{"loc":{"start":{"line":79,"column":10},"end":{"line":95,"column":9}},"type":"if","locations":[{"start":{"line":79,"column":10},"end":{"line":95,"column":9}},{"start":{"line":87,"column":15},"end":{"line":95,"column":9}}],"line":79},"5":{"loc":{"start":{"line":87,"column":15},"end":{"line":95,"column":9}},"type":"if","locations":[{"start":{"line":87,"column":15},"end":{"line":95,"column":9}},{"start":{},"end":{}}],"line":87},"6":{"loc":{"start":{"line":120,"column":11},"end":{"line":136,"column":11}},"type":"cond-expr","locations":[{"start":{"line":121,"column":12},"end":{"line":127,"column":24}},{"start":{"line":129,"column":12},"end":{"line":135,"column":24}}],"line":120},"7":{"loc":{"start":{"line":161,"column":14},"end":{"line":163,"column":44}},"type":"cond-expr","locations":[{"start":{"line":162,"column":18},"end":{"line":162,"column":70}},{"start":{"line":163,"column":18},"end":{"line":163,"column":44}}],"line":161}},"s":{"0":1,"1":0,"2":0,"3":0,"4":0,"5":0,"6":0,"7":0,"8":0,"9":0,"10":0,"11":0,"12":0,"13":0,"14":0,"15":0,"16":0,"17":0,"18":0,"19":0,"20":0,"21":0,"22":0,"23":0,"24":0,"25":0,"26":0,"27":0,"28":0,"29":0,"30":0,"31":0,"32":0,"33":0,"34":0,"35":0,"36":0,"37":0,"38":0,"39":0,"40":0,"41":0,"42":0,"43":0,"44":0,"45":0,"46":0,"47":0,"48":0,"49":0,"50":0,"51":0,"52":0,"53":0,"54":0,"55":0,"56":0,"57":0,"58":0,"59":0,"60":0,"61":0,"62":0,"63":0,"64":0,"65":0,"66":0,"67":0},"f":{"0":0,"1":0,"2":0,"3":0,"4":0,"5":0,"6":0,"7":0,"8":0,"9":0,"10":0,"11":0,"12":0,"13":0},"b":{"0":[0,0],"1":[0,0],"2":[0,0],"3":[0,0],"4":[0,0],"5":[0,0],"6":[0,0],"7":[0,0]},"_coverageSchema":"1a1c01bbd47fc00a2c39e90264f33305004495a9","hash":"66c7a38b691ad9202ec7a18340745e1ee2d26056"}
,"D:\\Code\\React Native\\Yarn\\PomodoroTimer\\src\\styles\\HelpModalStyle.js": {"path":"D:\\Code\\React Native\\Yarn\\PomodoroTimer\\src\\styles\\HelpModalStyle.js","statementMap":{},"fnMap":{},"branchMap":{},"s":{},"f":{},"b":{},"_coverageSchema":"1a1c01bbd47fc00a2c39e90264f33305004495a9","hash":"253aa3e79fa6cf03c275a0c0010739101b3f3a54"}
,"D:\\Code\\React Native\\Yarn\\PomodoroTimer\\src\\styles\\Pomodorostyles.js": {"path":"D:\\Code\\React Native\\Yarn\\PomodoroTimer\\src\\styles\\Pomodorostyles.js","statementMap":{},"fnMap":{},"branchMap":{},"s":{},"f":{},"b":{},"_coverageSchema":"1a1c01bbd47fc00a2c39e90264f33305004495a9","hash":"3d5c42e6c84c677cb3786eadae6748fb6a63667f"}
,"D:\\Code\\React Native\\Yarn\\PomodoroTimer\\src\\styles\\SettingsStyle.js": {"path":"D:\\Code\\React Native\\Yarn\\PomodoroTimer\\src\\styles\\SettingsStyle.js","statementMap":{},"fnMap":{},"branchMap":{},"s":{},"f":{},"b":{},"_coverageSchema":"1a1c01bbd47fc00a2c39e90264f33305004495a9","hash":"a2cfef4e9e738f0ada8ac19c6dfa68b17663b6d2"}
}
