TN:
SF:src\components\HelpModal.js
FN:10,(anonymous_0)
FN:15,(anonymous_1)
FN:57,(anonymous_2)
FNF:3
FNH:0
FNDA:0,(anonymous_0)
FNDA:0,(anonymous_1)
FNDA:0,(anonymous_2)
DA:10,1
DA:11,0
DA:15,0
DA:57,0
LF:4
LH:1
BRF:0
BRH:0
end_of_record
TN:
SF:src\components\SetttingsModal.js
FN:24,(anonymous_0)
FN:33,(anonymous_1)
FN:34,(anonymous_2)
FN:36,(anonymous_3)
FN:57,(anonymous_4)
FN:67,(anonymous_5)
FN:77,(anonymous_6)
FN:92,(anonymous_7)
FN:102,(anonymous_8)
FN:117,(anonymous_9)
FN:127,(anonymous_10)
FN:134,(anonymous_11)
FN:138,(anonymous_12)
FNF:13
FNH:0
FNDA:0,(anonymous_0)
FNDA:0,(anonymous_1)
FNDA:0,(anonymous_2)
FNDA:0,(anonymous_3)
FNDA:0,(anonymous_4)
FNDA:0,(anonymous_5)
FNDA:0,(anonymous_6)
FNDA:0,(anonymous_7)
FNDA:0,(anonymous_8)
FNDA:0,(anonymous_9)
FNDA:0,(anonymous_10)
FNDA:0,(anonymous_11)
FNDA:0,(anonymous_12)
DA:24,1
DA:25,0
DA:26,0
DA:27,0
DA:28,0
DA:29,0
DA:30,0
DA:31,0
DA:32,0
DA:33,0
DA:34,0
DA:35,0
DA:36,0
DA:39,0
DA:58,0
DA:68,0
DA:78,0
DA:93,0
DA:103,0
DA:118,0
DA:128,0
DA:134,0
DA:139,0
DA:140,0
DA:141,0
DA:142,0
DA:143,0
DA:144,0
DA:145,0
LF:29
LH:1
BRF:0
BRH:0
end_of_record
TN:
SF:src\functions\PomodoroFunction.js
FN:9,(anonymous_0)
FN:25,(anonymous_1)
FN:26,(anonymous_2)
FN:27,(anonymous_3)
FN:37,(anonymous_4)
FN:44,(anonymous_5)
FN:52,(anonymous_6)
FN:64,(anonymous_7)
FN:76,(anonymous_8)
FNF:9
FNH:2
FNDA:1,(anonymous_0)
FNDA:0,(anonymous_1)
FNDA:0,(anonymous_2)
FNDA:0,(anonymous_3)
FNDA:3,(anonymous_4)
FNDA:0,(anonymous_5)
FNDA:0,(anonymous_6)
FNDA:0,(anonymous_7)
FNDA:0,(anonymous_8)
DA:9,2
DA:10,1
DA:11,1
DA:12,1
DA:14,1
DA:15,1
DA:16,1
DA:18,1
DA:25,2
DA:26,0
DA:27,0
DA:28,0
DA:29,0
DA:30,0
DA:31,0
DA:37,2
DA:38,3
DA:39,3
DA:40,2
DA:41,1
DA:44,2
DA:45,0
DA:52,2
DA:53,0
DA:64,2
DA:65,0
DA:76,2
DA:77,0
LF:28
LH:18
BRDA:14,0,0,1
BRDA:14,0,1,0
BRDA:15,1,0,0
BRDA:15,1,1,1
BRDA:16,2,0,1
BRDA:16,2,1,0
BRDA:28,3,0,0
BRDA:28,3,1,0
BRDA:30,4,0,0
BRDA:30,4,1,0
BRDA:39,5,0,1
BRDA:39,5,1,2
BRDA:40,6,0,1
BRDA:40,6,1,1
BRF:14
BRH:7
end_of_record
TN:
SF:src\redux\redux.js
FN:6,(anonymous_0)
FN:13,(anonymous_1)
FN:19,(anonymous_2)
FN:31,(anonymous_3)
FNF:4
FNH:0
FNDA:0,(anonymous_0)
FNDA:0,(anonymous_1)
FNDA:0,(anonymous_2)
FNDA:0,(anonymous_3)
DA:1,1
DA:2,1
DA:3,1
DA:4,1
DA:6,1
DA:13,1
DA:19,1
DA:25,1
DA:31,1
DA:32,0
DA:35,0
DA:36,0
DA:37,0
DA:39,0
DA:44,0
DA:45,0
DA:47,0
DA:52,0
DA:53,0
DA:55,0
DA:60,0
LF:21
LH:9
BRDA:31,0,0,0
BRDA:32,1,0,0
BRDA:32,1,1,0
BRDA:32,1,2,0
BRDA:32,1,3,0
BRF:5
BRH:0
end_of_record
TN:
SF:src\screens\Pomodoro.js
FN:31,(anonymous_0)
FN:33,(anonymous_1)
FN:34,(anonymous_2)
FN:36,(anonymous_3)
FN:49,(anonymous_4)
FN:53,(anonymous_5)
FN:58,(anonymous_6)
FN:63,(anonymous_7)
FN:102,(anonymous_8)
FN:118,(anonymous_9)
FN:126,(anonymous_10)
FN:134,(anonymous_11)
FN:155,(anonymous_12)
FNF:13
FNH:0
FNDA:0,(anonymous_0)
FNDA:0,(anonymous_1)
FNDA:0,(anonymous_2)
FNDA:0,(anonymous_3)
FNDA:0,(anonymous_4)
FNDA:0,(anonymous_5)
FNDA:0,(anonymous_6)
FNDA:0,(anonymous_7)
FNDA:0,(anonymous_8)
FNDA:0,(anonymous_9)
FNDA:0,(anonymous_10)
FNDA:0,(anonymous_11)
FNDA:0,(anonymous_12)
DA:31,1
DA:32,0
DA:33,0
DA:34,0
DA:35,0
DA:36,0
DA:38,0
DA:39,0
DA:40,0
DA:41,0
DA:42,0
DA:43,0
DA:46,0
DA:47,0
DA:49,0
DA:50,0
DA:53,0
DA:54,0
DA:55,0
DA:56,0
DA:58,0
DA:59,0
DA:63,0
DA:64,0
DA:65,0
DA:66,0
DA:67,0
DA:68,0
DA:69,0
DA:70,0
DA:71,0
DA:72,0
DA:73,0
DA:74,0
DA:75,0
DA:76,0
DA:77,0
DA:78,0
DA:79,0
DA:80,0
DA:81,0
DA:82,0
DA:83,0
DA:84,0
DA:85,0
DA:86,0
DA:87,0
DA:88,0
DA:89,0
DA:90,0
DA:97,0
DA:102,0
DA:119,0
DA:120,0
DA:127,0
DA:128,0
DA:135,0
DA:136,0
DA:137,0
DA:138,0
DA:139,0
DA:140,0
DA:157,0
LF:63
LH:1
BRDA:54,0,0,0
BRDA:54,0,1,0
BRDA:64,1,0,0
BRDA:64,1,1,0
BRDA:65,2,0,0
BRDA:65,2,1,0
BRDA:74,3,0,0
BRDA:74,3,1,0
BRDA:75,4,0,0
BRDA:75,4,1,0
BRDA:83,5,0,0
BRDA:83,5,1,0
BRDA:116,6,0,0
BRDA:116,6,1,0
BRDA:157,7,0,0
BRDA:157,7,1,0
BRF:16
BRH:0
end_of_record
TN:
SF:src\styles\HelpModalStyle.js
FNF:0
FNH:0
LF:0
LH:0
BRF:0
BRH:0
end_of_record
TN:
SF:src\styles\Pomodorostyles.js
FNF:0
FNH:0
LF:0
LH:0
BRF:0
BRH:0
end_of_record
TN:
SF:src\styles\SettingsStyle.js
FNF:0
FNH:0
LF:0
LH:0
BRF:0
BRH:0
end_of_record
