TN:
SF:src\components\HelpModal.js
FN:12,(anonymous_0)
FN:17,(anonymous_1)
FN:60,(anonymous_2)
FNF:3
FNH:3
FNDA:7,(anonymous_0)
FNDA:2,(anonymous_1)
FNDA:1,(anonymous_2)
DA:12,2
DA:13,7
DA:17,2
DA:60,1
LF:4
LH:4
BRF:0
BRH:0
end_of_record
TN:
SF:src\components\SetttingsModal.js
FN:27,(anonymous_0)
FN:36,(anonymous_1)
FN:37,(anonymous_2)
FN:38,(anonymous_3)
FN:59,(anonymous_4)
FN:70,(anonymous_5)
FN:81,(anonymous_6)
FN:97,(anonymous_7)
FN:108,(anonymous_8)
FN:124,(anonymous_9)
FN:135,(anonymous_10)
FN:142,(anonymous_11)
FN:147,(anonymous_12)
FNF:13
FNH:13
FNDA:15,(anonymous_0)
FNDA:18,(anonymous_1)
FNDA:18,(anonymous_2)
FNDA:18,(anonymous_3)
FNDA:1,(anonymous_4)
FNDA:1,(anonymous_5)
FNDA:1,(anonymous_6)
FNDA:1,(anonymous_7)
FNDA:1,(anonymous_8)
FNDA:1,(anonymous_9)
FNDA:1,(anonymous_10)
FNDA:1,(anonymous_11)
FNDA:1,(anonymous_12)
DA:27,2
DA:28,15
DA:29,15
DA:30,15
DA:31,15
DA:32,15
DA:33,15
DA:34,15
DA:35,15
DA:36,18
DA:37,18
DA:38,18
DA:40,15
DA:60,1
DA:71,1
DA:82,1
DA:98,1
DA:109,1
DA:125,1
DA:136,1
DA:142,1
DA:148,1
DA:149,1
DA:150,1
DA:151,1
LF:25
LH:25
BRF:0
BRH:0
end_of_record
TN:
SF:src\functions\PomodoroFunction.js
FN:11,(anonymous_0)
FN:27,(anonymous_1)
FN:28,(anonymous_2)
FN:29,(anonymous_3)
FN:39,(anonymous_4)
FN:46,(anonymous_5)
FN:54,(anonymous_6)
FN:66,(anonymous_7)
FN:79,(anonymous_8)
FN:112,(anonymous_9)
FNF:10
FNH:8
FNDA:19,(anonymous_0)
FNDA:2,(anonymous_1)
FNDA:0,(anonymous_2)
FNDA:0,(anonymous_3)
FNDA:9,(anonymous_4)
FNDA:2,(anonymous_5)
FNDA:3,(anonymous_6)
FNDA:2,(anonymous_7)
FNDA:4,(anonymous_8)
FNDA:2,(anonymous_9)
DA:11,3
DA:12,19
DA:13,19
DA:14,19
DA:16,19
DA:17,19
DA:18,19
DA:20,19
DA:27,3
DA:28,2
DA:29,0
DA:30,0
DA:31,0
DA:32,0
DA:33,0
DA:39,3
DA:40,9
DA:41,9
DA:42,2
DA:43,1
DA:46,3
DA:47,2
DA:54,3
DA:55,3
DA:66,3
DA:67,2
DA:79,3
DA:80,4
DA:81,3
DA:82,1
DA:83,1
DA:84,1
DA:85,1
DA:86,1
DA:87,1
DA:88,1
DA:90,2
DA:91,2
DA:92,1
DA:93,1
DA:94,1
DA:95,1
DA:96,1
DA:97,1
DA:99,1
DA:100,1
DA:101,1
DA:102,1
DA:103,1
DA:104,1
DA:105,1
DA:112,3
DA:113,2
DA:114,1
DA:116,1
LF:55
LH:50
BRDA:16,0,0,1
BRDA:16,0,1,18
BRDA:17,1,0,0
BRDA:17,1,1,19
BRDA:18,2,0,1
BRDA:18,2,1,18
BRDA:30,3,0,0
BRDA:30,3,1,0
BRDA:32,4,0,0
BRDA:32,4,1,0
BRDA:41,5,0,7
BRDA:41,5,1,2
BRDA:42,6,0,1
BRDA:42,6,1,1
BRDA:80,7,0,3
BRDA:80,7,1,1
BRDA:81,8,0,1
BRDA:81,8,1,2
BRDA:90,9,0,2
BRDA:90,9,1,0
BRDA:91,10,0,1
BRDA:91,10,1,1
BRDA:99,11,0,1
BRDA:99,11,1,0
BRDA:113,12,0,1
BRDA:113,12,1,1
BRF:26
BRH:19
end_of_record
TN:
SF:src\screens\Pomodoro.js
FN:33,(anonymous_0)
FN:35,(anonymous_1)
FN:36,(anonymous_2)
FN:38,(anonymous_3)
FN:51,(anonymous_4)
FN:55,(anonymous_5)
FN:60,(anonymous_6)
FN:65,(anonymous_7)
FN:69,(anonymous_8)
FN:79,(anonymous_9)
FN:96,(anonymous_10)
FN:105,(anonymous_11)
FN:114,(anonymous_12)
FN:136,(anonymous_13)
FNF:14
FNH:14
FNDA:6,(anonymous_0)
FNDA:6,(anonymous_1)
FNDA:6,(anonymous_2)
FNDA:6,(anonymous_3)
FNDA:1,(anonymous_4)
FNDA:3,(anonymous_5)
FNDA:2,(anonymous_6)
FNDA:1,(anonymous_7)
FNDA:1,(anonymous_8)
FNDA:1,(anonymous_9)
FNDA:1,(anonymous_10)
FNDA:1,(anonymous_11)
FNDA:1,(anonymous_12)
FNDA:1,(anonymous_13)
DA:33,1
DA:34,6
DA:35,6
DA:36,6
DA:37,6
DA:38,6
DA:40,6
DA:41,6
DA:42,6
DA:43,6
DA:44,6
DA:45,6
DA:48,6
DA:49,6
DA:51,6
DA:52,1
DA:55,6
DA:56,3
DA:57,1
DA:58,2
DA:60,3
DA:61,2
DA:65,6
DA:66,1
DA:69,6
DA:70,1
DA:72,6
DA:79,1
DA:97,1
DA:98,1
DA:106,1
DA:107,1
DA:115,1
DA:116,1
DA:117,1
DA:118,1
DA:119,1
DA:120,1
DA:137,1
LF:39
LH:39
BRDA:56,0,0,1
BRDA:56,0,1,2
BRDA:93,1,0,5
BRDA:93,1,1,1
BRF:4
BRH:4
end_of_record
