<?xml version="1.0" encoding="UTF-8"?>
<coverage generated="1650853162722" clover="3.2.0">
  <project timestamp="1650853162723" name="All files">
    <metrics statements="39" coveredstatements="24" conditionals="4" coveredconditionals="1" methods="17" coveredmethods="7" elements="60" coveredelements="32" complexity="0" loc="39" ncloc="39" packages="2" files="5" classes="5"/>
    <package name="Jest">
      <metrics statements="28" coveredstatements="16" conditionals="0" coveredconditionals="0" methods="13" coveredmethods="6"/>
      <file name="ImageTest.js" path="D:\Source Code\React Native\Yarn\Jest\ImageTest.js">
        <metrics statements="2" coveredstatements="2" conditionals="0" coveredconditionals="0" methods="1" coveredmethods="1"/>
        <line num="4" count="1" type="stmt"/>
        <line num="5" count="1" type="stmt"/>
      </file>
      <file name="Main.style.js" path="D:\Source Code\React Native\Yarn\Jest\Main.style.js">
        <metrics statements="0" coveredstatements="0" conditionals="0" coveredconditionals="0" methods="0" coveredmethods="0"/>
      </file>
      <file name="Mentahan.js" path="D:\Source Code\React Native\Yarn\Jest\Mentahan.js">
        <metrics statements="4" coveredstatements="4" conditionals="0" coveredconditionals="0" methods="2" coveredmethods="2"/>
        <line num="4" count="3" type="stmt"/>
        <line num="6" count="2" type="stmt"/>
        <line num="9" count="1" type="stmt"/>
        <line num="16" count="3" type="stmt"/>
      </file>
      <file name="TodoList.js" path="D:\Source Code\React Native\Yarn\Jest\TodoList.js">
        <metrics statements="22" coveredstatements="10" conditionals="0" coveredconditionals="0" methods="10" coveredmethods="3"/>
        <line num="9" count="2" type="stmt"/>
        <line num="10" count="0" type="stmt"/>
        <line num="11" count="0" type="stmt"/>
        <line num="14" count="2" type="stmt"/>
        <line num="15" count="2" type="stmt"/>
        <line num="16" count="2" type="stmt"/>
        <line num="17" count="2" type="stmt"/>
        <line num="18" count="2" type="stmt"/>
        <line num="20" count="2" type="stmt"/>
        <line num="21" count="0" type="stmt"/>
        <line num="22" count="0" type="stmt"/>
        <line num="23" count="0" type="stmt"/>
        <line num="24" count="0" type="stmt"/>
        <line num="25" count="0" type="stmt"/>
        <line num="28" count="2" type="stmt"/>
        <line num="29" count="2" type="stmt"/>
        <line num="32" count="2" type="stmt"/>
        <line num="43" count="0" type="stmt"/>
        <line num="45" count="0" type="stmt"/>
        <line num="47" count="0" type="stmt"/>
        <line num="64" count="0" type="stmt"/>
        <line num="71" count="0" type="stmt"/>
      </file>
    </package>
    <package name="Jest.Redux">
      <metrics statements="11" coveredstatements="8" conditionals="4" coveredconditionals="1" methods="4" coveredmethods="1"/>
      <file name="redux.js" path="D:\Source Code\React Native\Yarn\Jest\Redux\redux.js">
        <metrics statements="11" coveredstatements="8" conditionals="4" coveredconditionals="1" methods="4" coveredmethods="1"/>
        <line num="1" count="2" type="stmt"/>
        <line num="2" count="2" type="stmt"/>
        <line num="4" count="2" type="stmt"/>
        <line num="9" count="2" type="stmt"/>
        <line num="14" count="2" type="stmt"/>
        <line num="18" count="2" type="cond" truecount="0" falsecount="1"/>
        <line num="19" count="2" type="cond" truecount="1" falsecount="2"/>
        <line num="21" count="0" type="stmt"/>
        <line num="25" count="0" type="stmt"/>
        <line num="26" count="0" type="stmt"/>
        <line num="29" count="2" type="stmt"/>
      </file>
    </package>
  </project>
</coverage>
