{"D:\\Source Code\\React Native\\Yarn\\Jest\\ImageTest.js": {"path":"D:\\Source Code\\React Native\\Yarn\\Jest\\ImageTest.js","statementMap":{"0":{"start":{"line":4,"column":18},"end":{"line":10,"column":1}},"1":{"start":{"line":5,"column":4},"end":{"line":9,"column":5}}},"fnMap":{"0":{"name":"(anonymous_0)","decl":{"start":{"line":4,"column":18},"end":{"line":4,"column":19}},"loc":{"start":{"line":4,"column":23},"end":{"line":10,"column":1}},"line":4}},"branchMap":{},"s":{"0":1,"1":1},"f":{"0":1},"b":{},"_coverageSchema":"1a1c01bbd47fc00a2c39e90264f33305004495a9","hash":"6f7f3379f8f870b396d935331d67dfcec4359908"}
,"D:\\Source Code\\React Native\\Yarn\\Jest\\Main.style.js": {"path":"D:\\Source Code\\React Native\\Yarn\\Jest\\Main.style.js","statementMap":{},"fnMap":{},"branchMap":{},"s":{},"f":{},"b":{},"_coverageSchema":"1a1c01bbd47fc00a2c39e90264f33305004495a9","hash":"f9d1748f3c3d1327a5ccda9a481c683cdb8691b7"}
,"D:\\Source Code\\React Native\\Yarn\\Jest\\Mentahan.js": {"path":"D:\\Source Code\\React Native\\Yarn\\Jest\\Mentahan.js","statementMap":{"0":{"start":{"line":4,"column":17},"end":{"line":14,"column":1}},"1":{"start":{"line":6,"column":4},"end":{"line":13,"column":5}},"2":{"start":{"line":9,"column":25},"end":{"line":9,"column":52}},"3":{"start":{"line":16,"column":15},"end":{"line":25,"column":2}}},"fnMap":{"0":{"name":"(anonymous_0)","decl":{"start":{"line":4,"column":17},"end":{"line":4,"column":18}},"loc":{"start":{"line":4,"column":35},"end":{"line":14,"column":1}},"line":4},"1":{"name":"(anonymous_1)","decl":{"start":{"line":9,"column":21},"end":{"line":9,"column":22}},"loc":{"start":{"line":9,"column":25},"end":{"line":9,"column":52}},"line":9}},"branchMap":{},"s":{"0":3,"1":2,"2":1,"3":3},"f":{"0":2,"1":1},"b":{},"_coverageSchema":"1a1c01bbd47fc00a2c39e90264f33305004495a9","hash":"b61787b5f4d63f76fc5392bb7a3df052c53c48a8"}
,"D:\\Source Code\\React Native\\Yarn\\Jest\\TodoList.js": {"path":"D:\\Source Code\\React Native\\Yarn\\Jest\\TodoList.js","statementMap":{"0":{"start":{"line":9,"column":26},"end":{"line":12,"column":3}},"1":{"start":{"line":10,"column":4},"end":{"line":10,"column":33}},"2":{"start":{"line":11,"column":4},"end":{"line":11,"column":21}},"3":{"start":{"line":14,"column":12},"end":{"line":79,"column":1}},"4":{"start":{"line":15,"column":26},"end":{"line":15,"column":38}},"5":{"start":{"line":16,"column":15},"end":{"line":16,"column":44}},"6":{"start":{"line":16,"column":34},"end":{"line":16,"column":43}},"7":{"start":{"line":17,"column":19},"end":{"line":17,"column":32}},"8":{"start":{"line":18,"column":16},"end":{"line":18,"column":18}},"9":{"start":{"line":20,"column":18},"end":{"line":26,"column":3}},"10":{"start":{"line":21,"column":6},"end":{"line":21,"column":27}},"11":{"start":{"line":22,"column":6},"end":{"line":22,"column":52}},"12":{"start":{"line":23,"column":6},"end":{"line":23,"column":33}},"13":{"start":{"line":24,"column":6},"end":{"line":24,"column":23}},"14":{"start":{"line":25,"column":6},"end":{"line":25,"column":17}},"15":{"start":{"line":28,"column":2},"end":{"line":30,"column":7}},"16":{"start":{"line":29,"column":4},"end":{"line":29,"column":30}},"17":{"start":{"line":32,"column":2},"end":{"line":78,"column":3}},"18":{"start":{"line":43,"column":34},"end":{"line":43,"column":41}},"19":{"start":{"line":45,"column":18},"end":{"line":53,"column":19}},"20":{"start":{"line":47,"column":26},"end":{"line":47,"column":45}},"21":{"start":{"line":64,"column":14},"end":{"line":64,"column":30}},"22":{"start":{"line":71,"column":14},"end":{"line":71,"column":23}}},"fnMap":{"0":{"name":"(anonymous_0)","decl":{"start":{"line":9,"column":26},"end":{"line":9,"column":27}},"loc":{"start":{"line":9,"column":34},"end":{"line":12,"column":3}},"line":9},"1":{"name":"(anonymous_1)","decl":{"start":{"line":14,"column":12},"end":{"line":14,"column":13}},"loc":{"start":{"line":14,"column":18},"end":{"line":79,"column":1}},"line":14},"2":{"name":"(anonymous_2)","decl":{"start":{"line":16,"column":27},"end":{"line":16,"column":28}},"loc":{"start":{"line":16,"column":34},"end":{"line":16,"column":43}},"line":16},"3":{"name":"(anonymous_3)","decl":{"start":{"line":20,"column":18},"end":{"line":20,"column":19}},"loc":{"start":{"line":20,"column":23},"end":{"line":26,"column":3}},"line":20},"4":{"name":"(anonymous_4)","decl":{"start":{"line":28,"column":12},"end":{"line":28,"column":13}},"loc":{"start":{"line":28,"column":16},"end":{"line":30,"column":3}},"line":28},"5":{"name":"(anonymous_5)","decl":{"start":{"line":43,"column":28},"end":{"line":43,"column":29}},"loc":{"start":{"line":43,"column":34},"end":{"line":43,"column":41}},"line":43},"6":{"name":"(anonymous_6)","decl":{"start":{"line":44,"column":26},"end":{"line":44,"column":27}},"loc":{"start":{"line":44,"column":36},"end":{"line":54,"column":15}},"line":44},"7":{"name":"(anonymous_7)","decl":{"start":{"line":46,"column":46},"end":{"line":46,"column":47}},"loc":{"start":{"line":46,"column":50},"end":{"line":48,"column":23}},"line":46},"8":{"name":"(anonymous_8)","decl":{"start":{"line":63,"column":26},"end":{"line":63,"column":27}},"loc":{"start":{"line":63,"column":37},"end":{"line":65,"column":13}},"line":63},"9":{"name":"(anonymous_9)","decl":{"start":{"line":70,"column":21},"end":{"line":70,"column":22}},"loc":{"start":{"line":70,"column":25},"end":{"line":72,"column":11}},"line":70}},"branchMap":{},"s":{"0":2,"1":0,"2":0,"3":2,"4":2,"5":2,"6":2,"7":2,"8":2,"9":2,"10":0,"11":0,"12":0,"13":0,"14":0,"15":2,"16":2,"17":2,"18":0,"19":0,"20":0,"21":0,"22":0},"f":{"0":0,"1":2,"2":2,"3":0,"4":2,"5":0,"6":0,"7":0,"8":0,"9":0},"b":{},"_coverageSchema":"1a1c01bbd47fc00a2c39e90264f33305004495a9","hash":"a6dd35cd283ea8df9b779e984b4dd355b662bdc8"}
,"D:\\Source Code\\React Native\\Yarn\\Jest\\Redux\\redux.js": {"path":"D:\\Source Code\\React Native\\Yarn\\Jest\\Redux\\redux.js","statementMap":{"0":{"start":{"line":1,"column":19},"end":{"line":1,"column":24}},"1":{"start":{"line":2,"column":22},"end":{"line":2,"column":30}},"2":{"start":{"line":4,"column":24},"end":{"line":7,"column":2}},"3":{"start":{"line":4,"column":34},"end":{"line":7,"column":1}},"4":{"start":{"line":9,"column":31},"end":{"line":12,"column":2}},"5":{"start":{"line":9,"column":43},"end":{"line":12,"column":1}},"6":{"start":{"line":14,"column":19},"end":{"line":16,"column":1}},"7":{"start":{"line":18,"column":27},"end":{"line":31,"column":1}},"8":{"start":{"line":19,"column":4},"end":{"line":30,"column":5}},"9":{"start":{"line":21,"column":12},"end":{"line":23,"column":13}},"10":{"start":{"line":25,"column":12},"end":{"line":27,"column":13}},"11":{"start":{"line":26,"column":53},"end":{"line":26,"column":78}},"12":{"start":{"line":29,"column":12},"end":{"line":29,"column":24}}},"fnMap":{"0":{"name":"(anonymous_0)","decl":{"start":{"line":4,"column":24},"end":{"line":4,"column":25}},"loc":{"start":{"line":4,"column":34},"end":{"line":7,"column":1}},"line":4},"1":{"name":"(anonymous_1)","decl":{"start":{"line":9,"column":31},"end":{"line":9,"column":32}},"loc":{"start":{"line":9,"column":43},"end":{"line":12,"column":1}},"line":9},"2":{"name":"(anonymous_2)","decl":{"start":{"line":18,"column":27},"end":{"line":18,"column":28}},"loc":{"start":{"line":18,"column":58},"end":{"line":31,"column":1}},"line":18},"3":{"name":"(anonymous_3)","decl":{"start":{"line":26,"column":46},"end":{"line":26,"column":47}},"loc":{"start":{"line":26,"column":53},"end":{"line":26,"column":78}},"line":26}},"branchMap":{"0":{"loc":{"start":{"line":18,"column":28},"end":{"line":18,"column":46}},"type":"default-arg","locations":[{"start":{"line":18,"column":34},"end":{"line":18,"column":46}}],"line":18},"1":{"loc":{"start":{"line":19,"column":4},"end":{"line":30,"column":5}},"type":"switch","locations":[{"start":{"line":20,"column":8},"end":{"line":23,"column":13}},{"start":{"line":24,"column":8},"end":{"line":27,"column":13}},{"start":{"line":28,"column":8},"end":{"line":29,"column":24}}],"line":19}},"s":{"0":2,"1":2,"2":2,"3":0,"4":2,"5":0,"6":2,"7":2,"8":2,"9":0,"10":0,"11":0,"12":2},"f":{"0":0,"1":0,"2":2,"3":0},"b":{"0":[0],"1":[0,0,2]},"_coverageSchema":"1a1c01bbd47fc00a2c39e90264f33305004495a9","hash":"40f3d3225b413d24a4e01e75bf0fa413f51755b0"}
}
