<?xml version="1.0" encoding="UTF-8"?>
<coverage generated="1657164180368" clover="3.2.0">
  <project timestamp="1657164180368" name="All files">
    <metrics statements="175" coveredstatements="143" conditionals="49" coveredconditionals="29" methods="54" coveredmethods="44" elements="278" coveredelements="216" complexity="0" loc="175" ncloc="175" packages="3" files="7" classes="7"/>
    <package name="components">
      <metrics statements="49" coveredstatements="48" conditionals="10" coveredconditionals="5" methods="25" coveredmethods="25"/>
      <file name="AddContactModal.js" path="D:\Code\GitHub\Mini-Project\CrudContactApp\src\components\AddContactModal.js">
        <metrics statements="20" coveredstatements="19" conditionals="4" coveredconditionals="2" methods="8" coveredmethods="8"/>
        <line num="16" count="1" type="stmt"/>
        <line num="17" count="7" type="stmt"/>
        <line num="18" count="7" type="stmt"/>
        <line num="19" count="7" type="stmt"/>
        <line num="20" count="7" type="stmt"/>
        <line num="21" count="7" type="stmt"/>
        <line num="22" count="7" type="stmt"/>
        <line num="24" count="7" type="stmt"/>
        <line num="25" count="1" type="cond" truecount="1" falsecount="1"/>
        <line num="30" count="7" type="stmt"/>
        <line num="31" count="7" type="cond" truecount="1" falsecount="1"/>
        <line num="32" count="7" type="stmt"/>
        <line num="34" count="0" type="stmt"/>
        <line num="38" count="7" type="stmt"/>
        <line num="51" count="1" type="stmt"/>
        <line num="62" count="1" type="stmt"/>
        <line num="70" count="1" type="stmt"/>
        <line num="78" count="1" type="stmt"/>
        <line num="87" count="1" type="stmt"/>
        <line num="88" count="1" type="stmt"/>
      </file>
      <file name="AwesomeAlert.js" path="D:\Code\GitHub\Mini-Project\CrudContactApp\src\components\AwesomeAlert.js">
        <metrics statements="7" coveredstatements="7" conditionals="0" coveredconditionals="0" methods="4" coveredmethods="4"/>
        <line num="13" count="3" type="stmt"/>
        <line num="14" count="9" type="stmt"/>
        <line num="20" count="1" type="stmt"/>
        <line num="29" count="1" type="stmt"/>
        <line num="30" count="1" type="stmt"/>
        <line num="38" count="1" type="stmt"/>
        <line num="39" count="1" type="stmt"/>
      </file>
      <file name="ContactCard.js" path="D:\Code\GitHub\Mini-Project\CrudContactApp\src\components\ContactCard.js">
        <metrics statements="3" coveredstatements="3" conditionals="2" coveredconditionals="1" methods="2" coveredmethods="2"/>
        <line num="13" count="1" type="stmt"/>
        <line num="14" count="1" type="stmt"/>
        <line num="39" count="1" type="stmt"/>
      </file>
      <file name="EditContactModal.js" path="D:\Code\GitHub\Mini-Project\CrudContactApp\src\components\EditContactModal.js">
        <metrics statements="17" coveredstatements="17" conditionals="4" coveredconditionals="2" methods="9" coveredmethods="9"/>
        <line num="18" count="1" type="stmt"/>
        <line num="19" count="3" type="stmt"/>
        <line num="20" count="3" type="stmt"/>
        <line num="22" count="3" type="stmt"/>
        <line num="23" count="1" type="stmt"/>
        <line num="24" count="1" type="stmt"/>
        <line num="25" count="1" type="stmt"/>
        <line num="26" count="1" type="stmt"/>
        <line num="29" count="3" type="stmt"/>
        <line num="30" count="1" type="cond" truecount="1" falsecount="1"/>
        <line num="35" count="3" type="stmt"/>
        <line num="44" count="1" type="stmt"/>
        <line num="57" count="1" type="stmt"/>
        <line num="65" count="1" type="stmt"/>
        <line num="73" count="1" type="stmt"/>
        <line num="81" count="1" type="stmt"/>
        <line num="89" count="1" type="stmt"/>
      </file>
      <file name="Searchbar.js" path="D:\Code\GitHub\Mini-Project\CrudContactApp\src\components\Searchbar.js">
        <metrics statements="2" coveredstatements="2" conditionals="0" coveredconditionals="0" methods="2" coveredmethods="2"/>
        <line num="10" count="1" type="stmt"/>
        <line num="22" count="1" type="stmt"/>
      </file>
    </package>
    <package name="functions">
      <metrics statements="88" coveredstatements="74" conditionals="37" coveredconditionals="24" methods="17" coveredmethods="15"/>
      <file name="FunctionScreen.js" path="D:\Code\GitHub\Mini-Project\CrudContactApp\src\functions\FunctionScreen.js">
        <metrics statements="88" coveredstatements="74" conditionals="37" coveredconditionals="24" methods="17" coveredmethods="15"/>
        <line num="9" count="4" type="stmt"/>
        <line num="10" count="1" type="stmt"/>
        <line num="12" count="1" type="stmt"/>
        <line num="13" count="1" type="stmt"/>
        <line num="15" count="1" type="stmt"/>
        <line num="18" count="4" type="stmt"/>
        <line num="19" count="2" type="stmt"/>
        <line num="32" count="4" type="stmt"/>
        <line num="33" count="1" type="stmt"/>
        <line num="46" count="4" type="stmt"/>
        <line num="47" count="2" type="cond" truecount="2" falsecount="0"/>
        <line num="48" count="1" type="stmt"/>
        <line num="49" count="2" type="cond" truecount="1" falsecount="1"/>
        <line num="50" count="2" type="stmt"/>
        <line num="51" count="2" type="stmt"/>
        <line num="53" count="1" type="stmt"/>
        <line num="54" count="1" type="stmt"/>
        <line num="56" count="1" type="stmt"/>
        <line num="57" count="1" type="stmt"/>
        <line num="61" count="4" type="stmt"/>
        <line num="63" count="1" type="stmt"/>
        <line num="67" count="1" type="stmt"/>
        <line num="68" count="0" type="cond" truecount="0" falsecount="2"/>
        <line num="69" count="0" type="stmt"/>
        <line num="70" count="0" type="cond" truecount="0" falsecount="2"/>
        <line num="71" count="0" type="stmt"/>
        <line num="73" count="0" type="stmt"/>
        <line num="74" count="0" type="stmt"/>
        <line num="75" count="0" type="stmt"/>
        <line num="78" count="1" type="stmt"/>
        <line num="81" count="4" type="stmt"/>
        <line num="82" count="1" type="stmt"/>
        <line num="86" count="1" type="stmt"/>
        <line num="87" count="0" type="cond" truecount="0" falsecount="2"/>
        <line num="88" count="0" type="stmt"/>
        <line num="89" count="0" type="cond" truecount="0" falsecount="2"/>
        <line num="90" count="0" type="stmt"/>
        <line num="92" count="0" type="stmt"/>
        <line num="93" count="0" type="stmt"/>
        <line num="94" count="0" type="stmt"/>
        <line num="97" count="1" type="stmt"/>
        <line num="100" count="4" type="stmt"/>
        <line num="101" count="7" type="stmt"/>
        <line num="102" count="7" type="stmt"/>
        <line num="103" count="7" type="stmt"/>
        <line num="104" count="7" type="stmt"/>
        <line num="105" count="7" type="stmt"/>
        <line num="107" count="7" type="cond" truecount="2" falsecount="0"/>
        <line num="108" count="2" type="stmt"/>
        <line num="109" count="5" type="cond" truecount="1" falsecount="1"/>
        <line num="110" count="5" type="stmt"/>
        <line num="113" count="7" type="cond" truecount="2" falsecount="0"/>
        <line num="114" count="4" type="stmt"/>
        <line num="115" count="3" type="cond" truecount="1" falsecount="1"/>
        <line num="116" count="3" type="stmt"/>
        <line num="119" count="7" type="cond" truecount="2" falsecount="0"/>
        <line num="120" count="4" type="stmt"/>
        <line num="121" count="3" type="cond" truecount="1" falsecount="1"/>
        <line num="122" count="3" type="stmt"/>
        <line num="125" count="7" type="cond" truecount="2" falsecount="0"/>
        <line num="126" count="5" type="stmt"/>
        <line num="127" count="2" type="cond" truecount="2" falsecount="0"/>
        <line num="128" count="1" type="stmt"/>
        <line num="131" count="7" type="cond" truecount="5" falsecount="0"/>
        <line num="132" count="2" type="stmt"/>
        <line num="134" count="5" type="stmt"/>
        <line num="137" count="7" type="stmt"/>
        <line num="140" count="4" type="stmt"/>
        <line num="141" count="2" type="stmt"/>
        <line num="142" count="2" type="stmt"/>
        <line num="143" count="2" type="stmt"/>
        <line num="144" count="2" type="stmt"/>
        <line num="147" count="4" type="stmt"/>
        <line num="148" count="2" type="cond" truecount="2" falsecount="0"/>
        <line num="149" count="1" type="stmt"/>
        <line num="151" count="1" type="stmt"/>
        <line num="155" count="4" type="stmt"/>
        <line num="156" count="1" type="stmt"/>
        <line num="158" count="1" type="cond" truecount="1" falsecount="1"/>
        <line num="159" count="1" type="stmt"/>
        <line num="163" count="4" type="stmt"/>
        <line num="164" count="1" type="stmt"/>
        <line num="165" count="1" type="stmt"/>
        <line num="166" count="1" type="stmt"/>
        <line num="167" count="1" type="stmt"/>
        <line num="168" count="1" type="stmt"/>
        <line num="171" count="4" type="stmt"/>
        <line num="172" count="1" type="stmt"/>
      </file>
    </package>
    <package name="screens">
      <metrics statements="38" coveredstatements="21" conditionals="2" coveredconditionals="0" methods="12" coveredmethods="4"/>
      <file name="ContactApp.js" path="D:\Code\GitHub\Mini-Project\CrudContactApp\src\screens\ContactApp.js">
        <metrics statements="38" coveredstatements="21" conditionals="2" coveredconditionals="0" methods="12" coveredmethods="4"/>
        <line num="18" count="1" type="stmt"/>
        <line num="19" count="4" type="stmt"/>
        <line num="20" count="4" type="stmt"/>
        <line num="21" count="4" type="stmt"/>
        <line num="22" count="4" type="stmt"/>
        <line num="23" count="4" type="stmt"/>
        <line num="24" count="4" type="stmt"/>
        <line num="25" count="4" type="stmt"/>
        <line num="26" count="4" type="stmt"/>
        <line num="27" count="4" type="stmt"/>
        <line num="28" count="4" type="stmt"/>
        <line num="29" count="4" type="stmt"/>
        <line num="30" count="4" type="stmt"/>
        <line num="32" count="4" type="stmt"/>
        <line num="33" count="4" type="stmt"/>
        <line num="36" count="4" type="stmt"/>
        <line num="37" count="3" type="stmt"/>
        <line num="38" count="0" type="stmt"/>
        <line num="40" count="3" type="stmt"/>
        <line num="43" count="4" type="stmt"/>
        <line num="44" count="0" type="stmt"/>
        <line num="49" count="0" type="stmt"/>
        <line num="50" count="0" type="stmt"/>
        <line num="51" count="0" type="stmt"/>
        <line num="52" count="0" type="stmt"/>
        <line num="53" count="0" type="stmt"/>
        <line num="54" count="0" type="stmt"/>
        <line num="57" count="0" type="stmt"/>
        <line num="58" count="0" type="stmt"/>
        <line num="59" count="0" type="stmt"/>
        <line num="60" count="0" type="stmt"/>
        <line num="61" count="0" type="stmt"/>
        <line num="62" count="0" type="stmt"/>
        <line num="74" count="4" type="stmt"/>
        <line num="80" count="0" type="stmt"/>
        <line num="85" count="0" type="stmt"/>
        <line num="86" count="0" type="stmt"/>
        <line num="93" count="1" type="stmt"/>
      </file>
    </package>
  </project>
</coverage>
