{"D:\\Code\\GitHub\\Mini-Project\\CrudContactApp\\src\\components\\AddContactModal.js": {"path":"D:\\Code\\GitHub\\Mini-Project\\CrudContactApp\\src\\components\\AddContactModal.js","statementMap":{"0":{"start":{"line":16,"column":24},"end":{"line":110,"column":1}},"1":{"start":{"line":17,"column":29},"end":{"line":17,"column":49}},"2":{"start":{"line":18,"column":27},"end":{"line":18,"column":47}},"3":{"start":{"line":19,"column":25},"end":{"line":19,"column":45}},"4":{"start":{"line":20,"column":27},"end":{"line":20,"column":51}},"5":{"start":{"line":21,"column":29},"end":{"line":21,"column":52}},"6":{"start":{"line":22,"column":29},"end":{"line":22,"column":49}},"7":{"start":{"line":24,"column":20},"end":{"line":30,"column":5}},"8":{"start":{"line":25,"column":8},"end":{"line":25,"column":23}},"9":{"start":{"line":26,"column":26},"end":{"line":26,"column":39}},"10":{"start":{"line":27,"column":8},"end":{"line":27,"column":43}},"11":{"start":{"line":28,"column":8},"end":{"line":28,"column":20}},"12":{"start":{"line":29,"column":8},"end":{"line":29,"column":50}},"13":{"start":{"line":32,"column":4},"end":{"line":34,"column":5}},"14":{"start":{"line":36,"column":4},"end":{"line":109,"column":5}},"15":{"start":{"line":49,"column":33},"end":{"line":49,"column":47}},"16":{"start":{"line":62,"column":50},"end":{"line":62,"column":64}},"17":{"start":{"line":70,"column":50},"end":{"line":70,"column":63}},"18":{"start":{"line":78,"column":50},"end":{"line":78,"column":62}},"19":{"start":{"line":87,"column":28},"end":{"line":87,"column":43}},"20":{"start":{"line":88,"column":28},"end":{"line":88,"column":70}},"21":{"start":{"line":96,"column":32},"end":{"line":98,"column":105}}},"fnMap":{"0":{"name":"(anonymous_0)","decl":{"start":{"line":16,"column":24},"end":{"line":16,"column":25}},"loc":{"start":{"line":16,"column":64},"end":{"line":110,"column":1}},"line":16},"1":{"name":"(anonymous_1)","decl":{"start":{"line":24,"column":20},"end":{"line":24,"column":21}},"loc":{"start":{"line":24,"column":30},"end":{"line":30,"column":5}},"line":24},"2":{"name":"(anonymous_2)","decl":{"start":{"line":49,"column":29},"end":{"line":49,"column":30}},"loc":{"start":{"line":49,"column":33},"end":{"line":49,"column":47}},"line":49},"3":{"name":"(anonymous_3)","decl":{"start":{"line":62,"column":42},"end":{"line":62,"column":43}},"loc":{"start":{"line":62,"column":50},"end":{"line":62,"column":64}},"line":62},"4":{"name":"(anonymous_4)","decl":{"start":{"line":70,"column":42},"end":{"line":70,"column":43}},"loc":{"start":{"line":70,"column":50},"end":{"line":70,"column":63}},"line":70},"5":{"name":"(anonymous_5)","decl":{"start":{"line":78,"column":42},"end":{"line":78,"column":43}},"loc":{"start":{"line":78,"column":50},"end":{"line":78,"column":62}},"line":78},"6":{"name":"(anonymous_6)","decl":{"start":{"line":86,"column":33},"end":{"line":86,"column":34}},"loc":{"start":{"line":86,"column":37},"end":{"line":89,"column":25}},"line":86},"7":{"name":"(anonymous_7)","decl":{"start":{"line":94,"column":33},"end":{"line":94,"column":34}},"loc":{"start":{"line":94,"column":37},"end":{"line":100,"column":25}},"line":94}},"branchMap":{"0":{"loc":{"start":{"line":51,"column":26},"end":{"line":52,"column":86}},"type":"cond-expr","locations":[{"start":{"line":51,"column":44},"end":{"line":51,"column":91}},{"start":{"line":52,"column":24},"end":{"line":52,"column":86}}],"line":51},"1":{"loc":{"start":{"line":96,"column":32},"end":{"line":98,"column":105}},"type":"cond-expr","locations":[{"start":{"line":97,"column":32},"end":{"line":97,"column":41}},{"start":{"line":98,"column":32},"end":{"line":98,"column":105}}],"line":96}},"s":{"0":2,"1":8,"2":8,"3":8,"4":8,"5":8,"6":8,"7":8,"8":0,"9":0,"10":0,"11":0,"12":0,"13":8,"14":8,"15":1,"16":1,"17":1,"18":1,"19":1,"20":1,"21":0},"f":{"0":8,"1":0,"2":1,"3":1,"4":1,"5":1,"6":1,"7":0},"b":{"0":[8,0],"1":[0,0]},"_coverageSchema":"1a1c01bbd47fc00a2c39e90264f33305004495a9","hash":"4b5f10741e98245d1f394986c35e60be82ae3fde"}
,"D:\\Code\\GitHub\\Mini-Project\\CrudContactApp\\src\\components\\AwesomeAlert.js": {"path":"D:\\Code\\GitHub\\Mini-Project\\CrudContactApp\\src\\components\\AwesomeAlert.js","statementMap":{"0":{"start":{"line":13,"column":16},"end":{"line":48,"column":1}},"1":{"start":{"line":14,"column":4},"end":{"line":47,"column":5}},"2":{"start":{"line":20,"column":25},"end":{"line":20,"column":39}},"3":{"start":{"line":29,"column":20},"end":{"line":29,"column":46}},"4":{"start":{"line":30,"column":20},"end":{"line":30,"column":34}},"5":{"start":{"line":38,"column":20},"end":{"line":38,"column":47}},"6":{"start":{"line":39,"column":20},"end":{"line":39,"column":34}}},"fnMap":{"0":{"name":"(anonymous_0)","decl":{"start":{"line":13,"column":16},"end":{"line":13,"column":17}},"loc":{"start":{"line":13,"column":69},"end":{"line":48,"column":1}},"line":13},"1":{"name":"(anonymous_1)","decl":{"start":{"line":20,"column":21},"end":{"line":20,"column":22}},"loc":{"start":{"line":20,"column":25},"end":{"line":20,"column":39}},"line":20},"2":{"name":"(anonymous_2)","decl":{"start":{"line":28,"column":25},"end":{"line":28,"column":26}},"loc":{"start":{"line":28,"column":29},"end":{"line":31,"column":17}},"line":28},"3":{"name":"(anonymous_3)","decl":{"start":{"line":37,"column":25},"end":{"line":37,"column":26}},"loc":{"start":{"line":37,"column":29},"end":{"line":40,"column":17}},"line":37}},"branchMap":{},"s":{"0":4,"1":12,"2":1,"3":1,"4":1,"5":1,"6":1},"f":{"0":12,"1":1,"2":1,"3":1},"b":{},"_coverageSchema":"1a1c01bbd47fc00a2c39e90264f33305004495a9","hash":"0149dbefe65050f2e62ae2db027cee1e439ea524"}
,"D:\\Code\\GitHub\\Mini-Project\\CrudContactApp\\src\\components\\ContactCard.js": {"path":"D:\\Code\\GitHub\\Mini-Project\\CrudContactApp\\src\\components\\ContactCard.js","statementMap":{"0":{"start":{"line":13,"column":20},"end":{"line":47,"column":1}},"1":{"start":{"line":14,"column":4},"end":{"line":46,"column":5}},"2":{"start":{"line":39,"column":20},"end":{"line":39,"column":34}}},"fnMap":{"0":{"name":"(anonymous_0)","decl":{"start":{"line":13,"column":20},"end":{"line":13,"column":21}},"loc":{"start":{"line":13,"column":77},"end":{"line":47,"column":1}},"line":13},"1":{"name":"(anonymous_1)","decl":{"start":{"line":38,"column":25},"end":{"line":38,"column":26}},"loc":{"start":{"line":38,"column":29},"end":{"line":40,"column":17}},"line":38}},"branchMap":{"0":{"loc":{"start":{"line":20,"column":13},"end":{"line":21,"column":73}},"type":"cond-expr","locations":[{"start":{"line":20,"column":31},"end":{"line":20,"column":78}},{"start":{"line":21,"column":12},"end":{"line":21,"column":73}}],"line":20}},"s":{"0":2,"1":3,"2":1},"f":{"0":3,"1":1},"b":{"0":[1,2]},"_coverageSchema":"1a1c01bbd47fc00a2c39e90264f33305004495a9","hash":"1d47f63a75c3133e50bf8a06b18d3a5a11ec320d"}
,"D:\\Code\\GitHub\\Mini-Project\\CrudContactApp\\src\\components\\EditContactModal.js": {"path":"D:\\Code\\GitHub\\Mini-Project\\CrudContactApp\\src\\components\\EditContactModal.js","statementMap":{"0":{"start":{"line":18,"column":0},"end":{"line":99,"column":1}},"1":{"start":{"line":19,"column":37},"end":{"line":19,"column":52}},"2":{"start":{"line":20,"column":29},"end":{"line":20,"column":41}},"3":{"start":{"line":22,"column":20},"end":{"line":27,"column":5}},"4":{"start":{"line":23,"column":8},"end":{"line":23,"column":22}},"5":{"start":{"line":24,"column":26},"end":{"line":24,"column":39}},"6":{"start":{"line":25,"column":8},"end":{"line":25,"column":46}},"7":{"start":{"line":26,"column":8},"end":{"line":26,"column":20}},"8":{"start":{"line":29,"column":16},"end":{"line":33,"column":5}},"9":{"start":{"line":30,"column":8},"end":{"line":32,"column":81}},"10":{"start":{"line":35,"column":4},"end":{"line":98,"column":5}},"11":{"start":{"line":44,"column":25},"end":{"line":44,"column":43}},"12":{"start":{"line":57,"column":38},"end":{"line":57,"column":52}},"13":{"start":{"line":65,"column":38},"end":{"line":65,"column":51}},"14":{"start":{"line":73,"column":38},"end":{"line":73,"column":50}},"15":{"start":{"line":81,"column":20},"end":{"line":81,"column":34}},"16":{"start":{"line":89,"column":19},"end":{"line":89,"column":24}}},"fnMap":{"0":{"name":"(anonymous_0)","decl":{"start":{"line":18,"column":0},"end":{"line":18,"column":1}},"loc":{"start":{"line":18,"column":99},"end":{"line":99,"column":1}},"line":18},"1":{"name":"(anonymous_1)","decl":{"start":{"line":22,"column":20},"end":{"line":22,"column":21}},"loc":{"start":{"line":22,"column":30},"end":{"line":27,"column":5}},"line":22},"2":{"name":"(anonymous_2)","decl":{"start":{"line":29,"column":16},"end":{"line":29,"column":17}},"loc":{"start":{"line":29,"column":26},"end":{"line":33,"column":5}},"line":29},"3":{"name":"(anonymous_3)","decl":{"start":{"line":44,"column":21},"end":{"line":44,"column":22}},"loc":{"start":{"line":44,"column":25},"end":{"line":44,"column":43}},"line":44},"4":{"name":"(anonymous_4)","decl":{"start":{"line":57,"column":30},"end":{"line":57,"column":31}},"loc":{"start":{"line":57,"column":38},"end":{"line":57,"column":52}},"line":57},"5":{"name":"(anonymous_5)","decl":{"start":{"line":65,"column":30},"end":{"line":65,"column":31}},"loc":{"start":{"line":65,"column":38},"end":{"line":65,"column":51}},"line":65},"6":{"name":"(anonymous_6)","decl":{"start":{"line":73,"column":30},"end":{"line":73,"column":31}},"loc":{"start":{"line":73,"column":38},"end":{"line":73,"column":50}},"line":73},"7":{"name":"(anonymous_7)","decl":{"start":{"line":80,"column":25},"end":{"line":80,"column":26}},"loc":{"start":{"line":80,"column":29},"end":{"line":82,"column":17}},"line":80},"8":{"name":"(anonymous_8)","decl":{"start":{"line":88,"column":25},"end":{"line":88,"column":26}},"loc":{"start":{"line":88,"column":29},"end":{"line":90,"column":17}},"line":88}},"branchMap":{"0":{"loc":{"start":{"line":30,"column":8},"end":{"line":32,"column":81}},"type":"cond-expr","locations":[{"start":{"line":31,"column":8},"end":{"line":31,"column":17}},{"start":{"line":32,"column":8},"end":{"line":32,"column":81}}],"line":30},"1":{"loc":{"start":{"line":46,"column":17},"end":{"line":47,"column":77}},"type":"cond-expr","locations":[{"start":{"line":46,"column":35},"end":{"line":46,"column":82}},{"start":{"line":47,"column":16},"end":{"line":47,"column":77}}],"line":46}},"s":{"0":2,"1":5,"2":5,"3":5,"4":1,"5":1,"6":1,"7":1,"8":5,"9":1,"10":5,"11":1,"12":1,"13":1,"14":1,"15":1,"16":1},"f":{"0":5,"1":1,"2":1,"3":1,"4":1,"5":1,"6":1,"7":1,"8":1},"b":{"0":[1,0],"1":[3,2]},"_coverageSchema":"1a1c01bbd47fc00a2c39e90264f33305004495a9","hash":"21724ce238b1777fc4c575770241182d2685ae4e"}
,"D:\\Code\\GitHub\\Mini-Project\\CrudContactApp\\src\\components\\Searchbar.js": {"path":"D:\\Code\\GitHub\\Mini-Project\\CrudContactApp\\src\\components\\Searchbar.js","statementMap":{"0":{"start":{"line":10,"column":4},"end":{"line":26,"column":5}},"1":{"start":{"line":22,"column":20},"end":{"line":22,"column":41}}},"fnMap":{"0":{"name":"Searchbar","decl":{"start":{"line":9,"column":9},"end":{"line":9,"column":18}},"loc":{"start":{"line":9,"column":59},"end":{"line":27,"column":1}},"line":9},"1":{"name":"(anonymous_1)","decl":{"start":{"line":21,"column":30},"end":{"line":21,"column":31}},"loc":{"start":{"line":21,"column":44},"end":{"line":23,"column":17}},"line":21}},"branchMap":{},"s":{"0":3,"1":1},"f":{"0":3,"1":1},"b":{},"_coverageSchema":"1a1c01bbd47fc00a2c39e90264f33305004495a9","hash":"c35b5a76833f609eee758a208ef1a94ae1de0b51"}
,"D:\\Code\\GitHub\\Mini-Project\\CrudContactApp\\src\\functions\\FunctionScreen.js": {"path":"D:\\Code\\GitHub\\Mini-Project\\CrudContactApp\\src\\functions\\FunctionScreen.js","statementMap":{"0":{"start":{"line":6,"column":23},"end":{"line":13,"column":1}},"1":{"start":{"line":7,"column":4},"end":{"line":11,"column":6}},"2":{"start":{"line":9,"column":4},"end":{"line":9,"column":34}},"3":{"start":{"line":10,"column":4},"end":{"line":10,"column":26}},"4":{"start":{"line":12,"column":4},"end":{"line":12,"column":15}},"5":{"start":{"line":15,"column":23},"end":{"line":27,"column":1}},"6":{"start":{"line":16,"column":4},"end":{"line":26,"column":6}},"7":{"start":{"line":29,"column":23},"end":{"line":41,"column":1}},"8":{"start":{"line":30,"column":4},"end":{"line":40,"column":6}},"9":{"start":{"line":43,"column":28},"end":{"line":56,"column":1}},"10":{"start":{"line":44,"column":4},"end":{"line":55,"column":5}},"11":{"start":{"line":45,"column":24},"end":{"line":49,"column":10}},"12":{"start":{"line":46,"column":29},"end":{"line":46,"column":93}},"13":{"start":{"line":47,"column":29},"end":{"line":47,"column":47}},"14":{"start":{"line":48,"column":12},"end":{"line":48,"column":50}},"15":{"start":{"line":50,"column":8},"end":{"line":50,"column":31}},"16":{"start":{"line":51,"column":8},"end":{"line":51,"column":21}},"17":{"start":{"line":53,"column":8},"end":{"line":53,"column":31}},"18":{"start":{"line":54,"column":8},"end":{"line":54,"column":21}},"19":{"start":{"line":58,"column":26},"end":{"line":76,"column":5}},"20":{"start":{"line":60,"column":21},"end":{"line":63,"column":9}},"21":{"start":{"line":64,"column":8},"end":{"line":74,"column":10}},"22":{"start":{"line":65,"column":12},"end":{"line":73,"column":13}},"23":{"start":{"line":66,"column":16},"end":{"line":66,"column":56}},"24":{"start":{"line":67,"column":18},"end":{"line":73,"column":13}},"25":{"start":{"line":68,"column":16},"end":{"line":68,"column":46}},"26":{"start":{"line":70,"column":29},"end":{"line":70,"column":42}},"27":{"start":{"line":71,"column":16},"end":{"line":71,"column":34}},"28":{"start":{"line":72,"column":16},"end":{"line":72,"column":37}},"29":{"start":{"line":75,"column":8},"end":{"line":75,"column":20}},"30":{"start":{"line":78,"column":27},"end":{"line":95,"column":1}},"31":{"start":{"line":79,"column":19},"end":{"line":82,"column":5}},"32":{"start":{"line":83,"column":4},"end":{"line":93,"column":6}},"33":{"start":{"line":84,"column":8},"end":{"line":92,"column":9}},"34":{"start":{"line":85,"column":12},"end":{"line":85,"column":51}},"35":{"start":{"line":86,"column":14},"end":{"line":92,"column":9}},"36":{"start":{"line":87,"column":12},"end":{"line":87,"column":38}},"37":{"start":{"line":89,"column":24},"end":{"line":89,"column":37}},"38":{"start":{"line":90,"column":12},"end":{"line":90,"column":30}},"39":{"start":{"line":91,"column":12},"end":{"line":91,"column":33}},"40":{"start":{"line":94,"column":4},"end":{"line":94,"column":16}},"41":{"start":{"line":97,"column":36},"end":{"line":135,"column":1}},"42":{"start":{"line":98,"column":35},"end":{"line":98,"column":40}},"43":{"start":{"line":99,"column":34},"end":{"line":99,"column":39}},"44":{"start":{"line":100,"column":29},"end":{"line":100,"column":34}},"45":{"start":{"line":101,"column":27},"end":{"line":101,"column":29}},"46":{"start":{"line":102,"column":27},"end":{"line":102,"column":32}},"47":{"start":{"line":104,"column":4},"end":{"line":108,"column":5}},"48":{"start":{"line":105,"column":8},"end":{"line":105,"column":31}},"49":{"start":{"line":106,"column":10},"end":{"line":108,"column":5}},"50":{"start":{"line":107,"column":8},"end":{"line":107,"column":32}},"51":{"start":{"line":110,"column":4},"end":{"line":114,"column":5}},"52":{"start":{"line":111,"column":8},"end":{"line":111,"column":30}},"53":{"start":{"line":112,"column":10},"end":{"line":114,"column":5}},"54":{"start":{"line":113,"column":8},"end":{"line":113,"column":31}},"55":{"start":{"line":116,"column":4},"end":{"line":120,"column":5}},"56":{"start":{"line":117,"column":8},"end":{"line":117,"column":30}},"57":{"start":{"line":118,"column":10},"end":{"line":120,"column":5}},"58":{"start":{"line":119,"column":8},"end":{"line":119,"column":31}},"59":{"start":{"line":122,"column":4},"end":{"line":126,"column":5}},"60":{"start":{"line":123,"column":8},"end":{"line":123,"column":25}},"61":{"start":{"line":124,"column":10},"end":{"line":126,"column":5}},"62":{"start":{"line":125,"column":8},"end":{"line":125,"column":26}},"63":{"start":{"line":128,"column":4},"end":{"line":132,"column":5}},"64":{"start":{"line":129,"column":8},"end":{"line":129,"column":23}},"65":{"start":{"line":131,"column":8},"end":{"line":131,"column":24}},"66":{"start":{"line":134,"column":3},"end":{"line":134,"column":18}},"67":{"start":{"line":137,"column":24},"end":{"line":142,"column":1}},"68":{"start":{"line":138,"column":4},"end":{"line":138,"column":19}},"69":{"start":{"line":139,"column":4},"end":{"line":139,"column":15}},"70":{"start":{"line":140,"column":4},"end":{"line":140,"column":16}},"71":{"start":{"line":141,"column":4},"end":{"line":141,"column":14}},"72":{"start":{"line":144,"column":26},"end":{"line":150,"column":1}},"73":{"start":{"line":145,"column":4},"end":{"line":149,"column":5}},"74":{"start":{"line":146,"column":8},"end":{"line":146,"column":23}},"75":{"start":{"line":148,"column":8},"end":{"line":148,"column":25}},"76":{"start":{"line":152,"column":29},"end":{"line":159,"column":1}},"77":{"start":{"line":153,"column":4},"end":{"line":158,"column":6}},"78":{"start":{"line":155,"column":8},"end":{"line":157,"column":9}},"79":{"start":{"line":156,"column":12},"end":{"line":156,"column":21}}},"fnMap":{"0":{"name":"(anonymous_0)","decl":{"start":{"line":6,"column":23},"end":{"line":6,"column":24}},"loc":{"start":{"line":6,"column":110},"end":{"line":13,"column":1}},"line":6},"1":{"name":"(anonymous_1)","decl":{"start":{"line":8,"column":10},"end":{"line":8,"column":11}},"loc":{"start":{"line":8,"column":15},"end":{"line":11,"column":5}},"line":8},"2":{"name":"(anonymous_2)","decl":{"start":{"line":15,"column":23},"end":{"line":15,"column":24}},"loc":{"start":{"line":15,"column":80},"end":{"line":27,"column":1}},"line":15},"3":{"name":"(anonymous_3)","decl":{"start":{"line":29,"column":23},"end":{"line":29,"column":24}},"loc":{"start":{"line":29,"column":90},"end":{"line":41,"column":1}},"line":29},"4":{"name":"(anonymous_4)","decl":{"start":{"line":43,"column":28},"end":{"line":43,"column":29}},"loc":{"start":{"line":43,"column":106},"end":{"line":56,"column":1}},"line":43},"5":{"name":"(anonymous_5)","decl":{"start":{"line":45,"column":39},"end":{"line":45,"column":40}},"loc":{"start":{"line":45,"column":47},"end":{"line":49,"column":9}},"line":45},"6":{"name":"(anonymous_6)","decl":{"start":{"line":58,"column":26},"end":{"line":58,"column":27}},"loc":{"start":{"line":58,"column":71},"end":{"line":76,"column":5}},"line":58},"7":{"name":"(anonymous_7)","decl":{"start":{"line":64,"column":28},"end":{"line":64,"column":29}},"loc":{"start":{"line":64,"column":35},"end":{"line":74,"column":9}},"line":64},"8":{"name":"(anonymous_8)","decl":{"start":{"line":78,"column":27},"end":{"line":78,"column":28}},"loc":{"start":{"line":78,"column":71},"end":{"line":95,"column":1}},"line":78},"9":{"name":"(anonymous_9)","decl":{"start":{"line":83,"column":30},"end":{"line":83,"column":31}},"loc":{"start":{"line":83,"column":37},"end":{"line":93,"column":5}},"line":83},"10":{"name":"(anonymous_10)","decl":{"start":{"line":97,"column":36},"end":{"line":97,"column":37}},"loc":{"start":{"line":97,"column":85},"end":{"line":135,"column":1}},"line":97},"11":{"name":"(anonymous_11)","decl":{"start":{"line":137,"column":24},"end":{"line":137,"column":25}},"loc":{"start":{"line":137,"column":102},"end":{"line":142,"column":1}},"line":137},"12":{"name":"(anonymous_12)","decl":{"start":{"line":144,"column":26},"end":{"line":144,"column":27}},"loc":{"start":{"line":144,"column":66},"end":{"line":150,"column":1}},"line":144},"13":{"name":"(anonymous_13)","decl":{"start":{"line":152,"column":29},"end":{"line":152,"column":30}},"loc":{"start":{"line":152,"column":51},"end":{"line":159,"column":1}},"line":152},"14":{"name":"(anonymous_14)","decl":{"start":{"line":154,"column":10},"end":{"line":154,"column":11}},"loc":{"start":{"line":154,"column":24},"end":{"line":158,"column":5}},"line":154}},"branchMap":{"0":{"loc":{"start":{"line":44,"column":4},"end":{"line":55,"column":5}},"type":"if","locations":[{"start":{"line":44,"column":4},"end":{"line":55,"column":5}},{"start":{"line":52,"column":9},"end":{"line":55,"column":5}}],"line":44},"1":{"loc":{"start":{"line":46,"column":29},"end":{"line":46,"column":93}},"type":"cond-expr","locations":[{"start":{"line":46,"column":46},"end":{"line":46,"column":74}},{"start":{"line":46,"column":77},"end":{"line":46,"column":93}}],"line":46},"2":{"loc":{"start":{"line":65,"column":12},"end":{"line":73,"column":13}},"type":"if","locations":[{"start":{"line":65,"column":12},"end":{"line":73,"column":13}},{"start":{"line":67,"column":18},"end":{"line":73,"column":13}}],"line":65},"3":{"loc":{"start":{"line":67,"column":18},"end":{"line":73,"column":13}},"type":"if","locations":[{"start":{"line":67,"column":18},"end":{"line":73,"column":13}},{"start":{"line":69,"column":17},"end":{"line":73,"column":13}}],"line":67},"4":{"loc":{"start":{"line":84,"column":8},"end":{"line":92,"column":9}},"type":"if","locations":[{"start":{"line":84,"column":8},"end":{"line":92,"column":9}},{"start":{"line":86,"column":14},"end":{"line":92,"column":9}}],"line":84},"5":{"loc":{"start":{"line":86,"column":14},"end":{"line":92,"column":9}},"type":"if","locations":[{"start":{"line":86,"column":14},"end":{"line":92,"column":9}},{"start":{"line":88,"column":13},"end":{"line":92,"column":9}}],"line":86},"6":{"loc":{"start":{"line":104,"column":4},"end":{"line":108,"column":5}},"type":"if","locations":[{"start":{"line":104,"column":4},"end":{"line":108,"column":5}},{"start":{"line":106,"column":10},"end":{"line":108,"column":5}}],"line":104},"7":{"loc":{"start":{"line":106,"column":10},"end":{"line":108,"column":5}},"type":"if","locations":[{"start":{"line":106,"column":10},"end":{"line":108,"column":5}},{"start":{},"end":{}}],"line":106},"8":{"loc":{"start":{"line":110,"column":4},"end":{"line":114,"column":5}},"type":"if","locations":[{"start":{"line":110,"column":4},"end":{"line":114,"column":5}},{"start":{"line":112,"column":10},"end":{"line":114,"column":5}}],"line":110},"9":{"loc":{"start":{"line":112,"column":10},"end":{"line":114,"column":5}},"type":"if","locations":[{"start":{"line":112,"column":10},"end":{"line":114,"column":5}},{"start":{},"end":{}}],"line":112},"10":{"loc":{"start":{"line":116,"column":4},"end":{"line":120,"column":5}},"type":"if","locations":[{"start":{"line":116,"column":4},"end":{"line":120,"column":5}},{"start":{"line":118,"column":10},"end":{"line":120,"column":5}}],"line":116},"11":{"loc":{"start":{"line":118,"column":10},"end":{"line":120,"column":5}},"type":"if","locations":[{"start":{"line":118,"column":10},"end":{"line":120,"column":5}},{"start":{},"end":{}}],"line":118},"12":{"loc":{"start":{"line":122,"column":4},"end":{"line":126,"column":5}},"type":"if","locations":[{"start":{"line":122,"column":4},"end":{"line":126,"column":5}},{"start":{"line":124,"column":10},"end":{"line":126,"column":5}}],"line":122},"13":{"loc":{"start":{"line":124,"column":10},"end":{"line":126,"column":5}},"type":"if","locations":[{"start":{"line":124,"column":10},"end":{"line":126,"column":5}},{"start":{},"end":{}}],"line":124},"14":{"loc":{"start":{"line":128,"column":4},"end":{"line":132,"column":5}},"type":"if","locations":[{"start":{"line":128,"column":4},"end":{"line":132,"column":5}},{"start":{"line":130,"column":9},"end":{"line":132,"column":5}}],"line":128},"15":{"loc":{"start":{"line":128,"column":7},"end":{"line":128,"column":83}},"type":"binary-expr","locations":[{"start":{"line":128,"column":7},"end":{"line":128,"column":32}},{"start":{"line":128,"column":36},"end":{"line":128,"column":60}},{"start":{"line":128,"column":64},"end":{"line":128,"column":83}}],"line":128},"16":{"loc":{"start":{"line":145,"column":4},"end":{"line":149,"column":5}},"type":"if","locations":[{"start":{"line":145,"column":4},"end":{"line":149,"column":5}},{"start":{"line":147,"column":9},"end":{"line":149,"column":5}}],"line":145},"17":{"loc":{"start":{"line":155,"column":8},"end":{"line":157,"column":9}},"type":"if","locations":[{"start":{"line":155,"column":8},"end":{"line":157,"column":9}},{"start":{},"end":{}}],"line":155}},"s":{"0":4,"1":2,"2":0,"3":0,"4":2,"5":4,"6":0,"7":4,"8":1,"9":4,"10":0,"11":0,"12":0,"13":0,"14":0,"15":0,"16":0,"17":0,"18":0,"19":4,"20":1,"21":1,"22":0,"23":0,"24":0,"25":0,"26":0,"27":0,"28":0,"29":1,"30":4,"31":1,"32":1,"33":0,"34":0,"35":0,"36":0,"37":0,"38":0,"39":0,"40":1,"41":4,"42":1,"43":1,"44":1,"45":1,"46":1,"47":1,"48":1,"49":0,"50":0,"51":1,"52":1,"53":0,"54":0,"55":1,"56":1,"57":0,"58":0,"59":1,"60":1,"61":0,"62":0,"63":1,"64":1,"65":0,"66":1,"67":4,"68":1,"69":1,"70":1,"71":1,"72":4,"73":0,"74":0,"75":0,"76":4,"77":0,"78":0,"79":0},"f":{"0":2,"1":0,"2":0,"3":1,"4":0,"5":0,"6":1,"7":0,"8":1,"9":0,"10":1,"11":1,"12":0,"13":0,"14":0},"b":{"0":[0,0],"1":[0,0],"2":[0,0],"3":[0,0],"4":[0,0],"5":[0,0],"6":[1,0],"7":[0,0],"8":[1,0],"9":[0,0],"10":[1,0],"11":[0,0],"12":[1,0],"13":[0,0],"14":[1,0],"15":[1,1,1],"16":[0,0],"17":[0,0]},"_coverageSchema":"1a1c01bbd47fc00a2c39e90264f33305004495a9","hash":"6cf874d776db3ad9f441c7539a88a96fab02d86e"}
,"D:\\Code\\GitHub\\Mini-Project\\CrudContactApp\\src\\screens\\ContactApp.js": {"path":"D:\\Code\\GitHub\\Mini-Project\\CrudContactApp\\src\\screens\\ContactApp.js","statementMap":{"0":{"start":{"line":18,"column":19},"end":{"line":122,"column":1}},"1":{"start":{"line":19,"column":39},"end":{"line":19,"column":63}},"2":{"start":{"line":20,"column":37},"end":{"line":20,"column":57}},"3":{"start":{"line":21,"column":35},"end":{"line":21,"column":59}},"4":{"start":{"line":22,"column":35},"end":{"line":22,"column":59}},"5":{"start":{"line":23,"column":23},"end":{"line":23,"column":43}},"6":{"start":{"line":24,"column":29},"end":{"line":24,"column":49}},"7":{"start":{"line":25,"column":27},"end":{"line":25,"column":47}},"8":{"start":{"line":26,"column":25},"end":{"line":26,"column":45}},"9":{"start":{"line":27,"column":29},"end":{"line":27,"column":49}},"10":{"start":{"line":28,"column":41},"end":{"line":28,"column":61}},"11":{"start":{"line":29,"column":31},"end":{"line":29,"column":51}},"12":{"start":{"line":30,"column":29},"end":{"line":30,"column":53}},"13":{"start":{"line":32,"column":4},"end":{"line":34,"column":28}},"14":{"start":{"line":33,"column":8},"end":{"line":33,"column":66}},"15":{"start":{"line":36,"column":4},"end":{"line":41,"column":10}},"16":{"start":{"line":37,"column":21},"end":{"line":39,"column":12}},"17":{"start":{"line":38,"column":8},"end":{"line":38,"column":31}},"18":{"start":{"line":40,"column":4},"end":{"line":40,"column":41}},"19":{"start":{"line":40,"column":17},"end":{"line":40,"column":40}},"20":{"start":{"line":43,"column":4},"end":{"line":121,"column":5}},"21":{"start":{"line":49,"column":58},"end":{"line":49,"column":110}},"22":{"start":{"line":54,"column":51},"end":{"line":54,"column":89}},"23":{"start":{"line":55,"column":48},"end":{"line":55,"column":50}},"24":{"start":{"line":57,"column":24},"end":{"line":84,"column":25}},"25":{"start":{"line":62,"column":36},"end":{"line":62,"column":50}},"26":{"start":{"line":63,"column":36},"end":{"line":63,"column":60}},"27":{"start":{"line":64,"column":36},"end":{"line":64,"column":58}},"28":{"start":{"line":65,"column":36},"end":{"line":65,"column":52}},"29":{"start":{"line":66,"column":36},"end":{"line":66,"column":56}},"30":{"start":{"line":67,"column":36},"end":{"line":67,"column":53}},"31":{"start":{"line":70,"column":36},"end":{"line":70,"column":50}},"32":{"start":{"line":71,"column":36},"end":{"line":71,"column":60}},"33":{"start":{"line":72,"column":36},"end":{"line":72,"column":58}},"34":{"start":{"line":73,"column":36},"end":{"line":73,"column":52}},"35":{"start":{"line":74,"column":36},"end":{"line":74,"column":56}},"36":{"start":{"line":75,"column":36},"end":{"line":75,"column":53}},"37":{"start":{"line":91,"column":16},"end":{"line":91,"column":35}},"38":{"start":{"line":117,"column":20},"end":{"line":117,"column":39}}},"fnMap":{"0":{"name":"(anonymous_0)","decl":{"start":{"line":18,"column":19},"end":{"line":18,"column":20}},"loc":{"start":{"line":18,"column":54},"end":{"line":122,"column":1}},"line":18},"1":{"name":"(anonymous_1)","decl":{"start":{"line":32,"column":14},"end":{"line":32,"column":15}},"loc":{"start":{"line":32,"column":18},"end":{"line":34,"column":5}},"line":32},"2":{"name":"(anonymous_2)","decl":{"start":{"line":36,"column":14},"end":{"line":36,"column":15}},"loc":{"start":{"line":36,"column":20},"end":{"line":41,"column":5}},"line":36},"3":{"name":"(anonymous_3)","decl":{"start":{"line":37,"column":33},"end":{"line":37,"column":34}},"loc":{"start":{"line":37,"column":39},"end":{"line":39,"column":5}},"line":37},"4":{"name":"(anonymous_4)","decl":{"start":{"line":40,"column":11},"end":{"line":40,"column":12}},"loc":{"start":{"line":40,"column":17},"end":{"line":40,"column":40}},"line":40},"5":{"name":"(anonymous_5)","decl":{"start":{"line":49,"column":50},"end":{"line":49,"column":51}},"loc":{"start":{"line":49,"column":58},"end":{"line":49,"column":110}},"line":49},"6":{"name":"(anonymous_6)","decl":{"start":{"line":54,"column":44},"end":{"line":54,"column":45}},"loc":{"start":{"line":54,"column":51},"end":{"line":54,"column":89}},"line":54},"7":{"name":"(anonymous_7)","decl":{"start":{"line":55,"column":34},"end":{"line":55,"column":35}},"loc":{"start":{"line":55,"column":48},"end":{"line":55,"column":50}},"line":55},"8":{"name":"(anonymous_8)","decl":{"start":{"line":56,"column":32},"end":{"line":56,"column":33}},"loc":{"start":{"line":56,"column":42},"end":{"line":85,"column":21}},"line":56},"9":{"name":"(anonymous_9)","decl":{"start":{"line":61,"column":41},"end":{"line":61,"column":42}},"loc":{"start":{"line":61,"column":45},"end":{"line":68,"column":33}},"line":61},"10":{"name":"(anonymous_10)","decl":{"start":{"line":69,"column":45},"end":{"line":69,"column":46}},"loc":{"start":{"line":69,"column":49},"end":{"line":76,"column":33}},"line":69},"11":{"name":"(anonymous_11)","decl":{"start":{"line":90,"column":21},"end":{"line":90,"column":22}},"loc":{"start":{"line":90,"column":25},"end":{"line":92,"column":13}},"line":90},"12":{"name":"(anonymous_12)","decl":{"start":{"line":116,"column":34},"end":{"line":116,"column":35}},"loc":{"start":{"line":116,"column":38},"end":{"line":118,"column":17}},"line":116}},"branchMap":{"0":{"loc":{"start":{"line":78,"column":37},"end":{"line":79,"column":103}},"type":"cond-expr","locations":[{"start":{"line":78,"column":60},"end":{"line":78,"column":107}},{"start":{"line":79,"column":36},"end":{"line":79,"column":103}}],"line":78}},"s":{"0":1,"1":2,"2":2,"3":2,"4":2,"5":2,"6":2,"7":2,"8":2,"9":2,"10":2,"11":2,"12":2,"13":2,"14":2,"15":2,"16":1,"17":0,"18":1,"19":0,"20":2,"21":0,"22":0,"23":0,"24":0,"25":0,"26":0,"27":0,"28":0,"29":0,"30":0,"31":0,"32":0,"33":0,"34":0,"35":0,"36":0,"37":1,"38":0},"f":{"0":2,"1":2,"2":1,"3":0,"4":0,"5":0,"6":0,"7":0,"8":0,"9":0,"10":0,"11":1,"12":0},"b":{"0":[0,0]},"_coverageSchema":"1a1c01bbd47fc00a2c39e90264f33305004495a9","hash":"ecbdc816b9e53986c23f7cd4d9cac9589b8b8d40"}
}
