{"D:\\Code\\GitHub\\Mini-Project\\CrudContactApp\\src\\components\\AddContactModal.js": {"path":"D:\\Code\\GitHub\\Mini-Project\\CrudContactApp\\src\\components\\AddContactModal.js","statementMap":{"0":{"start":{"line":16,"column":24},"end":{"line":105,"column":1}},"1":{"start":{"line":17,"column":29},"end":{"line":17,"column":49}},"2":{"start":{"line":18,"column":27},"end":{"line":18,"column":47}},"3":{"start":{"line":19,"column":25},"end":{"line":19,"column":45}},"4":{"start":{"line":20,"column":27},"end":{"line":20,"column":51}},"5":{"start":{"line":21,"column":29},"end":{"line":21,"column":52}},"6":{"start":{"line":22,"column":29},"end":{"line":22,"column":49}},"7":{"start":{"line":24,"column":16},"end":{"line":28,"column":5}},"8":{"start":{"line":25,"column":8},"end":{"line":27,"column":81}},"9":{"start":{"line":30,"column":25},"end":{"line":36,"column":5}},"10":{"start":{"line":31,"column":8},"end":{"line":35,"column":9}},"11":{"start":{"line":32,"column":12},"end":{"line":32,"column":59}},"12":{"start":{"line":34,"column":12},"end":{"line":34,"column":74}},"13":{"start":{"line":38,"column":4},"end":{"line":104,"column":5}},"14":{"start":{"line":51,"column":33},"end":{"line":51,"column":47}},"15":{"start":{"line":62,"column":50},"end":{"line":62,"column":64}},"16":{"start":{"line":70,"column":50},"end":{"line":70,"column":63}},"17":{"start":{"line":78,"column":50},"end":{"line":78,"column":62}},"18":{"start":{"line":87,"column":28},"end":{"line":87,"column":43}},"19":{"start":{"line":88,"column":28},"end":{"line":88,"column":70}}},"fnMap":{"0":{"name":"(anonymous_0)","decl":{"start":{"line":16,"column":24},"end":{"line":16,"column":25}},"loc":{"start":{"line":16,"column":64},"end":{"line":105,"column":1}},"line":16},"1":{"name":"(anonymous_1)","decl":{"start":{"line":24,"column":16},"end":{"line":24,"column":17}},"loc":{"start":{"line":24,"column":21},"end":{"line":28,"column":5}},"line":24},"2":{"name":"(anonymous_2)","decl":{"start":{"line":30,"column":25},"end":{"line":30,"column":26}},"loc":{"start":{"line":30,"column":30},"end":{"line":36,"column":5}},"line":30},"3":{"name":"(anonymous_3)","decl":{"start":{"line":51,"column":29},"end":{"line":51,"column":30}},"loc":{"start":{"line":51,"column":33},"end":{"line":51,"column":47}},"line":51},"4":{"name":"(anonymous_4)","decl":{"start":{"line":62,"column":42},"end":{"line":62,"column":43}},"loc":{"start":{"line":62,"column":50},"end":{"line":62,"column":64}},"line":62},"5":{"name":"(anonymous_5)","decl":{"start":{"line":70,"column":42},"end":{"line":70,"column":43}},"loc":{"start":{"line":70,"column":50},"end":{"line":70,"column":63}},"line":70},"6":{"name":"(anonymous_6)","decl":{"start":{"line":78,"column":42},"end":{"line":78,"column":43}},"loc":{"start":{"line":78,"column":50},"end":{"line":78,"column":62}},"line":78},"7":{"name":"(anonymous_7)","decl":{"start":{"line":86,"column":33},"end":{"line":86,"column":34}},"loc":{"start":{"line":86,"column":37},"end":{"line":89,"column":25}},"line":86}},"branchMap":{"0":{"loc":{"start":{"line":25,"column":8},"end":{"line":27,"column":81}},"type":"cond-expr","locations":[{"start":{"line":26,"column":8},"end":{"line":26,"column":88}},{"start":{"line":27,"column":8},"end":{"line":27,"column":81}}],"line":25},"1":{"loc":{"start":{"line":31,"column":8},"end":{"line":35,"column":9}},"type":"if","locations":[{"start":{"line":31,"column":8},"end":{"line":35,"column":9}},{"start":{"line":33,"column":13},"end":{"line":35,"column":9}}],"line":31}},"s":{"0":1,"1":7,"2":7,"3":7,"4":7,"5":7,"6":7,"7":7,"8":1,"9":7,"10":7,"11":7,"12":0,"13":7,"14":1,"15":1,"16":1,"17":1,"18":1,"19":1},"f":{"0":7,"1":1,"2":7,"3":1,"4":1,"5":1,"6":1,"7":1},"b":{"0":[0,1],"1":[7,0]},"_coverageSchema":"1a1c01bbd47fc00a2c39e90264f33305004495a9","hash":"5bf0d58c0ae170a3ac4e0bb6ef0d2cbd0d0d9c17"}
,"D:\\Code\\GitHub\\Mini-Project\\CrudContactApp\\src\\components\\AwesomeAlert.js": {"path":"D:\\Code\\GitHub\\Mini-Project\\CrudContactApp\\src\\components\\AwesomeAlert.js","statementMap":{"0":{"start":{"line":13,"column":16},"end":{"line":48,"column":1}},"1":{"start":{"line":14,"column":4},"end":{"line":47,"column":5}},"2":{"start":{"line":20,"column":25},"end":{"line":20,"column":39}},"3":{"start":{"line":29,"column":20},"end":{"line":29,"column":46}},"4":{"start":{"line":30,"column":20},"end":{"line":30,"column":34}},"5":{"start":{"line":38,"column":20},"end":{"line":38,"column":47}},"6":{"start":{"line":39,"column":20},"end":{"line":39,"column":34}}},"fnMap":{"0":{"name":"(anonymous_0)","decl":{"start":{"line":13,"column":16},"end":{"line":13,"column":17}},"loc":{"start":{"line":13,"column":69},"end":{"line":48,"column":1}},"line":13},"1":{"name":"(anonymous_1)","decl":{"start":{"line":20,"column":21},"end":{"line":20,"column":22}},"loc":{"start":{"line":20,"column":25},"end":{"line":20,"column":39}},"line":20},"2":{"name":"(anonymous_2)","decl":{"start":{"line":28,"column":25},"end":{"line":28,"column":26}},"loc":{"start":{"line":28,"column":29},"end":{"line":31,"column":17}},"line":28},"3":{"name":"(anonymous_3)","decl":{"start":{"line":37,"column":25},"end":{"line":37,"column":26}},"loc":{"start":{"line":37,"column":29},"end":{"line":40,"column":17}},"line":37}},"branchMap":{},"s":{"0":3,"1":9,"2":1,"3":1,"4":1,"5":1,"6":1},"f":{"0":9,"1":1,"2":1,"3":1},"b":{},"_coverageSchema":"1a1c01bbd47fc00a2c39e90264f33305004495a9","hash":"0149dbefe65050f2e62ae2db027cee1e439ea524"}
,"D:\\Code\\GitHub\\Mini-Project\\CrudContactApp\\src\\components\\ContactCard.js": {"path":"D:\\Code\\GitHub\\Mini-Project\\CrudContactApp\\src\\components\\ContactCard.js","statementMap":{"0":{"start":{"line":13,"column":20},"end":{"line":47,"column":1}},"1":{"start":{"line":14,"column":4},"end":{"line":46,"column":5}},"2":{"start":{"line":39,"column":20},"end":{"line":39,"column":34}}},"fnMap":{"0":{"name":"(anonymous_0)","decl":{"start":{"line":13,"column":20},"end":{"line":13,"column":21}},"loc":{"start":{"line":13,"column":77},"end":{"line":47,"column":1}},"line":13},"1":{"name":"(anonymous_1)","decl":{"start":{"line":38,"column":25},"end":{"line":38,"column":26}},"loc":{"start":{"line":38,"column":29},"end":{"line":40,"column":17}},"line":38}},"branchMap":{"0":{"loc":{"start":{"line":20,"column":13},"end":{"line":21,"column":73}},"type":"cond-expr","locations":[{"start":{"line":20,"column":31},"end":{"line":20,"column":78}},{"start":{"line":21,"column":12},"end":{"line":21,"column":73}}],"line":20}},"s":{"0":1,"1":1,"2":1},"f":{"0":1,"1":1},"b":{"0":[1,0]},"_coverageSchema":"1a1c01bbd47fc00a2c39e90264f33305004495a9","hash":"1d47f63a75c3133e50bf8a06b18d3a5a11ec320d"}
,"D:\\Code\\GitHub\\Mini-Project\\CrudContactApp\\src\\components\\EditContactModal.js": {"path":"D:\\Code\\GitHub\\Mini-Project\\CrudContactApp\\src\\components\\EditContactModal.js","statementMap":{"0":{"start":{"line":18,"column":0},"end":{"line":99,"column":1}},"1":{"start":{"line":19,"column":37},"end":{"line":19,"column":52}},"2":{"start":{"line":20,"column":29},"end":{"line":20,"column":41}},"3":{"start":{"line":22,"column":20},"end":{"line":27,"column":5}},"4":{"start":{"line":23,"column":8},"end":{"line":23,"column":22}},"5":{"start":{"line":24,"column":26},"end":{"line":24,"column":39}},"6":{"start":{"line":25,"column":8},"end":{"line":25,"column":46}},"7":{"start":{"line":26,"column":8},"end":{"line":26,"column":20}},"8":{"start":{"line":29,"column":16},"end":{"line":33,"column":5}},"9":{"start":{"line":30,"column":8},"end":{"line":32,"column":81}},"10":{"start":{"line":35,"column":4},"end":{"line":98,"column":5}},"11":{"start":{"line":44,"column":25},"end":{"line":44,"column":43}},"12":{"start":{"line":57,"column":38},"end":{"line":57,"column":52}},"13":{"start":{"line":65,"column":38},"end":{"line":65,"column":51}},"14":{"start":{"line":73,"column":38},"end":{"line":73,"column":50}},"15":{"start":{"line":81,"column":20},"end":{"line":81,"column":34}},"16":{"start":{"line":89,"column":19},"end":{"line":89,"column":24}}},"fnMap":{"0":{"name":"(anonymous_0)","decl":{"start":{"line":18,"column":0},"end":{"line":18,"column":1}},"loc":{"start":{"line":18,"column":99},"end":{"line":99,"column":1}},"line":18},"1":{"name":"(anonymous_1)","decl":{"start":{"line":22,"column":20},"end":{"line":22,"column":21}},"loc":{"start":{"line":22,"column":30},"end":{"line":27,"column":5}},"line":22},"2":{"name":"(anonymous_2)","decl":{"start":{"line":29,"column":16},"end":{"line":29,"column":17}},"loc":{"start":{"line":29,"column":26},"end":{"line":33,"column":5}},"line":29},"3":{"name":"(anonymous_3)","decl":{"start":{"line":44,"column":21},"end":{"line":44,"column":22}},"loc":{"start":{"line":44,"column":25},"end":{"line":44,"column":43}},"line":44},"4":{"name":"(anonymous_4)","decl":{"start":{"line":57,"column":30},"end":{"line":57,"column":31}},"loc":{"start":{"line":57,"column":38},"end":{"line":57,"column":52}},"line":57},"5":{"name":"(anonymous_5)","decl":{"start":{"line":65,"column":30},"end":{"line":65,"column":31}},"loc":{"start":{"line":65,"column":38},"end":{"line":65,"column":51}},"line":65},"6":{"name":"(anonymous_6)","decl":{"start":{"line":73,"column":30},"end":{"line":73,"column":31}},"loc":{"start":{"line":73,"column":38},"end":{"line":73,"column":50}},"line":73},"7":{"name":"(anonymous_7)","decl":{"start":{"line":80,"column":25},"end":{"line":80,"column":26}},"loc":{"start":{"line":80,"column":29},"end":{"line":82,"column":17}},"line":80},"8":{"name":"(anonymous_8)","decl":{"start":{"line":88,"column":25},"end":{"line":88,"column":26}},"loc":{"start":{"line":88,"column":29},"end":{"line":90,"column":17}},"line":88}},"branchMap":{"0":{"loc":{"start":{"line":30,"column":8},"end":{"line":32,"column":81}},"type":"cond-expr","locations":[{"start":{"line":31,"column":8},"end":{"line":31,"column":17}},{"start":{"line":32,"column":8},"end":{"line":32,"column":81}}],"line":30},"1":{"loc":{"start":{"line":46,"column":17},"end":{"line":47,"column":77}},"type":"cond-expr","locations":[{"start":{"line":46,"column":35},"end":{"line":46,"column":82}},{"start":{"line":47,"column":16},"end":{"line":47,"column":77}}],"line":46}},"s":{"0":1,"1":3,"2":3,"3":3,"4":1,"5":1,"6":1,"7":1,"8":3,"9":1,"10":3,"11":1,"12":1,"13":1,"14":1,"15":1,"16":1},"f":{"0":3,"1":1,"2":1,"3":1,"4":1,"5":1,"6":1,"7":1,"8":1},"b":{"0":[1,0],"1":[3,0]},"_coverageSchema":"1a1c01bbd47fc00a2c39e90264f33305004495a9","hash":"21724ce238b1777fc4c575770241182d2685ae4e"}
,"D:\\Code\\GitHub\\Mini-Project\\CrudContactApp\\src\\components\\Searchbar.js": {"path":"D:\\Code\\GitHub\\Mini-Project\\CrudContactApp\\src\\components\\Searchbar.js","statementMap":{"0":{"start":{"line":10,"column":4},"end":{"line":26,"column":5}},"1":{"start":{"line":22,"column":20},"end":{"line":22,"column":41}}},"fnMap":{"0":{"name":"Searchbar","decl":{"start":{"line":9,"column":9},"end":{"line":9,"column":18}},"loc":{"start":{"line":9,"column":59},"end":{"line":27,"column":1}},"line":9},"1":{"name":"(anonymous_1)","decl":{"start":{"line":21,"column":30},"end":{"line":21,"column":31}},"loc":{"start":{"line":21,"column":44},"end":{"line":23,"column":17}},"line":21}},"branchMap":{},"s":{"0":1,"1":1},"f":{"0":1,"1":1},"b":{},"_coverageSchema":"1a1c01bbd47fc00a2c39e90264f33305004495a9","hash":"c35b5a76833f609eee758a208ef1a94ae1de0b51"}
,"D:\\Code\\GitHub\\Mini-Project\\CrudContactApp\\src\\functions\\FunctionScreen.js": {"path":"D:\\Code\\GitHub\\Mini-Project\\CrudContactApp\\src\\functions\\FunctionScreen.js","statementMap":{"0":{"start":{"line":9,"column":23},"end":{"line":16,"column":1}},"1":{"start":{"line":10,"column":4},"end":{"line":14,"column":6}},"2":{"start":{"line":12,"column":4},"end":{"line":12,"column":34}},"3":{"start":{"line":13,"column":4},"end":{"line":13,"column":26}},"4":{"start":{"line":15,"column":4},"end":{"line":15,"column":15}},"5":{"start":{"line":18,"column":23},"end":{"line":30,"column":1}},"6":{"start":{"line":19,"column":4},"end":{"line":29,"column":6}},"7":{"start":{"line":32,"column":23},"end":{"line":44,"column":1}},"8":{"start":{"line":33,"column":4},"end":{"line":43,"column":6}},"9":{"start":{"line":46,"column":28},"end":{"line":59,"column":1}},"10":{"start":{"line":47,"column":4},"end":{"line":58,"column":5}},"11":{"start":{"line":48,"column":24},"end":{"line":52,"column":10}},"12":{"start":{"line":49,"column":29},"end":{"line":49,"column":93}},"13":{"start":{"line":50,"column":29},"end":{"line":50,"column":47}},"14":{"start":{"line":51,"column":12},"end":{"line":51,"column":50}},"15":{"start":{"line":53,"column":8},"end":{"line":53,"column":31}},"16":{"start":{"line":54,"column":8},"end":{"line":54,"column":21}},"17":{"start":{"line":56,"column":8},"end":{"line":56,"column":31}},"18":{"start":{"line":57,"column":8},"end":{"line":57,"column":21}},"19":{"start":{"line":61,"column":26},"end":{"line":79,"column":5}},"20":{"start":{"line":63,"column":21},"end":{"line":66,"column":9}},"21":{"start":{"line":67,"column":8},"end":{"line":77,"column":10}},"22":{"start":{"line":68,"column":12},"end":{"line":76,"column":13}},"23":{"start":{"line":69,"column":16},"end":{"line":69,"column":56}},"24":{"start":{"line":70,"column":18},"end":{"line":76,"column":13}},"25":{"start":{"line":71,"column":16},"end":{"line":71,"column":46}},"26":{"start":{"line":73,"column":29},"end":{"line":73,"column":42}},"27":{"start":{"line":74,"column":16},"end":{"line":74,"column":34}},"28":{"start":{"line":75,"column":16},"end":{"line":75,"column":37}},"29":{"start":{"line":78,"column":8},"end":{"line":78,"column":20}},"30":{"start":{"line":81,"column":27},"end":{"line":98,"column":1}},"31":{"start":{"line":82,"column":19},"end":{"line":85,"column":5}},"32":{"start":{"line":86,"column":4},"end":{"line":96,"column":6}},"33":{"start":{"line":87,"column":8},"end":{"line":95,"column":9}},"34":{"start":{"line":88,"column":12},"end":{"line":88,"column":51}},"35":{"start":{"line":89,"column":14},"end":{"line":95,"column":9}},"36":{"start":{"line":90,"column":12},"end":{"line":90,"column":38}},"37":{"start":{"line":92,"column":24},"end":{"line":92,"column":37}},"38":{"start":{"line":93,"column":12},"end":{"line":93,"column":30}},"39":{"start":{"line":94,"column":12},"end":{"line":94,"column":33}},"40":{"start":{"line":97,"column":4},"end":{"line":97,"column":16}},"41":{"start":{"line":100,"column":36},"end":{"line":138,"column":1}},"42":{"start":{"line":101,"column":35},"end":{"line":101,"column":40}},"43":{"start":{"line":102,"column":34},"end":{"line":102,"column":39}},"44":{"start":{"line":103,"column":29},"end":{"line":103,"column":34}},"45":{"start":{"line":104,"column":27},"end":{"line":104,"column":29}},"46":{"start":{"line":105,"column":27},"end":{"line":105,"column":32}},"47":{"start":{"line":107,"column":4},"end":{"line":111,"column":5}},"48":{"start":{"line":108,"column":8},"end":{"line":108,"column":31}},"49":{"start":{"line":109,"column":10},"end":{"line":111,"column":5}},"50":{"start":{"line":110,"column":8},"end":{"line":110,"column":32}},"51":{"start":{"line":113,"column":4},"end":{"line":117,"column":5}},"52":{"start":{"line":114,"column":8},"end":{"line":114,"column":30}},"53":{"start":{"line":115,"column":10},"end":{"line":117,"column":5}},"54":{"start":{"line":116,"column":8},"end":{"line":116,"column":31}},"55":{"start":{"line":119,"column":4},"end":{"line":123,"column":5}},"56":{"start":{"line":120,"column":8},"end":{"line":120,"column":30}},"57":{"start":{"line":121,"column":10},"end":{"line":123,"column":5}},"58":{"start":{"line":122,"column":8},"end":{"line":122,"column":31}},"59":{"start":{"line":125,"column":4},"end":{"line":129,"column":5}},"60":{"start":{"line":126,"column":8},"end":{"line":126,"column":25}},"61":{"start":{"line":127,"column":10},"end":{"line":129,"column":5}},"62":{"start":{"line":128,"column":8},"end":{"line":128,"column":26}},"63":{"start":{"line":131,"column":4},"end":{"line":135,"column":5}},"64":{"start":{"line":132,"column":8},"end":{"line":132,"column":23}},"65":{"start":{"line":134,"column":8},"end":{"line":134,"column":24}},"66":{"start":{"line":137,"column":3},"end":{"line":137,"column":18}},"67":{"start":{"line":140,"column":24},"end":{"line":145,"column":1}},"68":{"start":{"line":141,"column":4},"end":{"line":141,"column":19}},"69":{"start":{"line":142,"column":4},"end":{"line":142,"column":15}},"70":{"start":{"line":143,"column":4},"end":{"line":143,"column":16}},"71":{"start":{"line":144,"column":4},"end":{"line":144,"column":14}},"72":{"start":{"line":147,"column":26},"end":{"line":153,"column":1}},"73":{"start":{"line":148,"column":4},"end":{"line":152,"column":5}},"74":{"start":{"line":149,"column":8},"end":{"line":149,"column":23}},"75":{"start":{"line":151,"column":8},"end":{"line":151,"column":25}},"76":{"start":{"line":155,"column":29},"end":{"line":162,"column":1}},"77":{"start":{"line":156,"column":4},"end":{"line":161,"column":6}},"78":{"start":{"line":158,"column":8},"end":{"line":160,"column":9}},"79":{"start":{"line":159,"column":12},"end":{"line":159,"column":21}},"80":{"start":{"line":163,"column":23},"end":{"line":169,"column":5}},"81":{"start":{"line":164,"column":8},"end":{"line":164,"column":23}},"82":{"start":{"line":165,"column":26},"end":{"line":165,"column":39}},"83":{"start":{"line":166,"column":8},"end":{"line":166,"column":43}},"84":{"start":{"line":167,"column":8},"end":{"line":167,"column":20}},"85":{"start":{"line":168,"column":8},"end":{"line":168,"column":50}},"86":{"start":{"line":171,"column":23},"end":{"line":173,"column":1}},"87":{"start":{"line":172,"column":4},"end":{"line":172,"column":23}}},"fnMap":{"0":{"name":"(anonymous_0)","decl":{"start":{"line":9,"column":23},"end":{"line":9,"column":24}},"loc":{"start":{"line":9,"column":110},"end":{"line":16,"column":1}},"line":9},"1":{"name":"(anonymous_1)","decl":{"start":{"line":11,"column":10},"end":{"line":11,"column":11}},"loc":{"start":{"line":11,"column":15},"end":{"line":14,"column":5}},"line":11},"2":{"name":"(anonymous_2)","decl":{"start":{"line":18,"column":23},"end":{"line":18,"column":24}},"loc":{"start":{"line":18,"column":80},"end":{"line":30,"column":1}},"line":18},"3":{"name":"(anonymous_3)","decl":{"start":{"line":32,"column":23},"end":{"line":32,"column":24}},"loc":{"start":{"line":32,"column":90},"end":{"line":44,"column":1}},"line":32},"4":{"name":"(anonymous_4)","decl":{"start":{"line":46,"column":28},"end":{"line":46,"column":29}},"loc":{"start":{"line":46,"column":106},"end":{"line":59,"column":1}},"line":46},"5":{"name":"(anonymous_5)","decl":{"start":{"line":48,"column":39},"end":{"line":48,"column":40}},"loc":{"start":{"line":48,"column":47},"end":{"line":52,"column":9}},"line":48},"6":{"name":"(anonymous_6)","decl":{"start":{"line":61,"column":26},"end":{"line":61,"column":27}},"loc":{"start":{"line":61,"column":71},"end":{"line":79,"column":5}},"line":61},"7":{"name":"(anonymous_7)","decl":{"start":{"line":67,"column":28},"end":{"line":67,"column":29}},"loc":{"start":{"line":67,"column":35},"end":{"line":77,"column":9}},"line":67},"8":{"name":"(anonymous_8)","decl":{"start":{"line":81,"column":27},"end":{"line":81,"column":28}},"loc":{"start":{"line":81,"column":71},"end":{"line":98,"column":1}},"line":81},"9":{"name":"(anonymous_9)","decl":{"start":{"line":86,"column":30},"end":{"line":86,"column":31}},"loc":{"start":{"line":86,"column":37},"end":{"line":96,"column":5}},"line":86},"10":{"name":"(anonymous_10)","decl":{"start":{"line":100,"column":36},"end":{"line":100,"column":37}},"loc":{"start":{"line":100,"column":85},"end":{"line":138,"column":1}},"line":100},"11":{"name":"(anonymous_11)","decl":{"start":{"line":140,"column":24},"end":{"line":140,"column":25}},"loc":{"start":{"line":140,"column":102},"end":{"line":145,"column":1}},"line":140},"12":{"name":"(anonymous_12)","decl":{"start":{"line":147,"column":26},"end":{"line":147,"column":27}},"loc":{"start":{"line":147,"column":66},"end":{"line":153,"column":1}},"line":147},"13":{"name":"(anonymous_13)","decl":{"start":{"line":155,"column":29},"end":{"line":155,"column":30}},"loc":{"start":{"line":155,"column":51},"end":{"line":162,"column":1}},"line":155},"14":{"name":"(anonymous_14)","decl":{"start":{"line":157,"column":10},"end":{"line":157,"column":11}},"loc":{"start":{"line":157,"column":24},"end":{"line":161,"column":5}},"line":157},"15":{"name":"(anonymous_15)","decl":{"start":{"line":163,"column":23},"end":{"line":163,"column":24}},"loc":{"start":{"line":163,"column":120},"end":{"line":169,"column":5}},"line":163},"16":{"name":"(anonymous_16)","decl":{"start":{"line":171,"column":23},"end":{"line":171,"column":24}},"loc":{"start":{"line":171,"column":33},"end":{"line":173,"column":1}},"line":171}},"branchMap":{"0":{"loc":{"start":{"line":47,"column":4},"end":{"line":58,"column":5}},"type":"if","locations":[{"start":{"line":47,"column":4},"end":{"line":58,"column":5}},{"start":{"line":55,"column":9},"end":{"line":58,"column":5}}],"line":47},"1":{"loc":{"start":{"line":49,"column":29},"end":{"line":49,"column":93}},"type":"cond-expr","locations":[{"start":{"line":49,"column":46},"end":{"line":49,"column":74}},{"start":{"line":49,"column":77},"end":{"line":49,"column":93}}],"line":49},"2":{"loc":{"start":{"line":68,"column":12},"end":{"line":76,"column":13}},"type":"if","locations":[{"start":{"line":68,"column":12},"end":{"line":76,"column":13}},{"start":{"line":70,"column":18},"end":{"line":76,"column":13}}],"line":68},"3":{"loc":{"start":{"line":70,"column":18},"end":{"line":76,"column":13}},"type":"if","locations":[{"start":{"line":70,"column":18},"end":{"line":76,"column":13}},{"start":{"line":72,"column":17},"end":{"line":76,"column":13}}],"line":70},"4":{"loc":{"start":{"line":87,"column":8},"end":{"line":95,"column":9}},"type":"if","locations":[{"start":{"line":87,"column":8},"end":{"line":95,"column":9}},{"start":{"line":89,"column":14},"end":{"line":95,"column":9}}],"line":87},"5":{"loc":{"start":{"line":89,"column":14},"end":{"line":95,"column":9}},"type":"if","locations":[{"start":{"line":89,"column":14},"end":{"line":95,"column":9}},{"start":{"line":91,"column":13},"end":{"line":95,"column":9}}],"line":89},"6":{"loc":{"start":{"line":107,"column":4},"end":{"line":111,"column":5}},"type":"if","locations":[{"start":{"line":107,"column":4},"end":{"line":111,"column":5}},{"start":{"line":109,"column":10},"end":{"line":111,"column":5}}],"line":107},"7":{"loc":{"start":{"line":109,"column":10},"end":{"line":111,"column":5}},"type":"if","locations":[{"start":{"line":109,"column":10},"end":{"line":111,"column":5}},{"start":{},"end":{}}],"line":109},"8":{"loc":{"start":{"line":113,"column":4},"end":{"line":117,"column":5}},"type":"if","locations":[{"start":{"line":113,"column":4},"end":{"line":117,"column":5}},{"start":{"line":115,"column":10},"end":{"line":117,"column":5}}],"line":113},"9":{"loc":{"start":{"line":115,"column":10},"end":{"line":117,"column":5}},"type":"if","locations":[{"start":{"line":115,"column":10},"end":{"line":117,"column":5}},{"start":{},"end":{}}],"line":115},"10":{"loc":{"start":{"line":119,"column":4},"end":{"line":123,"column":5}},"type":"if","locations":[{"start":{"line":119,"column":4},"end":{"line":123,"column":5}},{"start":{"line":121,"column":10},"end":{"line":123,"column":5}}],"line":119},"11":{"loc":{"start":{"line":121,"column":10},"end":{"line":123,"column":5}},"type":"if","locations":[{"start":{"line":121,"column":10},"end":{"line":123,"column":5}},{"start":{},"end":{}}],"line":121},"12":{"loc":{"start":{"line":125,"column":4},"end":{"line":129,"column":5}},"type":"if","locations":[{"start":{"line":125,"column":4},"end":{"line":129,"column":5}},{"start":{"line":127,"column":10},"end":{"line":129,"column":5}}],"line":125},"13":{"loc":{"start":{"line":127,"column":10},"end":{"line":129,"column":5}},"type":"if","locations":[{"start":{"line":127,"column":10},"end":{"line":129,"column":5}},{"start":{},"end":{}}],"line":127},"14":{"loc":{"start":{"line":131,"column":4},"end":{"line":135,"column":5}},"type":"if","locations":[{"start":{"line":131,"column":4},"end":{"line":135,"column":5}},{"start":{"line":133,"column":9},"end":{"line":135,"column":5}}],"line":131},"15":{"loc":{"start":{"line":131,"column":7},"end":{"line":131,"column":83}},"type":"binary-expr","locations":[{"start":{"line":131,"column":7},"end":{"line":131,"column":32}},{"start":{"line":131,"column":36},"end":{"line":131,"column":60}},{"start":{"line":131,"column":64},"end":{"line":131,"column":83}}],"line":131},"16":{"loc":{"start":{"line":148,"column":4},"end":{"line":152,"column":5}},"type":"if","locations":[{"start":{"line":148,"column":4},"end":{"line":152,"column":5}},{"start":{"line":150,"column":9},"end":{"line":152,"column":5}}],"line":148},"17":{"loc":{"start":{"line":158,"column":8},"end":{"line":160,"column":9}},"type":"if","locations":[{"start":{"line":158,"column":8},"end":{"line":160,"column":9}},{"start":{},"end":{}}],"line":158}},"s":{"0":4,"1":1,"2":1,"3":1,"4":1,"5":4,"6":2,"7":4,"8":1,"9":4,"10":2,"11":1,"12":2,"13":2,"14":2,"15":1,"16":1,"17":1,"18":1,"19":4,"20":1,"21":1,"22":0,"23":0,"24":0,"25":0,"26":0,"27":0,"28":0,"29":1,"30":4,"31":1,"32":1,"33":0,"34":0,"35":0,"36":0,"37":0,"38":0,"39":0,"40":1,"41":4,"42":7,"43":7,"44":7,"45":7,"46":7,"47":7,"48":2,"49":5,"50":5,"51":7,"52":4,"53":3,"54":3,"55":7,"56":4,"57":3,"58":3,"59":7,"60":5,"61":2,"62":1,"63":7,"64":2,"65":5,"66":7,"67":4,"68":2,"69":2,"70":2,"71":2,"72":4,"73":2,"74":1,"75":1,"76":4,"77":1,"78":1,"79":1,"80":4,"81":1,"82":1,"83":1,"84":1,"85":1,"86":4,"87":1},"f":{"0":1,"1":1,"2":2,"3":1,"4":2,"5":2,"6":1,"7":0,"8":1,"9":0,"10":7,"11":2,"12":2,"13":1,"14":1,"15":1,"16":1},"b":{"0":[1,1],"1":[2,0],"2":[0,0],"3":[0,0],"4":[0,0],"5":[0,0],"6":[2,5],"7":[5,0],"8":[4,3],"9":[3,0],"10":[4,3],"11":[3,0],"12":[5,2],"13":[1,1],"14":[2,5],"15":[7,2,2],"16":[1,1],"17":[1,0]},"_coverageSchema":"1a1c01bbd47fc00a2c39e90264f33305004495a9","hash":"8db1b1931bb3668a44fbe1a427b840e9b85b97ee"}
,"D:\\Code\\GitHub\\Mini-Project\\CrudContactApp\\src\\screens\\ContactApp.js": {"path":"D:\\Code\\GitHub\\Mini-Project\\CrudContactApp\\src\\screens\\ContactApp.js","statementMap":{"0":{"start":{"line":18,"column":19},"end":{"line":122,"column":1}},"1":{"start":{"line":19,"column":39},"end":{"line":19,"column":63}},"2":{"start":{"line":20,"column":37},"end":{"line":20,"column":57}},"3":{"start":{"line":21,"column":35},"end":{"line":21,"column":59}},"4":{"start":{"line":22,"column":35},"end":{"line":22,"column":59}},"5":{"start":{"line":23,"column":23},"end":{"line":23,"column":43}},"6":{"start":{"line":24,"column":29},"end":{"line":24,"column":49}},"7":{"start":{"line":25,"column":27},"end":{"line":25,"column":47}},"8":{"start":{"line":26,"column":25},"end":{"line":26,"column":45}},"9":{"start":{"line":27,"column":29},"end":{"line":27,"column":49}},"10":{"start":{"line":28,"column":41},"end":{"line":28,"column":61}},"11":{"start":{"line":29,"column":31},"end":{"line":29,"column":51}},"12":{"start":{"line":30,"column":29},"end":{"line":30,"column":53}},"13":{"start":{"line":32,"column":4},"end":{"line":34,"column":28}},"14":{"start":{"line":33,"column":8},"end":{"line":33,"column":66}},"15":{"start":{"line":36,"column":4},"end":{"line":41,"column":10}},"16":{"start":{"line":37,"column":21},"end":{"line":39,"column":12}},"17":{"start":{"line":38,"column":8},"end":{"line":38,"column":31}},"18":{"start":{"line":40,"column":4},"end":{"line":40,"column":41}},"19":{"start":{"line":40,"column":17},"end":{"line":40,"column":40}},"20":{"start":{"line":43,"column":20},"end":{"line":72,"column":5}},"21":{"start":{"line":44,"column":8},"end":{"line":71,"column":9}},"22":{"start":{"line":49,"column":16},"end":{"line":49,"column":30}},"23":{"start":{"line":50,"column":16},"end":{"line":50,"column":40}},"24":{"start":{"line":51,"column":16},"end":{"line":51,"column":38}},"25":{"start":{"line":52,"column":16},"end":{"line":52,"column":32}},"26":{"start":{"line":53,"column":16},"end":{"line":53,"column":36}},"27":{"start":{"line":54,"column":16},"end":{"line":54,"column":33}},"28":{"start":{"line":57,"column":16},"end":{"line":57,"column":30}},"29":{"start":{"line":58,"column":16},"end":{"line":58,"column":40}},"30":{"start":{"line":59,"column":16},"end":{"line":59,"column":38}},"31":{"start":{"line":60,"column":16},"end":{"line":60,"column":32}},"32":{"start":{"line":61,"column":16},"end":{"line":61,"column":36}},"33":{"start":{"line":62,"column":16},"end":{"line":62,"column":33}},"34":{"start":{"line":74,"column":4},"end":{"line":121,"column":5}},"35":{"start":{"line":80,"column":58},"end":{"line":80,"column":110}},"36":{"start":{"line":85,"column":51},"end":{"line":85,"column":89}},"37":{"start":{"line":86,"column":48},"end":{"line":86,"column":50}},"38":{"start":{"line":93,"column":16},"end":{"line":93,"column":35}}},"fnMap":{"0":{"name":"(anonymous_0)","decl":{"start":{"line":18,"column":19},"end":{"line":18,"column":20}},"loc":{"start":{"line":18,"column":54},"end":{"line":122,"column":1}},"line":18},"1":{"name":"(anonymous_1)","decl":{"start":{"line":32,"column":14},"end":{"line":32,"column":15}},"loc":{"start":{"line":32,"column":18},"end":{"line":34,"column":5}},"line":32},"2":{"name":"(anonymous_2)","decl":{"start":{"line":36,"column":14},"end":{"line":36,"column":15}},"loc":{"start":{"line":36,"column":20},"end":{"line":41,"column":5}},"line":36},"3":{"name":"(anonymous_3)","decl":{"start":{"line":37,"column":33},"end":{"line":37,"column":34}},"loc":{"start":{"line":37,"column":39},"end":{"line":39,"column":5}},"line":37},"4":{"name":"(anonymous_4)","decl":{"start":{"line":40,"column":11},"end":{"line":40,"column":12}},"loc":{"start":{"line":40,"column":17},"end":{"line":40,"column":40}},"line":40},"5":{"name":"(anonymous_5)","decl":{"start":{"line":43,"column":20},"end":{"line":43,"column":21}},"loc":{"start":{"line":43,"column":31},"end":{"line":72,"column":5}},"line":43},"6":{"name":"(anonymous_6)","decl":{"start":{"line":48,"column":25},"end":{"line":48,"column":26}},"loc":{"start":{"line":48,"column":29},"end":{"line":55,"column":17}},"line":48},"7":{"name":"(anonymous_7)","decl":{"start":{"line":56,"column":29},"end":{"line":56,"column":30}},"loc":{"start":{"line":56,"column":33},"end":{"line":63,"column":17}},"line":56},"8":{"name":"(anonymous_8)","decl":{"start":{"line":80,"column":50},"end":{"line":80,"column":51}},"loc":{"start":{"line":80,"column":58},"end":{"line":80,"column":110}},"line":80},"9":{"name":"(anonymous_9)","decl":{"start":{"line":85,"column":44},"end":{"line":85,"column":45}},"loc":{"start":{"line":85,"column":51},"end":{"line":85,"column":89}},"line":85},"10":{"name":"(anonymous_10)","decl":{"start":{"line":86,"column":34},"end":{"line":86,"column":35}},"loc":{"start":{"line":86,"column":48},"end":{"line":86,"column":50}},"line":86},"11":{"name":"(anonymous_11)","decl":{"start":{"line":92,"column":21},"end":{"line":92,"column":22}},"loc":{"start":{"line":92,"column":25},"end":{"line":94,"column":13}},"line":92}},"branchMap":{"0":{"loc":{"start":{"line":65,"column":21},"end":{"line":66,"column":87}},"type":"cond-expr","locations":[{"start":{"line":65,"column":44},"end":{"line":65,"column":91}},{"start":{"line":66,"column":20},"end":{"line":66,"column":87}}],"line":65}},"s":{"0":1,"1":4,"2":4,"3":4,"4":4,"5":4,"6":4,"7":4,"8":4,"9":4,"10":4,"11":4,"12":4,"13":4,"14":4,"15":4,"16":3,"17":0,"18":3,"19":0,"20":4,"21":0,"22":0,"23":0,"24":0,"25":0,"26":0,"27":0,"28":0,"29":0,"30":0,"31":0,"32":0,"33":0,"34":4,"35":0,"36":0,"37":0,"38":1},"f":{"0":4,"1":4,"2":3,"3":0,"4":0,"5":0,"6":0,"7":0,"8":0,"9":0,"10":0,"11":1},"b":{"0":[0,0]},"_coverageSchema":"1a1c01bbd47fc00a2c39e90264f33305004495a9","hash":"f956f1135cb9dcaa83bb21b2673a3f8dbb7fa208"}
}
