TN:
SF:src\components\AddContactModal.js
FN:16,(anonymous_0)
FN:24,(anonymous_1)
FN:49,(anonymous_2)
FN:62,(anonymous_3)
FN:70,(anonymous_4)
FN:78,(anonymous_5)
FN:86,(anonymous_6)
FN:94,(anonymous_7)
FNF:8
FNH:6
FNDA:8,(anonymous_0)
FNDA:0,(anonymous_1)
FNDA:1,(anonymous_2)
FNDA:1,(anonymous_3)
FNDA:1,(anonymous_4)
FNDA:1,(anonymous_5)
FNDA:1,(anonymous_6)
FNDA:0,(anonymous_7)
DA:16,2
DA:17,8
DA:18,8
DA:19,8
DA:20,8
DA:21,8
DA:22,8
DA:24,8
DA:25,0
DA:26,0
DA:27,0
DA:28,0
DA:29,0
DA:32,8
DA:36,8
DA:49,1
DA:62,1
DA:70,1
DA:78,1
DA:87,1
DA:88,1
DA:96,0
LF:22
LH:16
BRDA:51,0,0,8
BRDA:51,0,1,0
BRDA:96,1,0,0
BRDA:96,1,1,0
BRF:4
BRH:1
end_of_record
TN:
SF:src\components\AwesomeAlert.js
FN:13,(anonymous_0)
FN:20,(anonymous_1)
FN:28,(anonymous_2)
FN:37,(anonymous_3)
FNF:4
FNH:4
FNDA:12,(anonymous_0)
FNDA:1,(anonymous_1)
FNDA:1,(anonymous_2)
FNDA:1,(anonymous_3)
DA:13,4
DA:14,12
DA:20,1
DA:29,1
DA:30,1
DA:38,1
DA:39,1
LF:7
LH:7
BRF:0
BRH:0
end_of_record
TN:
SF:src\components\ContactCard.js
FN:13,(anonymous_0)
FN:38,(anonymous_1)
FNF:2
FNH:2
FNDA:3,(anonymous_0)
FNDA:1,(anonymous_1)
DA:13,2
DA:14,3
DA:39,1
LF:3
LH:3
BRDA:20,0,0,1
BRDA:20,0,1,2
BRF:2
BRH:2
end_of_record
TN:
SF:src\components\EditContactModal.js
FN:18,(anonymous_0)
FN:22,(anonymous_1)
FN:29,(anonymous_2)
FN:44,(anonymous_3)
FN:57,(anonymous_4)
FN:65,(anonymous_5)
FN:73,(anonymous_6)
FN:80,(anonymous_7)
FN:88,(anonymous_8)
FNF:9
FNH:9
FNDA:5,(anonymous_0)
FNDA:1,(anonymous_1)
FNDA:1,(anonymous_2)
FNDA:1,(anonymous_3)
FNDA:1,(anonymous_4)
FNDA:1,(anonymous_5)
FNDA:1,(anonymous_6)
FNDA:1,(anonymous_7)
FNDA:1,(anonymous_8)
DA:18,2
DA:19,5
DA:20,5
DA:22,5
DA:23,1
DA:24,1
DA:25,1
DA:26,1
DA:29,5
DA:30,1
DA:35,5
DA:44,1
DA:57,1
DA:65,1
DA:73,1
DA:81,1
DA:89,1
LF:17
LH:17
BRDA:30,0,0,1
BRDA:30,0,1,0
BRDA:46,1,0,3
BRDA:46,1,1,2
BRF:4
BRH:3
end_of_record
TN:
SF:src\components\Searchbar.js
FN:9,Searchbar
FN:21,(anonymous_1)
FNF:2
FNH:2
FNDA:3,Searchbar
FNDA:1,(anonymous_1)
DA:10,3
DA:22,1
LF:2
LH:2
BRF:0
BRH:0
end_of_record
TN:
SF:src\functions\FunctionScreen.js
FN:6,(anonymous_0)
FN:8,(anonymous_1)
FN:15,(anonymous_2)
FN:29,(anonymous_3)
FN:43,(anonymous_4)
FN:45,(anonymous_5)
FN:58,(anonymous_6)
FN:64,(anonymous_7)
FN:78,(anonymous_8)
FN:83,(anonymous_9)
FN:97,(anonymous_10)
FN:137,(anonymous_11)
FN:144,(anonymous_12)
FN:152,(anonymous_13)
FN:154,(anonymous_14)
FNF:15
FNH:6
FNDA:2,(anonymous_0)
FNDA:0,(anonymous_1)
FNDA:0,(anonymous_2)
FNDA:1,(anonymous_3)
FNDA:0,(anonymous_4)
FNDA:0,(anonymous_5)
FNDA:1,(anonymous_6)
FNDA:0,(anonymous_7)
FNDA:1,(anonymous_8)
FNDA:0,(anonymous_9)
FNDA:1,(anonymous_10)
FNDA:1,(anonymous_11)
FNDA:0,(anonymous_12)
FNDA:0,(anonymous_13)
FNDA:0,(anonymous_14)
DA:6,4
DA:7,2
DA:9,0
DA:10,0
DA:12,2
DA:15,4
DA:16,0
DA:29,4
DA:30,1
DA:43,4
DA:44,0
DA:45,0
DA:46,0
DA:47,0
DA:48,0
DA:50,0
DA:51,0
DA:53,0
DA:54,0
DA:58,4
DA:60,1
DA:64,1
DA:65,0
DA:66,0
DA:67,0
DA:68,0
DA:70,0
DA:71,0
DA:72,0
DA:75,1
DA:78,4
DA:79,1
DA:83,1
DA:84,0
DA:85,0
DA:86,0
DA:87,0
DA:89,0
DA:90,0
DA:91,0
DA:94,1
DA:97,4
DA:98,1
DA:99,1
DA:100,1
DA:101,1
DA:102,1
DA:104,1
DA:105,1
DA:106,0
DA:107,0
DA:110,1
DA:111,1
DA:112,0
DA:113,0
DA:116,1
DA:117,1
DA:118,0
DA:119,0
DA:122,1
DA:123,1
DA:124,0
DA:125,0
DA:128,1
DA:129,1
DA:131,0
DA:134,1
DA:137,4
DA:138,1
DA:139,1
DA:140,1
DA:141,1
DA:144,4
DA:145,0
DA:146,0
DA:148,0
DA:152,4
DA:153,0
DA:155,0
DA:156,0
LF:80
LH:39
BRDA:44,0,0,0
BRDA:44,0,1,0
BRDA:46,1,0,0
BRDA:46,1,1,0
BRDA:65,2,0,0
BRDA:65,2,1,0
BRDA:67,3,0,0
BRDA:67,3,1,0
BRDA:84,4,0,0
BRDA:84,4,1,0
BRDA:86,5,0,0
BRDA:86,5,1,0
BRDA:104,6,0,1
BRDA:104,6,1,0
BRDA:106,7,0,0
BRDA:106,7,1,0
BRDA:110,8,0,1
BRDA:110,8,1,0
BRDA:112,9,0,0
BRDA:112,9,1,0
BRDA:116,10,0,1
BRDA:116,10,1,0
BRDA:118,11,0,0
BRDA:118,11,1,0
BRDA:122,12,0,1
BRDA:122,12,1,0
BRDA:124,13,0,0
BRDA:124,13,1,0
BRDA:128,14,0,1
BRDA:128,14,1,0
BRDA:128,15,0,1
BRDA:128,15,1,1
BRDA:128,15,2,1
BRDA:145,16,0,0
BRDA:145,16,1,0
BRDA:155,17,0,0
BRDA:155,17,1,0
BRF:37
BRH:8
end_of_record
TN:
SF:src\screens\ContactApp.js
FN:18,(anonymous_0)
FN:32,(anonymous_1)
FN:36,(anonymous_2)
FN:37,(anonymous_3)
FN:40,(anonymous_4)
FN:49,(anonymous_5)
FN:54,(anonymous_6)
FN:55,(anonymous_7)
FN:56,(anonymous_8)
FN:61,(anonymous_9)
FN:69,(anonymous_10)
FN:90,(anonymous_11)
FN:116,(anonymous_12)
FNF:13
FNH:4
FNDA:2,(anonymous_0)
FNDA:2,(anonymous_1)
FNDA:1,(anonymous_2)
FNDA:0,(anonymous_3)
FNDA:0,(anonymous_4)
FNDA:0,(anonymous_5)
FNDA:0,(anonymous_6)
FNDA:0,(anonymous_7)
FNDA:0,(anonymous_8)
FNDA:0,(anonymous_9)
FNDA:0,(anonymous_10)
FNDA:1,(anonymous_11)
FNDA:0,(anonymous_12)
DA:18,1
DA:19,2
DA:20,2
DA:21,2
DA:22,2
DA:23,2
DA:24,2
DA:25,2
DA:26,2
DA:27,2
DA:28,2
DA:29,2
DA:30,2
DA:32,2
DA:33,2
DA:36,2
DA:37,1
DA:38,0
DA:40,1
DA:43,2
DA:49,0
DA:54,0
DA:55,0
DA:57,0
DA:62,0
DA:63,0
DA:64,0
DA:65,0
DA:66,0
DA:67,0
DA:70,0
DA:71,0
DA:72,0
DA:73,0
DA:74,0
DA:75,0
DA:91,1
DA:117,0
LF:38
LH:20
BRDA:78,0,0,0
BRDA:78,0,1,0
BRF:2
BRH:0
end_of_record
