TN:
SF:src\components\AddContactModal.js
FN:16,(anonymous_0)
FN:24,(anonymous_1)
FN:30,(anonymous_2)
FN:51,(anonymous_3)
FN:62,(anonymous_4)
FN:70,(anonymous_5)
FN:78,(anonymous_6)
FN:86,(anonymous_7)
FNF:8
FNH:8
FNDA:7,(anonymous_0)
FNDA:1,(anonymous_1)
FNDA:7,(anonymous_2)
FNDA:1,(anonymous_3)
FNDA:1,(anonymous_4)
FNDA:1,(anonymous_5)
FNDA:1,(anonymous_6)
FNDA:1,(anonymous_7)
DA:16,1
DA:17,7
DA:18,7
DA:19,7
DA:20,7
DA:21,7
DA:22,7
DA:24,7
DA:25,1
DA:30,7
DA:31,7
DA:32,7
DA:34,0
DA:38,7
DA:51,1
DA:62,1
DA:70,1
DA:78,1
DA:87,1
DA:88,1
LF:20
LH:19
BRDA:25,0,0,0
BRDA:25,0,1,1
BRDA:31,1,0,7
BRDA:31,1,1,0
BRF:4
BRH:2
end_of_record
TN:
SF:src\components\AwesomeAlert.js
FN:13,(anonymous_0)
FN:20,(anonymous_1)
FN:28,(anonymous_2)
FN:37,(anonymous_3)
FNF:4
FNH:4
FNDA:9,(anonymous_0)
FNDA:1,(anonymous_1)
FNDA:1,(anonymous_2)
FNDA:1,(anonymous_3)
DA:13,3
DA:14,9
DA:20,1
DA:29,1
DA:30,1
DA:38,1
DA:39,1
LF:7
LH:7
BRF:0
BRH:0
end_of_record
TN:
SF:src\components\ContactCard.js
FN:13,(anonymous_0)
FN:38,(anonymous_1)
FNF:2
FNH:2
FNDA:1,(anonymous_0)
FNDA:1,(anonymous_1)
DA:13,1
DA:14,1
DA:39,1
LF:3
LH:3
BRDA:20,0,0,1
BRDA:20,0,1,0
BRF:2
BRH:1
end_of_record
TN:
SF:src\components\EditContactModal.js
FN:18,(anonymous_0)
FN:22,(anonymous_1)
FN:29,(anonymous_2)
FN:44,(anonymous_3)
FN:57,(anonymous_4)
FN:65,(anonymous_5)
FN:73,(anonymous_6)
FN:80,(anonymous_7)
FN:88,(anonymous_8)
FNF:9
FNH:9
FNDA:3,(anonymous_0)
FNDA:1,(anonymous_1)
FNDA:1,(anonymous_2)
FNDA:1,(anonymous_3)
FNDA:1,(anonymous_4)
FNDA:1,(anonymous_5)
FNDA:1,(anonymous_6)
FNDA:1,(anonymous_7)
FNDA:1,(anonymous_8)
DA:18,1
DA:19,3
DA:20,3
DA:22,3
DA:23,1
DA:24,1
DA:25,1
DA:26,1
DA:29,3
DA:30,1
DA:35,3
DA:44,1
DA:57,1
DA:65,1
DA:73,1
DA:81,1
DA:89,1
LF:17
LH:17
BRDA:30,0,0,1
BRDA:30,0,1,0
BRDA:46,1,0,3
BRDA:46,1,1,0
BRF:4
BRH:2
end_of_record
TN:
SF:src\components\Searchbar.js
FN:9,Searchbar
FN:21,(anonymous_1)
FNF:2
FNH:2
FNDA:1,Searchbar
FNDA:1,(anonymous_1)
DA:10,1
DA:22,1
LF:2
LH:2
BRF:0
BRH:0
end_of_record
TN:
SF:src\functions\FunctionScreen.js
FN:9,(anonymous_0)
FN:11,(anonymous_1)
FN:18,(anonymous_2)
FN:32,(anonymous_3)
FN:46,(anonymous_4)
FN:48,(anonymous_5)
FN:61,(anonymous_6)
FN:67,(anonymous_7)
FN:81,(anonymous_8)
FN:86,(anonymous_9)
FN:100,(anonymous_10)
FN:140,(anonymous_11)
FN:147,(anonymous_12)
FN:155,(anonymous_13)
FN:157,(anonymous_14)
FN:163,(anonymous_15)
FN:171,(anonymous_16)
FNF:17
FNH:15
FNDA:1,(anonymous_0)
FNDA:1,(anonymous_1)
FNDA:2,(anonymous_2)
FNDA:1,(anonymous_3)
FNDA:2,(anonymous_4)
FNDA:2,(anonymous_5)
FNDA:1,(anonymous_6)
FNDA:0,(anonymous_7)
FNDA:1,(anonymous_8)
FNDA:0,(anonymous_9)
FNDA:7,(anonymous_10)
FNDA:2,(anonymous_11)
FNDA:2,(anonymous_12)
FNDA:1,(anonymous_13)
FNDA:1,(anonymous_14)
FNDA:1,(anonymous_15)
FNDA:1,(anonymous_16)
DA:9,4
DA:10,1
DA:12,1
DA:13,1
DA:15,1
DA:18,4
DA:19,2
DA:32,4
DA:33,1
DA:46,4
DA:47,2
DA:48,1
DA:49,2
DA:50,2
DA:51,2
DA:53,1
DA:54,1
DA:56,1
DA:57,1
DA:61,4
DA:63,1
DA:67,1
DA:68,0
DA:69,0
DA:70,0
DA:71,0
DA:73,0
DA:74,0
DA:75,0
DA:78,1
DA:81,4
DA:82,1
DA:86,1
DA:87,0
DA:88,0
DA:89,0
DA:90,0
DA:92,0
DA:93,0
DA:94,0
DA:97,1
DA:100,4
DA:101,7
DA:102,7
DA:103,7
DA:104,7
DA:105,7
DA:107,7
DA:108,2
DA:109,5
DA:110,5
DA:113,7
DA:114,4
DA:115,3
DA:116,3
DA:119,7
DA:120,4
DA:121,3
DA:122,3
DA:125,7
DA:126,5
DA:127,2
DA:128,1
DA:131,7
DA:132,2
DA:134,5
DA:137,7
DA:140,4
DA:141,2
DA:142,2
DA:143,2
DA:144,2
DA:147,4
DA:148,2
DA:149,1
DA:151,1
DA:155,4
DA:156,1
DA:158,1
DA:159,1
DA:163,4
DA:164,1
DA:165,1
DA:166,1
DA:167,1
DA:168,1
DA:171,4
DA:172,1
LF:88
LH:74
BRDA:47,0,0,1
BRDA:47,0,1,1
BRDA:49,1,0,2
BRDA:49,1,1,0
BRDA:68,2,0,0
BRDA:68,2,1,0
BRDA:70,3,0,0
BRDA:70,3,1,0
BRDA:87,4,0,0
BRDA:87,4,1,0
BRDA:89,5,0,0
BRDA:89,5,1,0
BRDA:107,6,0,2
BRDA:107,6,1,5
BRDA:109,7,0,5
BRDA:109,7,1,0
BRDA:113,8,0,4
BRDA:113,8,1,3
BRDA:115,9,0,3
BRDA:115,9,1,0
BRDA:119,10,0,4
BRDA:119,10,1,3
BRDA:121,11,0,3
BRDA:121,11,1,0
BRDA:125,12,0,5
BRDA:125,12,1,2
BRDA:127,13,0,1
BRDA:127,13,1,1
BRDA:131,14,0,2
BRDA:131,14,1,5
BRDA:131,15,0,7
BRDA:131,15,1,2
BRDA:131,15,2,2
BRDA:148,16,0,1
BRDA:148,16,1,1
BRDA:158,17,0,1
BRDA:158,17,1,0
BRF:37
BRH:24
end_of_record
TN:
SF:src\screens\ContactApp.js
FN:18,(anonymous_0)
FN:32,(anonymous_1)
FN:36,(anonymous_2)
FN:37,(anonymous_3)
FN:40,(anonymous_4)
FN:43,(anonymous_5)
FN:48,(anonymous_6)
FN:56,(anonymous_7)
FN:80,(anonymous_8)
FN:85,(anonymous_9)
FN:86,(anonymous_10)
FN:92,(anonymous_11)
FNF:12
FNH:4
FNDA:4,(anonymous_0)
FNDA:4,(anonymous_1)
FNDA:3,(anonymous_2)
FNDA:0,(anonymous_3)
FNDA:0,(anonymous_4)
FNDA:0,(anonymous_5)
FNDA:0,(anonymous_6)
FNDA:0,(anonymous_7)
FNDA:0,(anonymous_8)
FNDA:0,(anonymous_9)
FNDA:0,(anonymous_10)
FNDA:1,(anonymous_11)
DA:18,1
DA:19,4
DA:20,4
DA:21,4
DA:22,4
DA:23,4
DA:24,4
DA:25,4
DA:26,4
DA:27,4
DA:28,4
DA:29,4
DA:30,4
DA:32,4
DA:33,4
DA:36,4
DA:37,3
DA:38,0
DA:40,3
DA:43,4
DA:44,0
DA:49,0
DA:50,0
DA:51,0
DA:52,0
DA:53,0
DA:54,0
DA:57,0
DA:58,0
DA:59,0
DA:60,0
DA:61,0
DA:62,0
DA:74,4
DA:80,0
DA:85,0
DA:86,0
DA:93,1
LF:38
LH:21
BRDA:65,0,0,0
BRDA:65,0,1,0
BRF:2
BRH:0
end_of_record
