{"D:\\Source Code\\React Native\\NPM\\UserBook\\components\\redux\\redux.js": {"path":"D:\\Source Code\\React Native\\NPM\\UserBook\\components\\redux\\redux.js","statementMap":{"0":{"start":{"line":1,"column":27},"end":{"line":1,"column":40}},"1":{"start":{"line":2,"column":28},"end":{"line":2,"column":42}},"2":{"start":{"line":3,"column":27},"end":{"line":3,"column":40}},"3":{"start":{"line":4,"column":23},"end":{"line":4,"column":32}},"4":{"start":{"line":6,"column":15},"end":{"line":6,"column":66}},"5":{"start":{"line":9,"column":26},"end":{"line":15,"column":2}},"6":{"start":{"line":9,"column":60},"end":{"line":15,"column":1}},"7":{"start":{"line":17,"column":27},"end":{"line":24,"column":2}},"8":{"start":{"line":17,"column":69},"end":{"line":24,"column":1}},"9":{"start":{"line":26,"column":27},"end":{"line":29,"column":2}},"10":{"start":{"line":26,"column":43},"end":{"line":29,"column":1}},"11":{"start":{"line":31,"column":19},"end":{"line":33,"column":1}},"12":{"start":{"line":35,"column":27},"end":{"line":79,"column":1}},"13":{"start":{"line":36,"column":4},"end":{"line":78,"column":5}},"14":{"start":{"line":38,"column":32},"end":{"line":51,"column":13}},"15":{"start":{"line":39,"column":16},"end":{"line":50,"column":80}},"16":{"start":{"line":50,"column":34},"end":{"line":50,"column":49}},"17":{"start":{"line":50,"column":62},"end":{"line":50,"column":79}},"18":{"start":{"line":52,"column":12},"end":{"line":52,"column":33}},"19":{"start":{"line":54,"column":32},"end":{"line":69,"column":13}},"20":{"start":{"line":55,"column":31},"end":{"line":55,"column":47}},"21":{"start":{"line":57,"column":16},"end":{"line":68,"column":81}},"22":{"start":{"line":68,"column":35},"end":{"line":68,"column":50}},"23":{"start":{"line":68,"column":63},"end":{"line":68,"column":80}},"24":{"start":{"line":70,"column":12},"end":{"line":70,"column":33}},"25":{"start":{"line":72,"column":12},"end":{"line":74,"column":13}},"26":{"start":{"line":77,"column":12},"end":{"line":77,"column":24}}},"fnMap":{"0":{"name":"(anonymous_0)","decl":{"start":{"line":9,"column":26},"end":{"line":9,"column":27}},"loc":{"start":{"line":9,"column":60},"end":{"line":15,"column":1}},"line":9},"1":{"name":"(anonymous_1)","decl":{"start":{"line":17,"column":27},"end":{"line":17,"column":28}},"loc":{"start":{"line":17,"column":69},"end":{"line":24,"column":1}},"line":17},"2":{"name":"(anonymous_2)","decl":{"start":{"line":26,"column":27},"end":{"line":26,"column":28}},"loc":{"start":{"line":26,"column":43},"end":{"line":29,"column":1}},"line":26},"3":{"name":"(anonymous_3)","decl":{"start":{"line":35,"column":27},"end":{"line":35,"column":28}},"loc":{"start":{"line":35,"column":59},"end":{"line":79,"column":1}},"line":35},"4":{"name":"(anonymous_4)","decl":{"start":{"line":38,"column":32},"end":{"line":38,"column":33}},"loc":{"start":{"line":38,"column":37},"end":{"line":51,"column":13}},"line":38},"5":{"name":"(anonymous_5)","decl":{"start":{"line":50,"column":24},"end":{"line":50,"column":25}},"loc":{"start":{"line":50,"column":34},"end":{"line":50,"column":49}},"line":50},"6":{"name":"(anonymous_6)","decl":{"start":{"line":50,"column":56},"end":{"line":50,"column":57}},"loc":{"start":{"line":50,"column":62},"end":{"line":50,"column":79}},"line":50},"7":{"name":"(anonymous_7)","decl":{"start":{"line":54,"column":32},"end":{"line":54,"column":33}},"loc":{"start":{"line":54,"column":37},"end":{"line":69,"column":13}},"line":54},"8":{"name":"(anonymous_8)","decl":{"start":{"line":68,"column":25},"end":{"line":68,"column":26}},"loc":{"start":{"line":68,"column":35},"end":{"line":68,"column":50}},"line":68},"9":{"name":"(anonymous_9)","decl":{"start":{"line":68,"column":57},"end":{"line":68,"column":58}},"loc":{"start":{"line":68,"column":63},"end":{"line":68,"column":80}},"line":68}},"branchMap":{"0":{"loc":{"start":{"line":35,"column":28},"end":{"line":35,"column":46}},"type":"default-arg","locations":[{"start":{"line":35,"column":34},"end":{"line":35,"column":46}}],"line":35},"1":{"loc":{"start":{"line":36,"column":4},"end":{"line":78,"column":5}},"type":"switch","locations":[{"start":{"line":37,"column":8},"end":{"line":52,"column":33}},{"start":{"line":53,"column":8},"end":{"line":70,"column":33}},{"start":{"line":71,"column":8},"end":{"line":74,"column":13}},{"start":{"line":76,"column":8},"end":{"line":77,"column":24}}],"line":36}},"s":{"0":3,"1":3,"2":3,"3":3,"4":3,"5":3,"6":0,"7":3,"8":0,"9":3,"10":0,"11":3,"12":3,"13":3,"14":0,"15":0,"16":0,"17":0,"18":0,"19":0,"20":0,"21":0,"22":0,"23":0,"24":0,"25":0,"26":3},"f":{"0":0,"1":0,"2":0,"3":3,"4":0,"5":0,"6":0,"7":0,"8":0,"9":0},"b":{"0":[0],"1":[0,0,0,3]},"_coverageSchema":"1a1c01bbd47fc00a2c39e90264f33305004495a9","hash":"418fbf0bb448f740d86a6f77df76530f1ca12ec9"}
,"D:\\Source Code\\React Native\\NPM\\UserBook\\components\\screens\\AddContact.js": {"path":"D:\\Source Code\\React Native\\NPM\\UserBook\\components\\screens\\AddContact.js","statementMap":{"0":{"start":{"line":11,"column":21},"end":{"line":278,"column":1}},"1":{"start":{"line":12,"column":43},"end":{"line":12,"column":55}},"2":{"start":{"line":13,"column":29},"end":{"line":13,"column":41}},"3":{"start":{"line":14,"column":37},"end":{"line":14,"column":49}},"4":{"start":{"line":15,"column":35},"end":{"line":15,"column":47}},"5":{"start":{"line":16,"column":25},"end":{"line":16,"column":37}},"6":{"start":{"line":17,"column":41},"end":{"line":17,"column":56}},"7":{"start":{"line":18,"column":21},"end":{"line":18,"column":34}},"8":{"start":{"line":21,"column":30},"end":{"line":40,"column":5}},"9":{"start":{"line":22,"column":8},"end":{"line":39,"column":9}},"10":{"start":{"line":23,"column":28},"end":{"line":31,"column":13}},"11":{"start":{"line":32,"column":8},"end":{"line":36,"column":9}},"12":{"start":{"line":33,"column":12},"end":{"line":33,"column":41}},"13":{"start":{"line":35,"column":12},"end":{"line":35,"column":44}},"14":{"start":{"line":38,"column":12},"end":{"line":38,"column":31}},"15":{"start":{"line":43,"column":20},"end":{"line":45,"column":5}},"16":{"start":{"line":44,"column":8},"end":{"line":44,"column":64}},"17":{"start":{"line":48,"column":23},"end":{"line":65,"column":5}},"18":{"start":{"line":50,"column":21},"end":{"line":53,"column":9}},"19":{"start":{"line":54,"column":8},"end":{"line":64,"column":10}},"20":{"start":{"line":55,"column":12},"end":{"line":63,"column":13}},"21":{"start":{"line":56,"column":16},"end":{"line":56,"column":56}},"22":{"start":{"line":57,"column":18},"end":{"line":63,"column":13}},"23":{"start":{"line":58,"column":16},"end":{"line":58,"column":46}},"24":{"start":{"line":60,"column":29},"end":{"line":60,"column":42}},"25":{"start":{"line":61,"column":16},"end":{"line":61,"column":40}},"26":{"start":{"line":62,"column":16},"end":{"line":62,"column":33}},"27":{"start":{"line":68,"column":24},"end":{"line":85,"column":5}},"28":{"start":{"line":70,"column":21},"end":{"line":73,"column":9}},"29":{"start":{"line":74,"column":8},"end":{"line":84,"column":10}},"30":{"start":{"line":75,"column":12},"end":{"line":83,"column":13}},"31":{"start":{"line":76,"column":16},"end":{"line":76,"column":56}},"32":{"start":{"line":77,"column":18},"end":{"line":83,"column":13}},"33":{"start":{"line":78,"column":16},"end":{"line":78,"column":46}},"34":{"start":{"line":80,"column":29},"end":{"line":80,"column":42}},"35":{"start":{"line":81,"column":16},"end":{"line":81,"column":40}},"36":{"start":{"line":82,"column":16},"end":{"line":82,"column":33}},"37":{"start":{"line":86,"column":4},"end":{"line":89,"column":5}},"38":{"start":{"line":91,"column":29},"end":{"line":105,"column":5}},"39":{"start":{"line":92,"column":8},"end":{"line":104,"column":21}},"40":{"start":{"line":93,"column":24},"end":{"line":100,"column":26}},"41":{"start":{"line":102,"column":24},"end":{"line":102,"column":33}},"42":{"start":{"line":103,"column":24},"end":{"line":103,"column":51}},"43":{"start":{"line":107,"column":4},"end":{"line":277,"column":5}},"44":{"start":{"line":110,"column":60},"end":{"line":110,"column":87}},"45":{"start":{"line":118,"column":20},"end":{"line":118,"column":38}},"46":{"start":{"line":127,"column":20},"end":{"line":149,"column":21}},"47":{"start":{"line":132,"column":46},"end":{"line":132,"column":67}},"48":{"start":{"line":137,"column":36},"end":{"line":137,"column":55}},"49":{"start":{"line":138,"column":36},"end":{"line":138,"column":48}},"50":{"start":{"line":145,"column":36},"end":{"line":145,"column":49}},"51":{"start":{"line":213,"column":24},"end":{"line":213,"column":46}},"52":{"start":{"line":214,"column":25},"end":{"line":221,"column":25}},"53":{"start":{"line":215,"column":28},"end":{"line":215,"column":101}},"54":{"start":{"line":216,"column":28},"end":{"line":216,"column":93}},"55":{"start":{"line":219,"column":28},"end":{"line":219,"column":47}},"56":{"start":{"line":220,"column":28},"end":{"line":220,"column":40}},"57":{"start":{"line":231,"column":24},"end":{"line":231,"column":44}},"58":{"start":{"line":232,"column":25},"end":{"line":239,"column":25}},"59":{"start":{"line":233,"column":28},"end":{"line":233,"column":101}},"60":{"start":{"line":234,"column":28},"end":{"line":234,"column":93}},"61":{"start":{"line":237,"column":28},"end":{"line":237,"column":47}},"62":{"start":{"line":238,"column":28},"end":{"line":238,"column":40}},"63":{"start":{"line":266,"column":24},"end":{"line":266,"column":38}},"64":{"start":{"line":267,"column":24},"end":{"line":269,"column":21}},"65":{"start":{"line":268,"column":28},"end":{"line":268,"column":68}},"66":{"start":{"line":280,"column":15},"end":{"line":357,"column":2}}},"fnMap":{"0":{"name":"(anonymous_0)","decl":{"start":{"line":11,"column":21},"end":{"line":11,"column":22}},"loc":{"start":{"line":11,"column":39},"end":{"line":278,"column":1}},"line":11},"1":{"name":"(anonymous_1)","decl":{"start":{"line":21,"column":30},"end":{"line":21,"column":31}},"loc":{"start":{"line":21,"column":40},"end":{"line":40,"column":5}},"line":21},"2":{"name":"(anonymous_2)","decl":{"start":{"line":43,"column":20},"end":{"line":43,"column":21}},"loc":{"start":{"line":43,"column":26},"end":{"line":45,"column":5}},"line":43},"3":{"name":"(anonymous_3)","decl":{"start":{"line":48,"column":23},"end":{"line":48,"column":24}},"loc":{"start":{"line":48,"column":29},"end":{"line":65,"column":5}},"line":48},"4":{"name":"(anonymous_4)","decl":{"start":{"line":54,"column":28},"end":{"line":54,"column":29}},"loc":{"start":{"line":54,"column":35},"end":{"line":64,"column":9}},"line":54},"5":{"name":"(anonymous_5)","decl":{"start":{"line":68,"column":24},"end":{"line":68,"column":25}},"loc":{"start":{"line":68,"column":30},"end":{"line":85,"column":5}},"line":68},"6":{"name":"(anonymous_6)","decl":{"start":{"line":74,"column":34},"end":{"line":74,"column":35}},"loc":{"start":{"line":74,"column":41},"end":{"line":84,"column":9}},"line":74},"7":{"name":"(anonymous_7)","decl":{"start":{"line":91,"column":29},"end":{"line":91,"column":30}},"loc":{"start":{"line":91,"column":34},"end":{"line":105,"column":5}},"line":91},"8":{"name":"(anonymous_8)","decl":{"start":{"line":110,"column":56},"end":{"line":110,"column":57}},"loc":{"start":{"line":110,"column":60},"end":{"line":110,"column":87}},"line":110},"9":{"name":"(anonymous_9)","decl":{"start":{"line":116,"column":25},"end":{"line":116,"column":26}},"loc":{"start":{"line":116,"column":29},"end":{"line":119,"column":17}},"line":116},"10":{"name":"(anonymous_10)","decl":{"start":{"line":126,"column":25},"end":{"line":126,"column":26}},"loc":{"start":{"line":126,"column":29},"end":{"line":150,"column":17}},"line":126},"11":{"name":"(anonymous_11)","decl":{"start":{"line":132,"column":41},"end":{"line":132,"column":42}},"loc":{"start":{"line":132,"column":46},"end":{"line":132,"column":67}},"line":132},"12":{"name":"(anonymous_12)","decl":{"start":{"line":136,"column":41},"end":{"line":136,"column":42}},"loc":{"start":{"line":136,"column":45},"end":{"line":139,"column":33}},"line":136},"13":{"name":"(anonymous_13)","decl":{"start":{"line":143,"column":41},"end":{"line":143,"column":42}},"loc":{"start":{"line":143,"column":45},"end":{"line":146,"column":33}},"line":143},"14":{"name":"(anonymous_14)","decl":{"start":{"line":212,"column":34},"end":{"line":212,"column":35}},"loc":{"start":{"line":212,"column":46},"end":{"line":222,"column":21}},"line":212},"15":{"name":"(anonymous_15)","decl":{"start":{"line":230,"column":34},"end":{"line":230,"column":35}},"loc":{"start":{"line":230,"column":45},"end":{"line":240,"column":21}},"line":230},"16":{"name":"(anonymous_16)","decl":{"start":{"line":265,"column":34},"end":{"line":265,"column":35}},"loc":{"start":{"line":265,"column":44},"end":{"line":270,"column":21}},"line":265}},"branchMap":{"0":{"loc":{"start":{"line":32,"column":8},"end":{"line":36,"column":9}},"type":"if","locations":[{"start":{"line":32,"column":8},"end":{"line":36,"column":9}},{"start":{"line":34,"column":13},"end":{"line":36,"column":9}}],"line":32},"1":{"loc":{"start":{"line":55,"column":12},"end":{"line":63,"column":13}},"type":"if","locations":[{"start":{"line":55,"column":12},"end":{"line":63,"column":13}},{"start":{"line":57,"column":18},"end":{"line":63,"column":13}}],"line":55},"2":{"loc":{"start":{"line":57,"column":18},"end":{"line":63,"column":13}},"type":"if","locations":[{"start":{"line":57,"column":18},"end":{"line":63,"column":13}},{"start":{"line":59,"column":17},"end":{"line":63,"column":13}}],"line":57},"3":{"loc":{"start":{"line":75,"column":12},"end":{"line":83,"column":13}},"type":"if","locations":[{"start":{"line":75,"column":12},"end":{"line":83,"column":13}},{"start":{"line":77,"column":18},"end":{"line":83,"column":13}}],"line":75},"4":{"loc":{"start":{"line":77,"column":18},"end":{"line":83,"column":13}},"type":"if","locations":[{"start":{"line":77,"column":18},"end":{"line":83,"column":13}},{"start":{"line":79,"column":17},"end":{"line":83,"column":13}}],"line":77},"5":{"loc":{"start":{"line":92,"column":8},"end":{"line":104,"column":21}},"type":"if","locations":[{"start":{"line":92,"column":8},"end":{"line":104,"column":21}},{"start":{"line":101,"column":25},"end":{"line":104,"column":21}}],"line":92},"6":{"loc":{"start":{"line":92,"column":11},"end":{"line":92,"column":68}},"type":"binary-expr","locations":[{"start":{"line":92,"column":11},"end":{"line":92,"column":31}},{"start":{"line":92,"column":35},"end":{"line":92,"column":54}},{"start":{"line":92,"column":58},"end":{"line":92,"column":68}}],"line":92},"7":{"loc":{"start":{"line":152,"column":21},"end":{"line":153,"column":81}},"type":"cond-expr","locations":[{"start":{"line":152,"column":45},"end":{"line":152,"column":87}},{"start":{"line":153,"column":20},"end":{"line":153,"column":81}}],"line":152},"8":{"loc":{"start":{"line":214,"column":25},"end":{"line":221,"column":25}},"type":"if","locations":[{"start":{"line":214,"column":25},"end":{"line":221,"column":25}},{"start":{"line":218,"column":29},"end":{"line":221,"column":25}}],"line":214},"9":{"loc":{"start":{"line":232,"column":25},"end":{"line":239,"column":25}},"type":"if","locations":[{"start":{"line":232,"column":25},"end":{"line":239,"column":25}},{"start":{"line":236,"column":29},"end":{"line":239,"column":25}}],"line":232},"10":{"loc":{"start":{"line":267,"column":24},"end":{"line":269,"column":21}},"type":"if","locations":[{"start":{"line":267,"column":24},"end":{"line":269,"column":21}},{"start":{},"end":{}}],"line":267}},"s":{"0":1,"1":1,"2":1,"3":1,"4":1,"5":1,"6":1,"7":1,"8":1,"9":0,"10":0,"11":0,"12":0,"13":0,"14":0,"15":1,"16":0,"17":1,"18":0,"19":0,"20":0,"21":0,"22":0,"23":0,"24":0,"25":0,"26":0,"27":1,"28":0,"29":0,"30":0,"31":0,"32":0,"33":0,"34":0,"35":0,"36":0,"37":1,"38":1,"39":0,"40":0,"41":0,"42":0,"43":1,"44":1,"45":0,"46":0,"47":0,"48":0,"49":0,"50":0,"51":0,"52":0,"53":0,"54":0,"55":0,"56":0,"57":0,"58":0,"59":0,"60":0,"61":0,"62":0,"63":0,"64":0,"65":0,"66":1},"f":{"0":1,"1":0,"2":0,"3":0,"4":0,"5":0,"6":0,"7":0,"8":1,"9":0,"10":0,"11":0,"12":0,"13":0,"14":0,"15":0,"16":0},"b":{"0":[0,0],"1":[0,0],"2":[0,0],"3":[0,0],"4":[0,0],"5":[0,0],"6":[0,0,0],"7":[1,0],"8":[0,0],"9":[0,0],"10":[0,0]},"_coverageSchema":"1a1c01bbd47fc00a2c39e90264f33305004495a9","hash":"f952150a4e7f163ceac349aafb495a2d6ef7798f"}
,"D:\\Source Code\\React Native\\NPM\\UserBook\\components\\screens\\EditContact.js": {"path":"D:\\Source Code\\React Native\\NPM\\UserBook\\components\\screens\\EditContact.js","statementMap":{"0":{"start":{"line":10,"column":20},"end":{"line":257,"column":1}},"1":{"start":{"line":13,"column":17},"end":{"line":13,"column":36}},"2":{"start":{"line":14,"column":24},"end":{"line":14,"column":46}},"3":{"start":{"line":15,"column":23},"end":{"line":15,"column":44}},"4":{"start":{"line":16,"column":18},"end":{"line":16,"column":34}},"5":{"start":{"line":17,"column":20},"end":{"line":17,"column":32}},"6":{"start":{"line":18,"column":20},"end":{"line":18,"column":38}},"7":{"start":{"line":19,"column":29},"end":{"line":19,"column":41}},"8":{"start":{"line":20,"column":43},"end":{"line":20,"column":55}},"9":{"start":{"line":23,"column":21},"end":{"line":23,"column":34}},"10":{"start":{"line":24,"column":37},"end":{"line":24,"column":60}},"11":{"start":{"line":25,"column":35},"end":{"line":25,"column":57}},"12":{"start":{"line":26,"column":25},"end":{"line":26,"column":44}},"13":{"start":{"line":27,"column":41},"end":{"line":27,"column":60}},"14":{"start":{"line":30,"column":24},"end":{"line":32,"column":5}},"15":{"start":{"line":31,"column":8},"end":{"line":31,"column":72}},"16":{"start":{"line":35,"column":23},"end":{"line":52,"column":5}},"17":{"start":{"line":37,"column":21},"end":{"line":40,"column":9}},"18":{"start":{"line":41,"column":8},"end":{"line":51,"column":10}},"19":{"start":{"line":42,"column":12},"end":{"line":50,"column":13}},"20":{"start":{"line":43,"column":16},"end":{"line":43,"column":65}},"21":{"start":{"line":44,"column":18},"end":{"line":50,"column":13}},"22":{"start":{"line":45,"column":16},"end":{"line":45,"column":46}},"23":{"start":{"line":47,"column":29},"end":{"line":47,"column":42}},"24":{"start":{"line":48,"column":16},"end":{"line":48,"column":40}},"25":{"start":{"line":49,"column":16},"end":{"line":49,"column":33}},"26":{"start":{"line":54,"column":24},"end":{"line":71,"column":5}},"27":{"start":{"line":56,"column":21},"end":{"line":59,"column":9}},"28":{"start":{"line":60,"column":8},"end":{"line":70,"column":10}},"29":{"start":{"line":61,"column":12},"end":{"line":69,"column":13}},"30":{"start":{"line":62,"column":16},"end":{"line":62,"column":67}},"31":{"start":{"line":63,"column":18},"end":{"line":69,"column":13}},"32":{"start":{"line":64,"column":16},"end":{"line":64,"column":46}},"33":{"start":{"line":66,"column":29},"end":{"line":66,"column":42}},"34":{"start":{"line":67,"column":16},"end":{"line":67,"column":40}},"35":{"start":{"line":68,"column":16},"end":{"line":68,"column":33}},"36":{"start":{"line":73,"column":26},"end":{"line":87,"column":5}},"37":{"start":{"line":74,"column":8},"end":{"line":86,"column":21}},"38":{"start":{"line":75,"column":24},"end":{"line":82,"column":26}},"39":{"start":{"line":84,"column":24},"end":{"line":84,"column":37}},"40":{"start":{"line":85,"column":24},"end":{"line":85,"column":51}},"41":{"start":{"line":90,"column":4},"end":{"line":256,"column":5}},"42":{"start":{"line":94,"column":20},"end":{"line":94,"column":47}},"43":{"start":{"line":102,"column":20},"end":{"line":102,"column":35}},"44":{"start":{"line":111,"column":21},"end":{"line":128,"column":21}},"45":{"start":{"line":116,"column":46},"end":{"line":116,"column":67}},"46":{"start":{"line":120,"column":45},"end":{"line":120,"column":57}},"47":{"start":{"line":124,"column":45},"end":{"line":124,"column":58}},"48":{"start":{"line":192,"column":24},"end":{"line":192,"column":46}},"49":{"start":{"line":193,"column":25},"end":{"line":200,"column":25}},"50":{"start":{"line":194,"column":28},"end":{"line":194,"column":101}},"51":{"start":{"line":195,"column":28},"end":{"line":195,"column":93}},"52":{"start":{"line":198,"column":28},"end":{"line":198,"column":47}},"53":{"start":{"line":199,"column":28},"end":{"line":199,"column":40}},"54":{"start":{"line":210,"column":24},"end":{"line":210,"column":44}},"55":{"start":{"line":211,"column":25},"end":{"line":218,"column":25}},"56":{"start":{"line":212,"column":28},"end":{"line":212,"column":101}},"57":{"start":{"line":213,"column":28},"end":{"line":213,"column":93}},"58":{"start":{"line":216,"column":28},"end":{"line":216,"column":47}},"59":{"start":{"line":217,"column":28},"end":{"line":217,"column":40}},"60":{"start":{"line":245,"column":24},"end":{"line":245,"column":38}},"61":{"start":{"line":246,"column":24},"end":{"line":248,"column":21}},"62":{"start":{"line":247,"column":28},"end":{"line":247,"column":68}},"63":{"start":{"line":259,"column":15},"end":{"line":336,"column":2}}},"fnMap":{"0":{"name":"(anonymous_0)","decl":{"start":{"line":10,"column":20},"end":{"line":10,"column":21}},"loc":{"start":{"line":10,"column":44},"end":{"line":257,"column":1}},"line":10},"1":{"name":"(anonymous_1)","decl":{"start":{"line":30,"column":24},"end":{"line":30,"column":25}},"loc":{"start":{"line":30,"column":29},"end":{"line":32,"column":5}},"line":30},"2":{"name":"(anonymous_2)","decl":{"start":{"line":35,"column":23},"end":{"line":35,"column":24}},"loc":{"start":{"line":35,"column":29},"end":{"line":52,"column":5}},"line":35},"3":{"name":"(anonymous_3)","decl":{"start":{"line":41,"column":28},"end":{"line":41,"column":29}},"loc":{"start":{"line":41,"column":35},"end":{"line":51,"column":9}},"line":41},"4":{"name":"(anonymous_4)","decl":{"start":{"line":54,"column":24},"end":{"line":54,"column":25}},"loc":{"start":{"line":54,"column":30},"end":{"line":71,"column":5}},"line":54},"5":{"name":"(anonymous_5)","decl":{"start":{"line":60,"column":34},"end":{"line":60,"column":35}},"loc":{"start":{"line":60,"column":41},"end":{"line":70,"column":9}},"line":60},"6":{"name":"(anonymous_6)","decl":{"start":{"line":73,"column":26},"end":{"line":73,"column":27}},"loc":{"start":{"line":73,"column":31},"end":{"line":87,"column":5}},"line":73},"7":{"name":"(anonymous_7)","decl":{"start":{"line":93,"column":56},"end":{"line":93,"column":57}},"loc":{"start":{"line":93,"column":60},"end":{"line":95,"column":17}},"line":93},"8":{"name":"(anonymous_8)","decl":{"start":{"line":101,"column":25},"end":{"line":101,"column":26}},"loc":{"start":{"line":101,"column":29},"end":{"line":103,"column":17}},"line":101},"9":{"name":"(anonymous_9)","decl":{"start":{"line":110,"column":25},"end":{"line":110,"column":26}},"loc":{"start":{"line":110,"column":29},"end":{"line":129,"column":17}},"line":110},"10":{"name":"(anonymous_10)","decl":{"start":{"line":116,"column":41},"end":{"line":116,"column":42}},"loc":{"start":{"line":116,"column":46},"end":{"line":116,"column":67}},"line":116},"11":{"name":"(anonymous_11)","decl":{"start":{"line":120,"column":41},"end":{"line":120,"column":42}},"loc":{"start":{"line":120,"column":45},"end":{"line":120,"column":57}},"line":120},"12":{"name":"(anonymous_12)","decl":{"start":{"line":124,"column":41},"end":{"line":124,"column":42}},"loc":{"start":{"line":124,"column":45},"end":{"line":124,"column":58}},"line":124},"13":{"name":"(anonymous_13)","decl":{"start":{"line":191,"column":34},"end":{"line":191,"column":35}},"loc":{"start":{"line":191,"column":46},"end":{"line":201,"column":21}},"line":191},"14":{"name":"(anonymous_14)","decl":{"start":{"line":209,"column":34},"end":{"line":209,"column":35}},"loc":{"start":{"line":209,"column":45},"end":{"line":219,"column":21}},"line":209},"15":{"name":"(anonymous_15)","decl":{"start":{"line":244,"column":34},"end":{"line":244,"column":35}},"loc":{"start":{"line":244,"column":44},"end":{"line":249,"column":21}},"line":244}},"branchMap":{"0":{"loc":{"start":{"line":42,"column":12},"end":{"line":50,"column":13}},"type":"if","locations":[{"start":{"line":42,"column":12},"end":{"line":50,"column":13}},{"start":{"line":44,"column":18},"end":{"line":50,"column":13}}],"line":42},"1":{"loc":{"start":{"line":44,"column":18},"end":{"line":50,"column":13}},"type":"if","locations":[{"start":{"line":44,"column":18},"end":{"line":50,"column":13}},{"start":{"line":46,"column":17},"end":{"line":50,"column":13}}],"line":44},"2":{"loc":{"start":{"line":61,"column":12},"end":{"line":69,"column":13}},"type":"if","locations":[{"start":{"line":61,"column":12},"end":{"line":69,"column":13}},{"start":{"line":63,"column":18},"end":{"line":69,"column":13}}],"line":61},"3":{"loc":{"start":{"line":63,"column":18},"end":{"line":69,"column":13}},"type":"if","locations":[{"start":{"line":63,"column":18},"end":{"line":69,"column":13}},{"start":{"line":65,"column":17},"end":{"line":69,"column":13}}],"line":63},"4":{"loc":{"start":{"line":74,"column":8},"end":{"line":86,"column":21}},"type":"if","locations":[{"start":{"line":74,"column":8},"end":{"line":86,"column":21}},{"start":{"line":83,"column":25},"end":{"line":86,"column":21}}],"line":74},"5":{"loc":{"start":{"line":74,"column":11},"end":{"line":74,"column":68}},"type":"binary-expr","locations":[{"start":{"line":74,"column":11},"end":{"line":74,"column":31}},{"start":{"line":74,"column":35},"end":{"line":74,"column":54}},{"start":{"line":74,"column":58},"end":{"line":74,"column":68}}],"line":74},"6":{"loc":{"start":{"line":131,"column":21},"end":{"line":132,"column":81}},"type":"cond-expr","locations":[{"start":{"line":131,"column":45},"end":{"line":131,"column":87}},{"start":{"line":132,"column":20},"end":{"line":132,"column":81}}],"line":131},"7":{"loc":{"start":{"line":193,"column":25},"end":{"line":200,"column":25}},"type":"if","locations":[{"start":{"line":193,"column":25},"end":{"line":200,"column":25}},{"start":{"line":197,"column":29},"end":{"line":200,"column":25}}],"line":193},"8":{"loc":{"start":{"line":211,"column":25},"end":{"line":218,"column":25}},"type":"if","locations":[{"start":{"line":211,"column":25},"end":{"line":218,"column":25}},{"start":{"line":215,"column":29},"end":{"line":218,"column":25}}],"line":211},"9":{"loc":{"start":{"line":246,"column":24},"end":{"line":248,"column":21}},"type":"if","locations":[{"start":{"line":246,"column":24},"end":{"line":248,"column":21}},{"start":{},"end":{}}],"line":246}},"s":{"0":1,"1":1,"2":1,"3":1,"4":1,"5":1,"6":1,"7":1,"8":1,"9":1,"10":1,"11":1,"12":1,"13":1,"14":1,"15":0,"16":1,"17":0,"18":0,"19":0,"20":0,"21":0,"22":0,"23":0,"24":0,"25":0,"26":1,"27":0,"28":0,"29":0,"30":0,"31":0,"32":0,"33":0,"34":0,"35":0,"36":1,"37":0,"38":0,"39":0,"40":0,"41":1,"42":1,"43":0,"44":0,"45":0,"46":0,"47":0,"48":0,"49":0,"50":0,"51":0,"52":0,"53":0,"54":0,"55":0,"56":0,"57":0,"58":0,"59":0,"60":0,"61":0,"62":0,"63":1},"f":{"0":1,"1":0,"2":0,"3":0,"4":0,"5":0,"6":0,"7":1,"8":0,"9":0,"10":0,"11":0,"12":0,"13":0,"14":0,"15":0},"b":{"0":[0,0],"1":[0,0],"2":[0,0],"3":[0,0],"4":[0,0],"5":[0,0,0],"6":[0,1],"7":[0,0],"8":[0,0],"9":[0,0]},"_coverageSchema":"1a1c01bbd47fc00a2c39e90264f33305004495a9","hash":"bb5c818ae0fd20e682c5d1539985307b6fc081dc"}
,"D:\\Source Code\\React Native\\NPM\\UserBook\\components\\screens\\Home.js": {"path":"D:\\Source Code\\React Native\\NPM\\UserBook\\components\\screens\\Home.js","statementMap":{"0":{"start":{"line":10,"column":13},"end":{"line":161,"column":1}},"1":{"start":{"line":11,"column":31},"end":{"line":11,"column":43}},"2":{"start":{"line":12,"column":31},"end":{"line":12,"column":43}},"3":{"start":{"line":13,"column":43},"end":{"line":13,"column":55}},"4":{"start":{"line":14,"column":20},"end":{"line":14,"column":49}},"5":{"start":{"line":14,"column":39},"end":{"line":14,"column":48}},"6":{"start":{"line":15,"column":4},"end":{"line":15,"column":28}},"7":{"start":{"line":17,"column":20},"end":{"line":39,"column":5}},"8":{"start":{"line":18,"column":8},"end":{"line":37,"column":10}},"9":{"start":{"line":19,"column":26},"end":{"line":19,"column":41}},"10":{"start":{"line":21,"column":12},"end":{"line":21,"column":32}},"11":{"start":{"line":22,"column":12},"end":{"line":22,"column":38}},"12":{"start":{"line":25,"column":12},"end":{"line":36,"column":14}},"13":{"start":{"line":34,"column":20},"end":{"line":34,"column":39}},"14":{"start":{"line":38,"column":8},"end":{"line":38,"column":21}},"15":{"start":{"line":41,"column":24},"end":{"line":46,"column":5}},"16":{"start":{"line":42,"column":8},"end":{"line":45,"column":12}},"17":{"start":{"line":43,"column":8},"end":{"line":43,"column":23}},"18":{"start":{"line":44,"column":8},"end":{"line":44,"column":28}},"19":{"start":{"line":48,"column":26},"end":{"line":51,"column":5}},"20":{"start":{"line":49,"column":25},"end":{"line":49,"column":38}},"21":{"start":{"line":50,"column":8},"end":{"line":50,"column":25}},"22":{"start":{"line":53,"column":4},"end":{"line":60,"column":19}},"23":{"start":{"line":54,"column":8},"end":{"line":54,"column":42}},"24":{"start":{"line":55,"column":8},"end":{"line":55,"column":23}},"25":{"start":{"line":56,"column":28},"end":{"line":58,"column":10}},"26":{"start":{"line":57,"column":12},"end":{"line":57,"column":46}},"27":{"start":{"line":59,"column":8},"end":{"line":59,"column":26}},"28":{"start":{"line":64,"column":26},"end":{"line":82,"column":5}},"29":{"start":{"line":65,"column":8},"end":{"line":81,"column":10}},"30":{"start":{"line":67,"column":8},"end":{"line":80,"column":13}},"31":{"start":{"line":68,"column":12},"end":{"line":79,"column":18}},"32":{"start":{"line":77,"column":20},"end":{"line":77,"column":39}},"33":{"start":{"line":84,"column":25},"end":{"line":98,"column":5}},"34":{"start":{"line":85,"column":8},"end":{"line":96,"column":9}},"35":{"start":{"line":86,"column":28},"end":{"line":90,"column":14}},"36":{"start":{"line":87,"column":33},"end":{"line":87,"column":97}},"37":{"start":{"line":88,"column":33},"end":{"line":88,"column":51}},"38":{"start":{"line":89,"column":16},"end":{"line":89,"column":54}},"39":{"start":{"line":91,"column":12},"end":{"line":91,"column":36}},"40":{"start":{"line":92,"column":12},"end":{"line":92,"column":27}},"41":{"start":{"line":94,"column":12},"end":{"line":94,"column":35}},"42":{"start":{"line":95,"column":12},"end":{"line":95,"column":27}},"43":{"start":{"line":97,"column":8},"end":{"line":97,"column":19}},"44":{"start":{"line":100,"column":4},"end":{"line":105,"column":5}},"45":{"start":{"line":107,"column":4},"end":{"line":107,"column":19}},"46":{"start":{"line":109,"column":4},"end":{"line":160,"column":5}},"47":{"start":{"line":116,"column":38},"end":{"line":116,"column":54}},"48":{"start":{"line":116,"column":91},"end":{"line":116,"column":109}},"49":{"start":{"line":122,"column":51},"end":{"line":122,"column":89}},"50":{"start":{"line":123,"column":48},"end":{"line":123,"column":50}},"51":{"start":{"line":125,"column":24},"end":{"line":144,"column":25}},"52":{"start":{"line":129,"column":40},"end":{"line":134,"column":62}},"53":{"start":{"line":151,"column":20},"end":{"line":151,"column":42}},"54":{"start":{"line":152,"column":20},"end":{"line":152,"column":53}},"55":{"start":{"line":163,"column":15},"end":{"line":228,"column":2}}},"fnMap":{"0":{"name":"(anonymous_0)","decl":{"start":{"line":10,"column":13},"end":{"line":10,"column":14}},"loc":{"start":{"line":10,"column":31},"end":{"line":161,"column":1}},"line":10},"1":{"name":"(anonymous_1)","decl":{"start":{"line":14,"column":32},"end":{"line":14,"column":33}},"loc":{"start":{"line":14,"column":39},"end":{"line":14,"column":48}},"line":14},"2":{"name":"(anonymous_2)","decl":{"start":{"line":17,"column":20},"end":{"line":17,"column":21}},"loc":{"start":{"line":17,"column":26},"end":{"line":39,"column":5}},"line":17},"3":{"name":"(anonymous_3)","decl":{"start":{"line":19,"column":14},"end":{"line":19,"column":15}},"loc":{"start":{"line":19,"column":26},"end":{"line":19,"column":41}},"line":19},"4":{"name":"(anonymous_4)","decl":{"start":{"line":20,"column":14},"end":{"line":20,"column":15}},"loc":{"start":{"line":20,"column":22},"end":{"line":23,"column":9}},"line":20},"5":{"name":"(anonymous_5)","decl":{"start":{"line":24,"column":15},"end":{"line":24,"column":16}},"loc":{"start":{"line":24,"column":24},"end":{"line":37,"column":9}},"line":24},"6":{"name":"(anonymous_6)","decl":{"start":{"line":33,"column":24},"end":{"line":33,"column":25}},"loc":{"start":{"line":33,"column":28},"end":{"line":35,"column":17}},"line":33},"7":{"name":"(anonymous_7)","decl":{"start":{"line":41,"column":24},"end":{"line":41,"column":25}},"loc":{"start":{"line":41,"column":30},"end":{"line":46,"column":5}},"line":41},"8":{"name":"(anonymous_8)","decl":{"start":{"line":42,"column":20},"end":{"line":42,"column":21}},"loc":{"start":{"line":42,"column":24},"end":{"line":45,"column":5}},"line":42},"9":{"name":"(anonymous_9)","decl":{"start":{"line":48,"column":26},"end":{"line":48,"column":27}},"loc":{"start":{"line":48,"column":32},"end":{"line":51,"column":5}},"line":48},"10":{"name":"(anonymous_10)","decl":{"start":{"line":53,"column":14},"end":{"line":53,"column":15}},"loc":{"start":{"line":53,"column":18},"end":{"line":60,"column":5}},"line":53},"11":{"name":"(anonymous_11)","decl":{"start":{"line":56,"column":59},"end":{"line":56,"column":60}},"loc":{"start":{"line":56,"column":63},"end":{"line":58,"column":9}},"line":56},"12":{"name":"(anonymous_12)","decl":{"start":{"line":64,"column":26},"end":{"line":64,"column":27}},"loc":{"start":{"line":64,"column":31},"end":{"line":82,"column":5}},"line":64},"13":{"name":"(anonymous_13)","decl":{"start":{"line":65,"column":80},"end":{"line":65,"column":81}},"loc":{"start":{"line":65,"column":94},"end":{"line":81,"column":9}},"line":65},"14":{"name":"(anonymous_14)","decl":{"start":{"line":76,"column":25},"end":{"line":76,"column":26}},"loc":{"start":{"line":76,"column":31},"end":{"line":78,"column":21}},"line":76},"15":{"name":"(anonymous_15)","decl":{"start":{"line":84,"column":25},"end":{"line":84,"column":26}},"loc":{"start":{"line":84,"column":35},"end":{"line":98,"column":5}},"line":84},"16":{"name":"(anonymous_16)","decl":{"start":{"line":86,"column":42},"end":{"line":86,"column":43}},"loc":{"start":{"line":86,"column":50},"end":{"line":90,"column":13}},"line":86},"17":{"name":"(anonymous_17)","decl":{"start":{"line":116,"column":34},"end":{"line":116,"column":35}},"loc":{"start":{"line":116,"column":38},"end":{"line":116,"column":54}},"line":116},"18":{"name":"(anonymous_18)","decl":{"start":{"line":116,"column":83},"end":{"line":116,"column":84}},"loc":{"start":{"line":116,"column":91},"end":{"line":116,"column":109}},"line":116},"19":{"name":"(anonymous_19)","decl":{"start":{"line":122,"column":44},"end":{"line":122,"column":45}},"loc":{"start":{"line":122,"column":51},"end":{"line":122,"column":89}},"line":122},"20":{"name":"(anonymous_20)","decl":{"start":{"line":123,"column":34},"end":{"line":123,"column":35}},"loc":{"start":{"line":123,"column":48},"end":{"line":123,"column":50}},"line":123},"21":{"name":"(anonymous_21)","decl":{"start":{"line":124,"column":32},"end":{"line":124,"column":33}},"loc":{"start":{"line":124,"column":42},"end":{"line":145,"column":21}},"line":124},"22":{"name":"(anonymous_22)","decl":{"start":{"line":128,"column":83},"end":{"line":128,"column":84}},"loc":{"start":{"line":128,"column":87},"end":{"line":135,"column":37}},"line":128},"23":{"name":"(anonymous_23)","decl":{"start":{"line":150,"column":25},"end":{"line":150,"column":26}},"loc":{"start":{"line":150,"column":29},"end":{"line":153,"column":17}},"line":150}},"branchMap":{"0":{"loc":{"start":{"line":67,"column":8},"end":{"line":80,"column":13}},"type":"if","locations":[{"start":{"line":67,"column":8},"end":{"line":80,"column":13}},{"start":{},"end":{}}],"line":67},"1":{"loc":{"start":{"line":85,"column":8},"end":{"line":96,"column":9}},"type":"if","locations":[{"start":{"line":85,"column":8},"end":{"line":96,"column":9}},{"start":{"line":93,"column":13},"end":{"line":96,"column":9}}],"line":85},"2":{"loc":{"start":{"line":87,"column":33},"end":{"line":87,"column":97}},"type":"cond-expr","locations":[{"start":{"line":87,"column":50},"end":{"line":87,"column":78}},{"start":{"line":87,"column":81},"end":{"line":87,"column":97}}],"line":87},"3":{"loc":{"start":{"line":137,"column":41},"end":{"line":138,"column":105}},"type":"cond-expr","locations":[{"start":{"line":137,"column":63},"end":{"line":137,"column":109}},{"start":{"line":138,"column":40},"end":{"line":138,"column":105}}],"line":137}},"s":{"0":1,"1":1,"2":1,"3":1,"4":1,"5":1,"6":1,"7":1,"8":0,"9":0,"10":0,"11":0,"12":0,"13":0,"14":0,"15":1,"16":3,"17":0,"18":0,"19":1,"20":2,"21":2,"22":1,"23":0,"24":0,"25":0,"26":0,"27":0,"28":1,"29":0,"30":0,"31":0,"32":0,"33":1,"34":0,"35":0,"36":0,"37":0,"38":0,"39":0,"40":0,"41":0,"42":0,"43":0,"44":1,"45":1,"46":1,"47":0,"48":0,"49":0,"50":0,"51":0,"52":0,"53":1,"54":1,"55":1},"f":{"0":1,"1":1,"2":0,"3":0,"4":0,"5":0,"6":0,"7":3,"8":0,"9":2,"10":0,"11":0,"12":0,"13":0,"14":0,"15":0,"16":0,"17":0,"18":0,"19":0,"20":0,"21":0,"22":0,"23":1},"b":{"0":[0,0],"1":[0,0],"2":[0,0],"3":[0,0]},"_coverageSchema":"1a1c01bbd47fc00a2c39e90264f33305004495a9","hash":"65cde962968b73a04829eb878b60cd1dc38ba49a"}
,"D:\\Source Code\\React Native\\NPM\\UserBook\\components\\screens\\SearchBar.js": {"path":"D:\\Source Code\\React Native\\NPM\\UserBook\\components\\screens\\SearchBar.js","statementMap":{"0":{"start":{"line":5,"column":27},"end":{"line":32,"column":1}},"1":{"start":{"line":6,"column":4},"end":{"line":31,"column":5}},"2":{"start":{"line":34,"column":15},"end":{"line":51,"column":2}}},"fnMap":{"0":{"name":"(anonymous_0)","decl":{"start":{"line":5,"column":27},"end":{"line":5,"column":28}},"loc":{"start":{"line":5,"column":70},"end":{"line":32,"column":1}},"line":5}},"branchMap":{},"s":{"0":1,"1":1,"2":1},"f":{"0":1},"b":{},"_coverageSchema":"1a1c01bbd47fc00a2c39e90264f33305004495a9","hash":"fecfe7e4c8b5ffb8d94bec0b382d4e80f97f5ebd"}
}
