TN:
SF:components\redux\redux.js
FN:9,(anonymous_0)
FN:17,(anonymous_1)
FN:26,(anonymous_2)
FN:35,(anonymous_3)
FN:38,(anonymous_4)
FN:50,(anonymous_5)
FN:50,(anonymous_6)
FN:54,(anonymous_7)
FN:68,(anonymous_8)
FN:68,(anonymous_9)
FNF:10
FNH:1
FNDA:0,(anonymous_0)
FNDA:0,(anonymous_1)
FNDA:0,(anonymous_2)
FNDA:3,(anonymous_3)
FNDA:0,(anonymous_4)
FNDA:0,(anonymous_5)
FNDA:0,(anonymous_6)
FNDA:0,(anonymous_7)
FNDA:0,(anonymous_8)
FNDA:0,(anonymous_9)
DA:1,3
DA:2,3
DA:3,3
DA:4,3
DA:6,3
DA:9,3
DA:17,3
DA:26,3
DA:31,3
DA:35,3
DA:36,3
DA:38,0
DA:39,0
DA:50,0
DA:52,0
DA:54,0
DA:55,0
DA:57,0
DA:68,0
DA:70,0
DA:72,0
DA:77,3
LF:22
LH:12
BRDA:35,0,0,0
BRDA:36,1,0,0
BRDA:36,1,1,0
BRDA:36,1,2,0
BRDA:36,1,3,3
BRF:5
BRH:1
end_of_record
TN:
SF:components\screens\AddContact.js
FN:11,(anonymous_0)
FN:21,(anonymous_1)
FN:43,(anonymous_2)
FN:48,(anonymous_3)
FN:54,(anonymous_4)
FN:68,(anonymous_5)
FN:74,(anonymous_6)
FN:91,(anonymous_7)
FN:110,(anonymous_8)
FN:116,(anonymous_9)
FN:126,(anonymous_10)
FN:132,(anonymous_11)
FN:136,(anonymous_12)
FN:143,(anonymous_13)
FN:212,(anonymous_14)
FN:230,(anonymous_15)
FN:265,(anonymous_16)
FNF:17
FNH:2
FNDA:1,(anonymous_0)
FNDA:0,(anonymous_1)
FNDA:0,(anonymous_2)
FNDA:0,(anonymous_3)
FNDA:0,(anonymous_4)
FNDA:0,(anonymous_5)
FNDA:0,(anonymous_6)
FNDA:0,(anonymous_7)
FNDA:1,(anonymous_8)
FNDA:0,(anonymous_9)
FNDA:0,(anonymous_10)
FNDA:0,(anonymous_11)
FNDA:0,(anonymous_12)
FNDA:0,(anonymous_13)
FNDA:0,(anonymous_14)
FNDA:0,(anonymous_15)
FNDA:0,(anonymous_16)
DA:11,1
DA:12,1
DA:13,1
DA:14,1
DA:15,1
DA:16,1
DA:17,1
DA:18,1
DA:21,1
DA:22,0
DA:23,0
DA:32,0
DA:33,0
DA:35,0
DA:38,0
DA:43,1
DA:44,0
DA:48,1
DA:50,0
DA:54,0
DA:55,0
DA:56,0
DA:57,0
DA:58,0
DA:60,0
DA:61,0
DA:62,0
DA:68,1
DA:70,0
DA:74,0
DA:75,0
DA:76,0
DA:77,0
DA:78,0
DA:80,0
DA:81,0
DA:82,0
DA:86,1
DA:91,1
DA:92,0
DA:93,0
DA:102,0
DA:103,0
DA:107,1
DA:110,1
DA:118,0
DA:127,0
DA:132,0
DA:137,0
DA:138,0
DA:145,0
DA:213,0
DA:214,0
DA:215,0
DA:216,0
DA:219,0
DA:220,0
DA:231,0
DA:232,0
DA:233,0
DA:234,0
DA:237,0
DA:238,0
DA:266,0
DA:267,0
DA:268,0
DA:280,1
LF:67
LH:17
BRDA:32,0,0,0
BRDA:32,0,1,0
BRDA:55,1,0,0
BRDA:55,1,1,0
BRDA:57,2,0,0
BRDA:57,2,1,0
BRDA:75,3,0,0
BRDA:75,3,1,0
BRDA:77,4,0,0
BRDA:77,4,1,0
BRDA:92,5,0,0
BRDA:92,5,1,0
BRDA:92,6,0,0
BRDA:92,6,1,0
BRDA:92,6,2,0
BRDA:152,7,0,1
BRDA:152,7,1,0
BRDA:214,8,0,0
BRDA:214,8,1,0
BRDA:232,9,0,0
BRDA:232,9,1,0
BRDA:267,10,0,0
BRDA:267,10,1,0
BRF:23
BRH:1
end_of_record
TN:
SF:components\screens\EditContact.js
FN:10,(anonymous_0)
FN:30,(anonymous_1)
FN:35,(anonymous_2)
FN:41,(anonymous_3)
FN:54,(anonymous_4)
FN:60,(anonymous_5)
FN:73,(anonymous_6)
FN:93,(anonymous_7)
FN:101,(anonymous_8)
FN:110,(anonymous_9)
FN:116,(anonymous_10)
FN:120,(anonymous_11)
FN:124,(anonymous_12)
FN:191,(anonymous_13)
FN:209,(anonymous_14)
FN:244,(anonymous_15)
FNF:16
FNH:2
FNDA:1,(anonymous_0)
FNDA:0,(anonymous_1)
FNDA:0,(anonymous_2)
FNDA:0,(anonymous_3)
FNDA:0,(anonymous_4)
FNDA:0,(anonymous_5)
FNDA:0,(anonymous_6)
FNDA:1,(anonymous_7)
FNDA:0,(anonymous_8)
FNDA:0,(anonymous_9)
FNDA:0,(anonymous_10)
FNDA:0,(anonymous_11)
FNDA:0,(anonymous_12)
FNDA:0,(anonymous_13)
FNDA:0,(anonymous_14)
FNDA:0,(anonymous_15)
DA:10,1
DA:13,1
DA:14,1
DA:15,1
DA:16,1
DA:17,1
DA:18,1
DA:19,1
DA:20,1
DA:23,1
DA:24,1
DA:25,1
DA:26,1
DA:27,1
DA:30,1
DA:31,0
DA:35,1
DA:37,0
DA:41,0
DA:42,0
DA:43,0
DA:44,0
DA:45,0
DA:47,0
DA:48,0
DA:49,0
DA:54,1
DA:56,0
DA:60,0
DA:61,0
DA:62,0
DA:63,0
DA:64,0
DA:66,0
DA:67,0
DA:68,0
DA:73,1
DA:74,0
DA:75,0
DA:84,0
DA:85,0
DA:90,1
DA:94,1
DA:102,0
DA:111,0
DA:116,0
DA:120,0
DA:124,0
DA:192,0
DA:193,0
DA:194,0
DA:195,0
DA:198,0
DA:199,0
DA:210,0
DA:211,0
DA:212,0
DA:213,0
DA:216,0
DA:217,0
DA:245,0
DA:246,0
DA:247,0
DA:259,1
LF:64
LH:21
BRDA:42,0,0,0
BRDA:42,0,1,0
BRDA:44,1,0,0
BRDA:44,1,1,0
BRDA:61,2,0,0
BRDA:61,2,1,0
BRDA:63,3,0,0
BRDA:63,3,1,0
BRDA:74,4,0,0
BRDA:74,4,1,0
BRDA:74,5,0,0
BRDA:74,5,1,0
BRDA:74,5,2,0
BRDA:131,6,0,0
BRDA:131,6,1,1
BRDA:193,7,0,0
BRDA:193,7,1,0
BRDA:211,8,0,0
BRDA:211,8,1,0
BRDA:246,9,0,0
BRDA:246,9,1,0
BRF:21
BRH:1
end_of_record
TN:
SF:components\screens\Home.js
FN:10,(anonymous_0)
FN:14,(anonymous_1)
FN:17,(anonymous_2)
FN:19,(anonymous_3)
FN:20,(anonymous_4)
FN:24,(anonymous_5)
FN:33,(anonymous_6)
FN:41,(anonymous_7)
FN:42,(anonymous_8)
FN:48,(anonymous_9)
FN:53,(anonymous_10)
FN:56,(anonymous_11)
FN:64,(anonymous_12)
FN:65,(anonymous_13)
FN:76,(anonymous_14)
FN:84,(anonymous_15)
FN:86,(anonymous_16)
FN:116,(anonymous_17)
FN:116,(anonymous_18)
FN:122,(anonymous_19)
FN:123,(anonymous_20)
FN:124,(anonymous_21)
FN:128,(anonymous_22)
FN:150,(anonymous_23)
FNF:24
FNH:5
FNDA:1,(anonymous_0)
FNDA:1,(anonymous_1)
FNDA:0,(anonymous_2)
FNDA:0,(anonymous_3)
FNDA:0,(anonymous_4)
FNDA:0,(anonymous_5)
FNDA:0,(anonymous_6)
FNDA:3,(anonymous_7)
FNDA:0,(anonymous_8)
FNDA:2,(anonymous_9)
FNDA:0,(anonymous_10)
FNDA:0,(anonymous_11)
FNDA:0,(anonymous_12)
FNDA:0,(anonymous_13)
FNDA:0,(anonymous_14)
FNDA:0,(anonymous_15)
FNDA:0,(anonymous_16)
FNDA:0,(anonymous_17)
FNDA:0,(anonymous_18)
FNDA:0,(anonymous_19)
FNDA:0,(anonymous_20)
FNDA:0,(anonymous_21)
FNDA:0,(anonymous_22)
FNDA:1,(anonymous_23)
DA:10,1
DA:11,1
DA:12,1
DA:13,1
DA:14,1
DA:15,1
DA:17,1
DA:18,0
DA:19,0
DA:21,0
DA:22,0
DA:25,0
DA:34,0
DA:38,0
DA:41,1
DA:42,3
DA:43,0
DA:44,0
DA:48,1
DA:49,2
DA:50,2
DA:53,1
DA:54,0
DA:55,0
DA:56,0
DA:57,0
DA:59,0
DA:64,1
DA:65,0
DA:67,0
DA:68,0
DA:77,0
DA:84,1
DA:85,0
DA:86,0
DA:87,0
DA:88,0
DA:89,0
DA:91,0
DA:92,0
DA:94,0
DA:95,0
DA:97,0
DA:100,1
DA:107,1
DA:109,1
DA:116,0
DA:122,0
DA:123,0
DA:125,0
DA:129,0
DA:151,1
DA:152,1
DA:163,1
LF:54
LH:21
BRDA:67,0,0,0
BRDA:67,0,1,0
BRDA:85,1,0,0
BRDA:85,1,1,0
BRDA:87,2,0,0
BRDA:87,2,1,0
BRDA:137,3,0,0
BRDA:137,3,1,0
BRF:8
BRH:0
end_of_record
TN:
SF:components\screens\SearchBar.js
FN:5,(anonymous_0)
FNF:1
FNH:1
FNDA:1,(anonymous_0)
DA:5,1
DA:6,1
DA:34,1
LF:3
LH:3
BRF:0
BRH:0
end_of_record
